        0.0000000000         0.0000000000         2.5000000000         1.5089625874
        0.0050000000         0.2556199030         2.8060085406         1.5127823289
        0.0100000000         0.5012591900         2.9175425046         1.5140555760
        0.0150000000         0.7273269355         3.0230037008         1.5089625874
        0.0200000000         0.9249963804         3.1182822793         1.5089625874
        0.0250000000         1.0865495698         3.1987943149         1.5115090817
        0.0300000000         1.2056786993         3.2599299063         1.5127823289
        0.0350000000         1.2777324016         3.2977086791         1.6477465286
        0.0400000000         1.2998973575         3.3094584122         1.6642987418
        0.0450000000         1.2713081418         3.2943146233         1.6426535399
        0.0500000000         1.1930810134         3.2533885579         1.7356005831
        0.0550000000         1.0682703312         3.1895517901         1.6846706964
        0.0600000000         0.9017492976         3.1069038043         1.6821242021
        0.0650000000         0.7000196851         3.0100847930         1.7139553813
        0.0700000000         0.4709579767         2.9036374013         1.6999496625
        0.0750000000         0.2235078304         2.7915946748         1.7177751228
        0.0800000000        -0.0326691241         2.5000000000         1.6935834266
        0.0850000000        -0.2875705206         2.1028464441         1.6910369323
        0.0900000000        -0.5312437972         1.9788837183         1.6706649776
        0.0950000000        -0.7541747907         1.8707464479         1.6388337984
        0.1000000000        -0.9476592156         1.7778590293         1.6070026192
        0.1050000000        -1.1041425203         1.7015521439         1.5738981929
        0.1100000000        -1.2175148528         1.6447757564         1.5267880477
        0.1150000000        -1.2833496182         1.6109984188         1.4325677573
        0.1200000000        -1.2990763144         1.6028271840         1.3994633310
        0.1250000000        -1.2640808965         1.6209543053         1.3892773536
        0.1300000000        -1.1797297519         1.6638765187         1.3536264329
        0.1350000000        -1.0493163502         1.7285041870         1.3408939613
        0.1400000000        -0.8779326506         1.8114050779         1.3396207141
        0.1450000000        -0.6722702872         1.9101508904         1.3281614896
        0.1500000000        -0.4403592963         2.0241594856         1.3217952537
        0.1550000000        -0.1912545854         2.1545856884         1.3345277254
        0.1600000000         0.0653176136         2.5000000000         1.3294347368
        0.1650000000         0.3193395026         2.8347070617         1.3459869499
        0.1700000000         0.5608928594         2.9450536679         1.3625391631
        0.1750000000         0.7805462929         3.0483418659         1.4032830725
        0.1800000000         0.9697234891         3.1403154016         1.4262015215
        0.1850000000         1.1210380708         3.2163304739         1.4631256893
        0.1900000000         1.2285819977         3.2718704761         1.4936836213
        0.1950000000         1.2881562437         3.3032267251         1.5471600024
        0.2000000000         1.2974347470         3.3081499228         1.6566592588
        0.2050000000         1.2560552307         3.2862766556         1.6184618437
        0.2100000000         1.1656333478         3.2392002329         1.6935834266
        0.2150000000         1.0296995985         3.1701640080         1.6795777078
        0.2200000000         0.8535614825         3.0834715110         1.6833974493
        0.2250000000         0.6440962690         2.9837922427         1.6910369323
        0.2300000000         0.4094824756         2.8755665971         1.6859439436
        0.2350000000         0.1588805399         2.7626702668         1.7012229096
        0.2400000000        -0.0979248472         2.5000000000         1.6732114719
        0.2450000000        -0.3509067828         2.0697765914         1.6770312134
        0.2500000000        -0.5901876497         1.9499732766         1.6502930229
        0.2550000000        -0.8064247854         1.8456930005         1.6133688551
        0.2600000000        -0.9911752643         1.7568135298         1.5891771589
        0.2650000000        -1.1372255496         1.6851433590         1.5471600024
        0.2700000000        -1.2388731440         1.6338901486         1.5140555760
        0.2750000000        -1.2921492421         1.6064314696         1.4172887913
        0.2800000000        -1.2949736919         1.6049628396         1.3816378706
        0.2850000000        -1.2472362134         1.6296093204         1.3854576121
        0.2900000000        -1.1508007047         1.6783747946         1.3268882424
        0.2950000000        -1.0094324665         1.7479501004         1.3536264329
        0.3000000000        -0.8286511867         1.8350403147         1.3243417481
        0.3050000000        -0.6155154257         1.9376383400         1.3383474669
        0.3100000000        -0.3783470169         2.0556566895         1.3154290179
        0.3150000000        -0.1264061421         2.1905440060         1.3383474669
        0.3200000000         0.1304702293         2.7499856149         1.3281614896
        0.3250000000         0.3822524228         2.8631884471         1.3574461744
        0.3300000000         0.6191096648         2.9721128361         1.3892773536
        0.3350000000         0.8317939226         3.0729523928         1.4211085328
        0.3400000000         1.0120009920         3.1613186823         1.4529397120
        0.3450000000         1.1526947324         3.2325419117         1.4834976440
        0.3500000000         1.2483817914         3.2822437029         1.5178753175
        0.3550000000         1.2953260913         3.3070301131         1.5980898891
        0.3600000000         1.2916947037         3.3051029638         1.6413802928
        0.3650000000         1.2376294150         3.2766045943         1.6477465286
        0.3700000000         1.1352411913         3.2235901010         1.6974031681
        0.3750000000         0.9885277553         3.1496356285         1.6719382248
        0.3800000000         0.8032174970         3.0592029065         1.6872171908
        0.3850000000         0.5865458098         2.9569515184         1.6821242021
        0.3900000000         0.3469725861         2.8471976224         1.6986764153
        0.3950000000         0.0938519034         2.5000000000         1.6948566738
        0.4000000000        -0.1629332036         2.1701711273         1.6770312134
        0.4050000000        -0.4133566240         2.0378078290         1.6630254946
        0.4100000000        -0.6476406369         1.9220561973         1.6299210682
        0.4150000000        -0.8566376810         1.8216224687         1.6006363834
        0.4200000000        -1.0321875182         1.7368705058         1.5586192269
        0.4250000000        -1.1674358485         1.6700505290         1.5267880477
        0.4300000000        -1.2571019341         1.6245455586         1.4834976440
        0.4350000000        -1.2976847849         1.6035518784         1.3689053989
        0.4400000000        -1.2875998534         1.6087941897         1.4160155441
        0.4450000000        -1.2272409034         1.6398269788         1.3268882424
        0.4500000000        -1.1189646351         1.6942151968         1.3612659159
        0.4550000000        -0.9669986687         1.7685188003         1.3243417481
        0.4600000000        -0.7772764780         1.8596654394         1.3370742198
        0.4650000000        -0.5572057189         1.9661119595         1.3179755122
        0.4700000000        -0.3153790000         2.0882408125         1.3345277254
        0.4750000000        -0.0612383859         2.5000000000         1.3256149953
        0.4800000000         0.1952932659         2.7789541397         1.3408939613
        0.4850000000         0.4441997403         2.8913968644         1.3536264329
        0.4900000000         0.6757625454         2.9986536870         1.3930970951
        0.4950000000         0.8809403687         3.0967600008         1.4185620385
        0.5000000000         1.0517220927         3.1812148573         1.4580327007
        0.5050000000         1.1814395871         3.2473602136         1.4898638798
        0.5100000000         1.2650280643         3.2910016821         1.5547994854
        0.5150000000         1.2992238329         3.3091004639         1.6337408098
        0.5200000000         1.2826917275         3.3003322940         1.6133688551
        0.5250000000         1.2160772401         3.2653434291         1.6833974493
        0.5300000000         1.1019813169         3.2066248548         1.6642987418
        0.5350000000         0.9448588051         3.1280435124         1.6897636851
        0.5400000000         0.7508445144         3.0341739270         1.6795777078
        0.5450000000         0.5275136850         2.9296301169         1.7012229096
        0.5500000000         0.2835862138         2.8185873796         1.6872171908
        0.5550000000         0.0285861889         2.5000000000         1.6986764153
        0.5600000000        -0.2275299767         2.1348780940         1.6719382248
        0.5650000000        -0.4747622905         2.0069080743         1.6655719889
        0.5700000000        -0.7034576278         1.8951180534         1.6184618437
        0.5750000000        -0.9046866356         1.7985532356         1.5980898891
        0.5800000000        -1.0705923769         1.7180780026         1.5598924740
        0.5850000000        -1.1946971031         1.6563334818         1.5280612949
        0.5900000000        -1.2721551756         1.6167897592         1.4873173855
        0.5950000000        -1.2999422632         1.6023760395         1.3650856574
        0.6000000000        -1.2769734259         1.6142995950         1.4083760611
        0.6050000000        -1.2041454763         1.6515563896         1.3256149953
        0.6100000000        -1.0843019637         1.7113381458         1.3625391631
        0.6150000000        -0.9221221484         1.7901656503         1.3128825236
        0.6200000000        -0.7239383014         1.8852669822         1.3472601971
        0.6250000000        -0.4974884621         1.9955900436         1.3256149953
        0.6300000000        -0.2516143085         2.1219442551         1.3243417481
        0.6350000000         0.0040840637         2.5000000000         1.3370742198
        0.6400000000         0.2596229747         2.8078075354         1.3281614896
        0.6450000000         0.5050249706         2.9192739775         1.3625391631
        0.6500000000         0.7307083912         3.0246072534         1.3918238480
        0.6550000000         0.9278614830         3.1196880509         1.4274747686
        0.6600000000         1.0887864521         3.1999277913         1.4580327007
        0.6650000000         1.2072000228         3.2607211154         1.4949568685
        0.6700000000         1.2784787665         3.2981033300         1.5306077892
        0.6750000000         1.2998396222         3.3094277262         1.6477465286
        0.6800000000         1.2704485606         3.2938608789         1.6159153494
        0.6850000000         1.1914531485         3.2525446439         1.6783044606
        0.6900000000         1.0659377421         3.1883749060         1.6833974493
        0.6950000000         0.8988030596         3.1054652414         1.6770312134
        0.7000000000         0.6965748335         3.0084588819         1.6872171908
        0.7050000000         0.4671490148         2.9018928236         1.6821242021
        0.7100000000         0.2194834781         2.7897903937         1.6923101795
        0.7150000000        -0.0367517368         2.5000000000         1.6846706964
        0.7200000000        -0.2915519892         2.1007467050         1.6808509549
        0.7250000000        -0.5349686662         1.9770473447         1.6439267871
        0.7300000000        -0.7574976236         1.8691520374         1.6019096306
        0.7350000000        -0.9504502731         1.7765122112         1.5738981929
        0.7400000000        -1.1062928263         1.7004891672         1.5407937665
        0.7450000000        -1.2189404491         1.6440512398         1.5115090817
        0.7500000000        -1.2839948428         1.6106639900         1.5064160930
        0.7550000000        -1.2989159746         1.6029107042         1.3561729273
        0.7600000000        -1.2631212528         1.6214485774         1.3829111178
        0.7650000000        -1.1780082733         1.6647422075         1.3587194216
        0.7700000000        -1.0469002514         1.7296857337         1.3090627821
        0.7750000000        -0.8749162676         1.8128529033         1.3587194216
        0.7800000000        -0.6687713939         1.9118402148         1.3243417481
        0.7850000000        -0.4365145062         2.0260968224         1.3345277254
        0.7900000000        -0.1872140173         2.1567983313         1.3294347368
        0.7950000000         0.0693961967         2.5000000000         1.3217952537
        0.8000000000         0.3232968533         2.8364940771         1.3459869499
        0.8050000000         0.5645744641         2.9467587825         1.3612659159
        0.8100000000         0.7838084042         3.0499021142         1.4020098253
        0.8150000000         0.9724387386         3.1416590830         1.4325677573
        0.8200000000         1.1231004424         3.2173832274         1.4631256893
        0.8250000000         1.2299109665         3.2725652507         1.4936836213
        0.8300000000         1.2886999204         3.3035149030         1.5993631362
        0.8350000000         1.2971719039         3.3080103084         1.6235548324
        0.8400000000         1.2549961305         3.2857195932         1.6426535399
        0.8450000000         1.1638193428         3.2382655832         1.6808509549
        0.8500000000         1.0272015161         3.1689136084         1.6706649776
        0.8550000000         0.8504768596         3.0819784298         1.6935834266
        0.8600000000         0.6405455440         2.9821300436         1.6808509549
        0.8650000000         0.4056042857         2.8738016686         1.6923101795
        0.8700000000         0.1548263081         2.7608590918         1.6961299210
        0.8750000000        -0.1019968244         2.2043367020         1.6732114719
        0.8800000000        -0.3548375162         2.0677466230         1.6681184833
        0.8850000000        -0.5938236646         1.9481995420         1.6311943154
        0.8900000000        -0.8096241146         1.8441596490         1.5917236532
        0.8950000000        -0.9938129908         1.7555343226         1.5509797439
        0.9000000000        -1.1391986841         1.6841608836         1.5166020704
        0.9050000000        -1.2401046457         1.6332604399         1.5025963515
        0.9100000000        -1.2925910275         1.6062018433         1.4618524422
        0.9150000000        -1.2946085116         1.6051527986         1.3447137028
        0.9200000000        -1.2460783257         1.6302026450         1.4007365781
        0.9250000000        -1.1488953191         1.6793261216         1.2963303104
        0.9300000000        -1.0068539783         1.7492032448         1.3612659159
        0.9350000000        -0.8255002723         1.8365505682         1.3167022651
        0.9400000000        -0.6119151118         1.9393888933         1.3421672084
        0.9450000000        -0.3744378768         2.0576610185         1.3230685009
        0.9500000000        -0.1223408073         2.1928310388         1.3230685009
        0.9550000000         0.1345330288         2.7517985655         1.3332544783
        0.9600000000         0.3861540561         2.8649600625         1.3459869499
        0.9650000000         0.6226977934         2.9737875269         1.3867308593
        0.9700000000         0.8349284491         3.0744646807         1.4134690498
        0.9750000000         1.0145595295         3.1625954251         1.4427537346
        0.9800000000         1.1545773835         3.2335095593         1.4834976440
        0.9850000000         1.2495150483         3.2828388600         1.5662587099
        0.9900000000         1.2956657064         3.3072104292         1.6171885966
        0.9950000000         1.2912274168         3.3048550988         1.6171885966
        1.0000000000         1.2363734712         3.2759468245         1.6693917304
        1.0050000000         1.1332456285         3.2225687602         1.6617522474
        1.0100000000         0.9858704899         3.1483164826         1.6795777078
        1.0150000000         0.8000022812         3.0576600917         1.6897636851
        1.0200000000         0.5828981809         2.9552573271         1.6935834266
        1.0250000000         0.3430349650         2.8454159734         1.6897636851
        1.0300000000         0.0897780334         2.5000000000         1.6872171908
        1.0350000000        -0.1669842593         2.1679307574         1.6757579663
        1.0400000000        -0.4172266927         2.0358456014         1.6439267871
        1.0450000000        -0.6511786130         1.9203439942         1.6133688551
        1.0500000000        -0.8597054249         1.8201510696         1.5802644287
        1.0550000000        -1.0346652507         1.7356617392         1.5458867552
        1.0600000000        -1.1692268270         1.6691522877         1.4962301157
        1.0650000000        -1.2581362304         1.6240138113         1.5076893402
        1.0700000000        -1.2979220151         1.6034283547         1.4402072403
        1.0750000000        -1.2870307550         1.6090895063         1.3447137028
        1.0800000000        -1.2258876967         1.6405163322         1.3956435895
        1.0850000000        -1.1168801557         1.6952484190         1.3014232991
        1.0900000000        -0.9642643046         1.7698405703         1.3472601971
        1.0950000000        -0.7739989916         1.8612370226         1.3268882424
        1.1000000000        -0.5535130790         1.9679246878         1.3319812311
        1.1050000000        -0.3114153849         2.0903141502         1.3192487594
        1.1100000000        -0.0571585538         2.5000000000         1.3179755122
        1.1150000000         0.1993300189         2.7807613776         1.3383474669
        1.1200000000         0.4480358001         2.8931495094         1.3625391631
        1.1250000000         0.6792481341         3.0002937197         1.3905506008
        1.1300000000         0.8839393923         3.0982195731         1.4249282743
        1.1350000000         1.0541174551         3.1824198625         1.4554862063
        1.1400000000         1.1831377619         3.2482386094         1.4860441383
        1.1450000000         1.2659627467         3.2914944484         1.5318810364
        1.1500000000         1.2993585285         3.3091720440         1.6375605513
        1.1550000000         1.2820211771         3.2999773758         1.6210083381
        1.1600000000         1.2146276252         3.2645879856         1.6681184833
        1.1650000000         1.0998092374         3.2055211228         1.6732114719
        1.1700000000         0.9420490692         3.1266604552         1.6833974493
        1.1750000000         0.7475068277         3.0325860753         1.6833974493
        1.1800000000         0.5237783664         2.9279080629         1.6884904379
        1.1850000000         0.2795991081         2.8167924851         1.6910369323
        1.1900000000         0.0245029716         2.5000000000         1.6872171908
        1.1950000000        -0.2315498773         2.1327111482         1.6833974493
        1.2000000000        -0.4785619185         2.0050116323         1.6566592588
        1.2050000000        -0.7068886276         1.8934667244         1.6197350909
        1.2100000000        -0.9076150447         1.7971452248         1.5815376759
        1.2150000000        -1.0729038563         1.7169428623         1.5484332495
        1.2200000000        -1.1963014016         1.6555232035         1.5229683062
        1.2250000000        -1.2729896538         1.6163587547         1.4873173855
        1.2300000000        -1.2999743391         1.6023593260         1.3536264329
        1.2350000000        -1.2762018471         1.6146986158         1.4058295668
        1.2400000000        -1.2026003689         1.6523384284         1.3319812311
        1.2450000000        -1.0820436560         1.7124495788         1.3447137028
        1.2500000000        -0.9192388155         1.7915534748         1.3370742198
        1.2550000000        -0.7205425224         1.8868993446         1.3205220066
        1.2600000000        -0.4937128242         1.9974663011         1.3319812311
        1.2650000000        -0.2476062306         2.1240886130         1.3128825236
        1.2700000000         0.0081680872         2.5000000000         1.3408939613
        1.2750000000         0.2636234840         2.8096058792         1.3358009726
        1.2800000000         0.5087857669         2.9210039188         1.3625391631
        1.2850000000         0.7340826351         3.0262082335         1.3918238480
        1.2900000000         0.9307174279         3.1210900843         1.4223817800
        1.2950000000         1.0910125884         3.2010563547         1.4567594535
        1.3000000000         1.2087094317         3.2615063978         1.4936836213
        1.3050000000         1.2792125133         3.2984913766         1.5828109231
        1.3100000000         1.2997690581         3.3093902223         1.6324675626
        1.3150000000         1.2695764407         3.2934006090         1.6248280796
        1.3200000000         1.1898135244         3.2516949459         1.6821242021
        1.3250000000         1.0635946327         3.1871932893         1.6719382248
        1.3300000000         0.8958479509         3.1040231297         1.6884904379
        1.3350000000         0.6931231070         3.0068305739         1.6821242021
        1.3400000000         0.4633354423         2.9001468645         1.6884904379
        1.3450000000         0.2154569597         2.7879855886         1.6986764153
        1.3500000000        -0.0408339868         2.5000000000         1.6821242021
        1.3550000000        -0.2955305803         2.0986513857         1.6757579663
        1.3600000000        -0.5386882553         1.9752149261         1.6515662701
        1.3650000000        -0.7608129802         1.8675614273         1.6120956079
        1.3700000000        -0.9532319501         1.7751695436         1.5802644287
        1.3750000000        -1.1084322137         1.6994311137         1.5458867552
        1.3800000000        -1.2203540150         1.6433325504         1.5115090817
        1.3850000000        -1.2846273948         1.6103360625         1.4975033628
        1.3900000000        -1.2987428151         1.6030008972         1.3561729273
        1.3950000000        -1.2621491426         1.6219491217         1.3981900838
        1.4000000000        -1.1762751682         1.6656133581         1.3307079839
        1.4050000000        -1.0444738201         1.7308718489         1.3370742198
        1.4100000000        -0.8718912495         1.8143046728         1.3281614896
        1.4150000000        -0.6652659001         1.9135333468         1.3307079839
        1.4200000000        -0.4326654079         2.0280382889         1.3307079839
        1.4250000000        -0.1831716015         2.1590155801         1.3141557707
        1.4300000000         0.0734740948         2.5000000000         1.3498066914
        1.4350000000         0.3272510133         2.8382802316         1.3268882424
        1.4400000000         0.5682504966         2.9484621164         1.3625391631
        1.4450000000         0.7870627796         3.0514595026         1.3969168366
        1.4500000000         0.9751443905         3.1429987225         1.4262015215
        1.4550000000         1.1251517293         3.2184307880         1.4529397120
        1.4600000000         1.2312277965         3.2732538883         1.4911371270
        1.4650000000         1.2892308781         3.3037963749         1.6248280796
        1.4700000000         1.2968962583         3.3078639030         1.6031828777
        1.4750000000         1.2539246440         3.2851561555         1.6579325059
        1.4800000000         1.1619938514         3.2373253938         1.6693917304
        1.4850000000         1.0246932956         3.1676587716         1.6681184833
        1.4900000000         0.8473838429         3.0804821008         1.6884904379
        1.4950000000         0.6369884971         2.9804657208         1.6770312134
        1.5000000000         0.4017220927         2.8720355904         1.6935834266
        1.5050000000         0.1507705483         2.7590475906         1.6884904379
        1.5100000000        -0.1060677950         2.2020261549         1.6859439436
        1.5150000000        -0.3587647474         2.0657209477         1.6604790003
        1.5200000000        -0.5974538188         1.9464296813         1.6273745739
        1.5250000000        -0.8128154532         1.8426301376         1.5955433947
        1.5300000000        -0.9964409089         1.7542594309         1.5547994854
        1.5350000000        -1.1411605750         1.6831835631         1.5140555760
        1.5400000000        -1.2413239082         1.6326367648         1.5000498572
        1.5450000000        -1.2930200556         1.6059788163         1.3956435895
        1.5500000000        -1.2942305540         1.6053493802         1.3790913763
        1.5550000000        -1.2449081397         1.6308020636         1.3790913763
        1.5600000000        -1.1469785944         1.6802826766         1.3128825236
        1.5650000000        -1.0042655528         1.7504607615         1.3587194216
        1.5700000000        -0.8223412105         1.8380646814         1.3052430406
        1.5750000000        -0.6083087585         1.9411433002         1.3421672084
        1.5800000000        -0.3705250412         2.0596696009         1.3230685009
        1.5850000000        -0.1182742651         2.1951227656         1.3281614896
        1.5900000000         0.1385945006         2.7536112505         1.3358009726
        1.5950000000         0.3900518781         2.8667305986         1.3485334443
        1.6000000000         0.6262797763         2.9754601774         1.3841843649
        1.6050000000         0.8380547352         3.0759738141         1.4096493083
        1.6100000000         1.0171080537         3.1638678242         1.4503932177
        1.6150000000         1.1564486393         3.2344717475         1.4784046553
        1.6200000000         1.2506359731         3.2834276945         1.5522529910
        1.6250000000         1.2959925339         3.3073839694         1.6286478211
        1.6300000000         1.2907473859         3.3046005025         1.6070026192
        1.6350000000         1.2351053248         3.2752828569         1.6808509549
        1.6400000000         1.1312388811         3.2215421417         1.6579325059
        1.6450000000         0.9832034943         3.1469932001         1.6948566738
        1.6500000000         0.7967791697         3.0561143256         1.6783044606
        1.6550000000         0.5792447991         2.9535612752         1.6884904379
        1.6600000000         0.3390939582         2.8436333964         1.6948566738
        1.6650000000         0.0857032773         2.5000000000         1.6821242021
        1.6700000000        -0.1710336668         2.1656950236         1.6795777078
        1.6750000000        -0.4210926437         2.0338875411         1.6642987418
        1.6800000000        -0.6547101621         1.9186356100         1.6311943154
        1.6850000000        -0.8627646839         1.8186835846         1.5993631362
        1.6900000000        -1.0371327714         1.7344574776         1.5611657212
        1.6950000000        -1.1710062658         1.6682594353         1.5255148005
        1.7000000000        -1.2591581095         1.6234882832         1.4440269818
        1.7050000000        -1.2981464355         1.6033114922         1.3981900838
        1.7100000000        -1.2864489542         1.6093913585         1.3892773536
        1.7150000000        -1.2245223909         1.6412115792         1.3421672084
        1.7200000000        -1.1147846531         1.6962866362         1.3523531858
        1.7250000000        -0.9615204235         1.7711665396         1.3243417481
        1.7300000000        -0.7707138662         1.8628124149         1.3408939613
        1.7350000000        -0.5498149762         1.9697413431         1.3243417481
        1.7400000000        -0.3074486961         2.0923918685         1.3268882424
        1.7450000000        -0.0530781576         2.5000000000         1.3332544783
        1.7500000000         0.2033648046         2.7825681539         1.3421672084
        1.7550000000         0.4518674381         2.8949008466         1.3612659159
        1.7600000000         0.6827270189         3.0019314420         1.3918238480
        1.7650000000         0.8869296918         3.0996756909         1.4236550271
        1.7700000000         1.0565024138         3.1836202266         1.4567594535
        1.7750000000         1.1848242596         3.2491112954         1.4962301157
        1.7800000000         1.2668849346         3.2919807332         1.5866306646
        1.7850000000         1.2994803999         3.3092368111         1.6133688551
        1.7900000000         1.2813379737         3.2996158181         1.6324675626
        1.7950000000         1.2131660224         3.2638265471         1.6655719889
        1.8000000000         1.0976263032         3.2044123892         1.6719382248
        1.8050000000         0.9392300357         3.1252735648         1.6884904379
        1.8100000000         0.7441617633         3.0309955623         1.6744847191
        1.8150000000         0.5200378784         2.9261844007         1.6974031681
        1.8200000000         0.2756092429         2.8149968748         1.6910369323
        1.8250000000         0.0204195125         2.5000000000         1.6935834266
        1.8300000000        -0.2355674927         2.1305487344         1.6732114719
        1.8350000000        -0.4823568233         2.0031192408         1.6592057531
        1.8400000000        -0.7103126508         1.8918191894         1.6299210682
        1.8450000000        -0.9105344960         1.7957412355         1.6019096306
        1.8500000000        -1.0752047466         1.7158124361         1.5688052042
        1.8550000000        -1.1978938931         1.6547185448         1.5280612949
        1.8600000000        -1.2738115681         1.6159341292         1.4160155441
        1.8650000000        -1.2999935848         1.6023492978         1.4121958026
        1.8700000000        -1.2754176727         1.6151040509         1.3676321518
        1.8750000000        -1.2010433923         1.6531261432         1.3625391631
        1.8800000000        -1.0797746690         1.7135657807         1.3370742198
        1.8850000000        -0.9163464101         1.7929453525         1.3421672084
        1.8900000000        -0.7171396318         1.8885354998         1.3370742198
        1.8950000000        -0.4899323135         1.9993465819         1.3243417481
        1.9000000000        -0.2435957090         2.1262374740         1.3307079839
        1.9050000000         0.0122520300         2.5000000000         1.3370742198
        1.9100000000         0.2676213914         2.8114035589         1.3447137028
        1.9150000000         0.5125415416         2.9227323133         1.3663589046
        1.9200000000         0.7374496339         3.0278066236         1.4020098253
        1.9250000000         0.9335641871         3.1224883603         1.4338410045
        1.9300000000         1.0932279570         3.2021799874         1.4631256893
        1.9350000000         1.2102069111         3.2622857397         1.4975033628
        1.9400000000         1.2799336349         3.2988728115         1.5611657212
        1.9450000000         1.2996856658         3.3093459013         1.6439267871
        1.9500000000         1.2686917905         3.2929338224         1.6197350909
        1.9550000000         1.1881621574         3.2508394786         1.6859439436
        1.9600000000         1.0612410259         3.1860069583         1.6706649776
        1.9650000000         0.8928840005         3.1025774881         1.6833974493
        1.9700000000         0.6896645396         3.0051998863         1.6770312134
        1.9750000000         0.4595172969         2.8983995389         1.6935834266
        1.9800000000         0.2114283148         2.7861802719         1.6821242021
        1.9850000000        -0.0449158338         2.5000000000         1.6859439436
        1.9900000000        -0.2995062547         2.0965604784         1.6681184833
        1.9950000000        -0.5424025278         1.9733864568         1.6464732814
