        0.0000000000         0.0000000000         2.5000000000         1.5064160930
        0.0050000000         0.4785619185         2.9071223532         1.5102358345
        0.0100000000         0.8899112377         3.1011283356         1.5127823289
        0.0150000000         1.1762751682         3.2446909198         1.5102358345
        0.0200000000         1.2974347470         3.3081499228         1.5115090817
        0.0250000000         1.2363734712         3.2759468245         1.5102358345
        0.0300000000         1.0016672156         3.1561686488         1.6120956079
        0.0350000000         0.6262797763         2.9754601774         1.6846706964
        0.0400000000         0.1629332036         2.7644811033         1.6299210682
        0.0450000000        -0.3232968533         2.0841072472         1.6439267871
        0.0500000000        -0.7641208280         1.8659746191         1.6566592588
        0.0550000000        -1.0976263032         1.7047704716         1.6133688551
        0.0600000000        -1.2769734259         1.6142995950         1.5751714401
        0.0650000000        -1.2769734259         1.6142995950         1.5420670137
        0.0700000000        -1.0976263032         1.7047704716         1.3867308593
        0.0750000000        -0.7641208280         1.8659746191         1.4402072403
        0.0800000000        -0.3232968533         2.0841072472         1.3510799386
        0.0850000000         0.1629332036         2.7644811033         1.4109225555
        0.0900000000         0.6262797763         2.9754601774         1.4185620385
        0.0950000000         1.0016672156         3.1561686488         1.4618524422
        0.1000000000         1.2363734712         3.2759468245         1.4949568685
        0.1050000000         1.2974347470         3.3081499228         1.5178753175
        0.1100000000         1.1762751682         3.2446909198         1.5051428458
        0.1150000000         0.8899112377         3.1011283356         1.5140555760
        0.1200000000         0.4785619185         2.9071223532         1.6693917304
        0.1250000000         0.0000000000         2.5000000000         1.6362873041
        0.1300000000        -0.4785619185         2.0050116323         1.6057293721
        0.1350000000        -0.8899112377         1.8056533483         1.6426535399
        0.1400000000        -1.1762751682         1.6656133581         1.5917236532
        0.1450000000        -1.2974347470         1.6036820605         1.5688052042
        0.1500000000        -1.2363734712         1.6351676177         1.5242415534
        0.1550000000        -1.0016672156         1.7517226391         1.3867308593
        0.1600000000        -0.6262797763         1.9324097654         1.4147422970
        0.1650000000        -0.1629332036         2.1701711273         1.3752716348
        0.1700000000         0.3232968533         2.8364940771         1.3880041065
        0.1750000000         0.7641208280         3.0404983612         1.4402072403
        0.1800000000         1.0976263032         3.2044123892         1.4707651723
        0.1850000000         1.2769734259         3.2973074311         1.5102358345
        0.1900000000         1.2769734259         3.2973074311         1.5216950590
        0.1950000000         1.0976263032         3.2044123892         1.5089625874
        0.2000000000         0.7641208280         3.0404983612         1.5242415534
        0.2050000000         0.3232968533         2.8364940771         1.6999496625
        0.2100000000        -0.1629332036         2.1701711273         1.6261013267
        0.2150000000        -0.6262797763         1.9324097654         1.6095491136
        0.2200000000        -1.0016672156         1.7517226391         1.5815376759
        0.2250000000        -1.2363734712         1.6351676177         1.5458867552
        0.2300000000        -1.2974347470         1.6036820605         1.5140555760
        0.2350000000        -1.1762751682         1.6656133581         1.4911371270
        0.2400000000        -0.8899112377         1.8056533483         1.4287480158
        0.2450000000        -0.4785619185         2.0050116323         1.3638124103
        0.2500000000        -0.0000000000         2.5000000000         1.4223817800
        0.2550000000         0.4785619185         2.9071223532         1.3485334443
        0.2600000000         0.8899112377         3.1011283356         1.4198352856
        0.2650000000         1.1762751682         3.2446909198         1.4593059478
        0.2700000000         1.2974347470         3.3081499228         1.5000498572
        0.2750000000         1.2363734712         3.2759468245         1.5306077892
        0.2800000000         1.0016672156         3.1561686488         1.5140555760
        0.2850000000         0.6262797763         2.9754601774         1.6693917304
        0.2900000000         0.1629332036         2.7644811033         1.6095491136
        0.2950000000        -0.3232968533         2.0841072472         1.6324675626
        0.3000000000        -0.7641208280         1.8659746191         1.6286478211
        0.3050000000        -1.0976263032         1.7047704716         1.5917236532
        0.3100000000        -1.2769734259         1.6142995950         1.5624389684
        0.3150000000        -1.2769734259         1.6142995950         1.5204218119
        0.3200000000        -1.0976263032         1.7047704716         1.3969168366
        0.3250000000        -0.7641208280         1.8659746191         1.4083760611
        0.3300000000        -0.3232968533         2.0841072472         1.3829111178
        0.3350000000         0.1629332036         2.7644811033         1.3854576121
        0.3400000000         0.6262797763         2.9754601774         1.4262015215
        0.3450000000         1.0016672156         3.1561686488         1.4580327007
        0.3500000000         1.2363734712         3.2759468245         1.5025963515
        0.3550000000         1.2974347470         3.3081499228         1.5191485647
        0.3600000000         1.1762751682         3.2446909198         1.5089625874
        0.3650000000         0.8899112377         3.1011283356         1.5115090817
        0.3700000000         0.4785619185         2.9071223532         1.6515662701
        0.3750000000         0.0000000000         2.5000000000         1.6502930229
        0.3800000000        -0.4785619185         2.0050116323         1.6082758664
        0.3850000000        -0.8899112377         1.8056533483         1.6235548324
        0.3900000000        -1.1762751682         1.6656133581         1.5866306646
        0.3950000000        -1.2974347470         1.6036820605         1.5535262382
        0.4000000000        -1.2363734712         1.6351676177         1.5216950590
        0.4050000000        -1.0016672156         1.7517226391         1.4478467233
        0.4100000000        -0.6262797763         1.9324097654         1.3701786461
        0.4150000000        -0.1629332036         2.1701711273         1.4211085328
        0.4200000000         0.3232968533         2.8364940771         1.3587194216
        0.4250000000         0.7641208280         3.0404983612         1.4262015215
        0.4300000000         1.0976263032         3.2044123892         1.4656721837
        0.4350000000         1.2769734259         3.2973074311         1.4987766100
        0.4400000000         1.2769734259         3.2973074311         1.5242415534
        0.4450000000         1.0976263032         3.2044123892         1.5051428458
        0.4500000000         0.7641208280         3.0404983612         1.5573459797
        0.4550000000         0.3232968533         2.8364940771         1.6833974493
        0.4600000000        -0.1629332036         2.1701711273         1.6082758664
        0.4650000000        -0.6262797763         1.9324097654         1.6248280796
        0.4700000000        -1.0016672156         1.7517226391         1.5879039117
        0.4750000000        -1.2363734712         1.6351676177         1.5624389684
        0.4800000000        -1.2974347470         1.6036820605         1.5255148005
        0.4850000000        -1.1762751682         1.6656133581         1.4809511497
        0.4900000000        -0.8899112377         1.8056533483         1.3829111178
        0.4950000000        -0.4785619185         2.0050116323         1.3969168366
        0.5000000000        -0.0000000000         2.5000000000         1.3829111178
        0.5050000000         0.4785619185         2.9071223532         1.3854576121
        0.5100000000         0.8899112377         3.1011283356         1.4414804875
        0.5150000000         1.1762751682         3.2446909198         1.4720384195
        0.5200000000         1.2974347470         3.3081499228         1.5102358345
        0.5250000000         1.2363734712         3.2759468245         1.5178753175
        0.5300000000         1.0016672156         3.1561686488         1.5102358345
        0.5350000000         0.6262797763         2.9754601774         1.5980898891
        0.5400000000         0.1629332036         2.7644811033         1.6592057531
        0.5450000000        -0.3232968533         2.0841072472         1.6031828777
        0.5500000000        -0.7641208280         1.8659746191         1.6235548324
        0.5550000000        -1.0976263032         1.7047704716         1.5802644287
        0.5600000000        -1.2769734259         1.6142995950         1.5535262382
        0.5650000000        -1.2769734259         1.6142995950         1.5255148005
        0.5700000000        -1.0976263032         1.7047704716         1.4631256893
        0.5750000000        -0.7641208280         1.8659746191         1.3625391631
        0.5800000000        -0.3232968533         2.0841072472         1.4198352856
        0.5850000000         0.1629332036         2.7644811033         1.3383474669
        0.5900000000         0.6262797763         2.9754601774         1.4134690498
        0.5950000000         1.0016672156         3.1561686488         1.4491199705
        0.6000000000         1.2363734712         3.2759468245         1.4949568685
        0.6050000000         1.2974347470         3.3081499228         1.5255148005
        0.6100000000         1.1762751682         3.2446909198         1.5076893402
        0.6150000000         0.8899112377         3.1011283356         1.5191485647
        0.6200000000         0.4785619185         2.9071223532         1.6783044606
        0.6250000000         0.0000000000         2.5000000000         1.6222815852
        0.6300000000        -0.4785619185         2.0050116323         1.6311943154
        0.6350000000        -0.8899112377         1.8056533483         1.6375605513
        0.6400000000        -1.1762751682         1.6656133581         1.5942701476
        0.6450000000        -1.2974347470         1.6036820605         1.5688052042
        0.6500000000        -1.2363734712         1.6351676177         1.5115090817
        0.6550000000        -1.0016672156         1.7517226391         1.3752716348
        0.6600000000        -0.6262797763         1.9324097654         1.4300212630
        0.6650000000        -0.1629332036         2.1701711273         1.3587194216
        0.6700000000         0.3232968533         2.8364940771         1.4083760611
        0.6750000000         0.7641208280         3.0404983612         1.4236550271
        0.6800000000         1.0976263032         3.2044123892         1.4694919252
        0.6850000000         1.2769734259         3.2973074311         1.4975033628
        0.6900000000         1.2769734259         3.2973074311         1.5191485647
        0.6950000000         1.0976263032         3.2044123892         1.5076893402
        0.7000000000         0.7641208280         3.0404983612         1.5331542835
        0.7050000000         0.3232968533         2.8364940771         1.7050426511
        0.7100000000        -0.1629332036         2.1701711273         1.6235548324
        0.7150000000        -0.6262797763         1.9324097654         1.6070026192
        0.7200000000        -1.0016672156         1.7517226391         1.5789911816
        0.7250000000        -1.2363734712         1.6351676177         1.5446135080
        0.7300000000        -1.2974347470         1.6036820605         1.5178753175
        0.7350000000        -1.1762751682         1.6656133581         1.4936836213
        0.7400000000        -0.8899112377         1.8056533483         1.4389339931
        0.7450000000        -0.4785619185         2.0050116323         1.3523531858
        0.7500000000        -0.0000000000         2.5000000000         1.4287480158
        0.7550000000         0.4785619185         2.9071223532         1.3459869499
        0.7600000000         0.8899112377         3.1011283356         1.4147422970
        0.7650000000         1.1762751682         3.2446909198         1.4503932177
        0.7700000000         1.2974347470         3.3081499228         1.4822243968
        0.7750000000         1.2363734712         3.2759468245         1.5293345420
        0.7800000000         1.0016672156         3.1561686488         1.5306077892
        0.7850000000         0.6262797763         2.9754601774         1.6630254946
        0.7900000000         0.1629332036         2.7644811033         1.5942701476
        0.7950000000        -0.3232968533         2.0841072472         1.6541127644
        0.8000000000        -0.7641208280         1.8659746191         1.6159153494
        0.8050000000        -1.0976263032         1.7047704716         1.5866306646
        0.8100000000        -1.2769734259         1.6142995950         1.5598924740
        0.8150000000        -1.2769734259         1.6142995950         1.5204218119
        0.8200000000        -1.0976263032         1.7047704716         1.4147422970
        0.8250000000        -0.7641208280         1.8659746191         1.4007365781
        0.8300000000        -0.3232968533         2.0841072472         1.3969168366
        0.8350000000         0.1629332036         2.7644811033         1.3765448819
        0.8400000000         0.6262797763         2.9754601774         1.4338410045
        0.8450000000         1.0016672156         3.1561686488         1.4656721837
        0.8500000000         1.2363734712         3.2759468245         1.5025963515
        0.8550000000         1.2974347470         3.3081499228         1.5255148005
        0.8600000000         1.1762751682         3.2446909198         1.5051428458
        0.8650000000         0.8899112377         3.1011283356         1.5051428458
        0.8700000000         0.4785619185         2.9071223532         1.6452000343
        0.8750000000         0.0000000000         2.5000000000         1.6553860116
        0.8800000000        -0.4785619185         2.0050116323         1.6146421022
        0.8850000000        -0.8899112377         1.8056533483         1.6273745739
        0.8900000000        -1.1762751682         1.6656133581         1.5891771589
        0.8950000000        -1.2974347470         1.6036820605         1.5598924740
        0.9000000000        -1.2363734712         1.6351676177         1.5242415534
        0.9050000000        -1.0016672156         1.7517226391         1.4363874988
        0.9100000000        -0.6262797763         1.9324097654         1.3778181291
        0.9150000000        -0.1629332036         2.1701711273         1.4147422970
        0.9200000000         0.3232968533         2.8364940771         1.3574461744
        0.9250000000         0.7641208280         3.0404983612         1.4325677573
        0.9300000000         1.0976263032         3.2044123892         1.4593059478
        0.9350000000         1.2769734259         3.2973074311         1.5013231043
        0.9400000000         1.2769734259         3.2973074311         1.5242415534
        0.9450000000         1.0976263032         3.2044123892         1.5115090817
        0.9500000000         0.7641208280         3.0404983612         1.5598924740
        0.9550000000         0.3232968533         2.8364940771         1.6846706964
        0.9600000000        -0.1629332036         2.1701711273         1.6108223607
        0.9650000000        -0.6262797763         1.9324097654         1.6248280796
        0.9700000000        -1.0016672156         1.7517226391         1.5891771589
        0.9750000000        -1.2363734712         1.6351676177         1.5624389684
        0.9800000000        -1.2974347470         1.6036820605         1.5318810364
        0.9850000000        -1.1762751682         1.6656133581         1.4873173855
        0.9900000000        -0.8899112377         1.8056533483         1.3752716348
        0.9950000000        -0.4785619185         2.0050116323         1.4109225555
        1.0000000000        -0.0000000000         2.5000000000         1.3650856574
        1.0050000000         0.4785619185         2.9071223532         1.3880041065
        1.0100000000         0.8899112377         3.1011283356         1.4414804875
        1.0150000000         1.1762751682         3.2446909198         1.4758581610
        1.0200000000         1.2974347470         3.3081499228         1.5115090817
        1.0250000000         1.2363734712         3.2759468245         1.5178753175
        1.0300000000         1.0016672156         3.1561686488         1.5051428458
        1.0350000000         0.6262797763         2.9754601774         1.5853574174
        1.0400000000         0.1629332036         2.7644811033         1.6693917304
        1.0450000000        -0.3232968533         2.0841072472         1.6070026192
        1.0500000000        -0.7641208280         1.8659746191         1.6146421022
        1.0550000000        -1.0976263032         1.7047704716         1.5789911816
        1.0600000000        -1.2769734259         1.6142995950         1.5497064967
        1.0650000000        -1.2769734259         1.6142995950         1.5204218119
        1.0700000000        -1.0976263032         1.7047704716         1.4733116667
        1.0750000000        -0.7641208280         1.8659746191         1.3485334443
        1.0800000000        -0.3232968533         2.0841072472         1.4274747686
        1.0850000000         0.1629332036         2.7644811033         1.3421672084
        1.0900000000         0.6262797763         2.9754601774         1.4020098253
        1.0950000000         1.0016672156         3.1561686488         1.4376607460
        1.1000000000         1.2363734712         3.2759468245         1.4822243968
        1.1050000000         1.2974347470         3.3081499228         1.5255148005
        1.1100000000         1.1762751682         3.2446909198         1.5115090817
        1.1150000000         0.8899112377         3.1011283356         1.5407937665
        1.1200000000         0.4785619185         2.9071223532         1.6706649776
        1.1250000000         0.0000000000         2.5000000000         1.5993631362
        1.1300000000        -0.4785619185         2.0050116323         1.6515662701
        1.1350000000        -0.8899112377         1.8056533483         1.6235548324
        1.1400000000        -1.1762751682         1.6656133581         1.5904504061
        1.1450000000        -1.2974347470         1.6036820605         1.5624389684
        1.1500000000        -1.2363734712         1.6351676177         1.5178753175
        1.1550000000        -1.0016672156         1.7517226391         1.3803646234
        1.1600000000        -0.6262797763         1.9324097654         1.4160155441
        1.1650000000        -0.1629332036         2.1701711273         1.3714518933
        1.1700000000         0.3232968533         2.8364940771         1.3930970951
        1.1750000000         0.7641208280         3.0404983612         1.4389339931
        1.1800000000         1.0976263032         3.2044123892         1.4720384195
        1.1850000000         1.2769734259         3.2973074311         1.5102358345
        1.1900000000         1.2769734259         3.2973074311         1.5166020704
        1.1950000000         1.0976263032         3.2044123892         1.5102358345
        1.2000000000         0.7641208280         3.0404983612         1.5153288232
        1.2050000000         0.3232968533         2.8364940771         1.6961299210
        1.2100000000        -0.1629332036         2.1701711273         1.6248280796
        1.2150000000        -0.6262797763         1.9324097654         1.6146421022
        1.2200000000        -1.0016672156         1.7517226391         1.5777179344
        1.2250000000        -1.2363734712         1.6351676177         1.5446135080
        1.2300000000        -1.2974347470         1.6036820605         1.5191485647
        1.2350000000        -1.1762751682         1.6656133581         1.4924103742
        1.2400000000        -0.8899112377         1.8056533483         1.4287480158
        1.2450000000        -0.4785619185         2.0050116323         1.3638124103
        1.2500000000        -0.0000000000         2.5000000000         1.4211085328
        1.2550000000         0.4785619185         2.9071223532         1.3459869499
        1.2600000000         0.8899112377         3.1011283356         1.4211085328
        1.2650000000         1.1762751682         3.2446909198         1.4529397120
        1.2700000000         1.2974347470         3.3081499228         1.5013231043
        1.2750000000         1.2363734712         3.2759468245         1.5293345420
        1.2800000000         1.0016672156         3.1561686488         1.5140555760
        1.2850000000         0.6262797763         2.9754601774         1.6630254946
        1.2900000000         0.1629332036         2.7644811033         1.6006363834
        1.2950000000        -0.3232968533         2.0841072472         1.6311943154
        1.3000000000        -0.7641208280         1.8659746191         1.6261013267
        1.3050000000        -1.0976263032         1.7047704716         1.5904504061
        1.3100000000        -1.2769734259         1.6142995950         1.5598924740
        1.3150000000        -1.2769734259         1.6142995950         1.5242415534
        1.3200000000        -1.0976263032         1.7047704716         1.3867308593
        1.3250000000        -0.7641208280         1.8659746191         1.4185620385
        1.3300000000        -0.3232968533         2.0841072472         1.3727251404
        1.3350000000         0.1629332036         2.7644811033         1.3816378706
        1.3400000000         0.6262797763         2.9754601774         1.4262015215
        1.3450000000         1.0016672156         3.1561686488         1.4567594535
        1.3500000000         1.2363734712         3.2759468245         1.4987766100
        1.3550000000         1.2974347470         3.3081499228         1.5255148005
        1.3600000000         1.1762751682         3.2446909198         1.5064160930
        1.3650000000         0.8899112377         3.1011283356         1.5102358345
        1.3700000000         0.4785619185         2.9071223532         1.6350140569
        1.3750000000         0.0000000000         2.5000000000         1.6566592588
        1.3800000000        -0.4785619185         2.0050116323         1.6057293721
        1.3850000000        -0.8899112377         1.8056533483         1.6146421022
        1.3900000000        -1.1762751682         1.6656133581         1.5815376759
        1.3950000000        -1.2974347470         1.6036820605         1.5522529910
        1.4000000000        -1.2363734712         1.6351676177         1.5204218119
        1.4050000000        -1.0016672156         1.7517226391         1.4389339931
        1.4100000000        -0.6262797763         1.9324097654         1.3803646234
        1.4150000000        -0.1629332036         2.1701711273         1.4198352856
        1.4200000000         0.3232968533         2.8364940771         1.3612659159
        1.4250000000         0.7641208280         3.0404983612         1.4249282743
        1.4300000000         1.0976263032         3.2044123892         1.4605791950
        1.4350000000         1.2769734259         3.2973074311         1.5038695987
        1.4400000000         1.2769734259         3.2973074311         1.5267880477
        1.4450000000         1.0976263032         3.2044123892         1.5089625874
        1.4500000000         0.7641208280         3.0404983612         1.5968166419
        1.4550000000         0.3232968533         2.8364940771         1.6592057531
        1.4600000000        -0.1629332036         2.1701711273         1.5968166419
        1.4650000000        -0.6262797763         1.9324097654         1.6452000343
        1.4700000000        -1.0016672156         1.7517226391         1.5968166419
        1.4750000000        -1.2363734712         1.6351676177         1.5675319570
        1.4800000000        -1.2974347470         1.6036820605         1.5382472722
        1.4850000000        -1.1762751682         1.6656133581         1.4478467233
        1.4900000000        -0.8899112377         1.8056533483         1.3790913763
        1.4950000000        -0.4785619185         2.0050116323         1.4160155441
        1.5000000000        -0.0000000000         2.5000000000         1.3472601971
        1.5050000000         0.4785619185         2.9071223532         1.4223817800
        1.5100000000         0.8899112377         3.1011283356         1.4287480158
        1.5150000000         1.1762751682         3.2446909198         1.4771314082
        1.5200000000         1.2974347470         3.3081499228         1.5153288232
        1.5250000000         1.2363734712         3.2759468245         1.5089625874
        1.5300000000         1.0016672156         3.1561686488         1.5178753175
        1.5350000000         0.6262797763         2.9754601774         1.5815376759
        1.5400000000         0.1629332036         2.7644811033         1.6732114719
        1.5450000000        -0.3232968533         2.0841072472         1.6070026192
        1.5500000000        -0.7641208280         1.8659746191         1.5980898891
        1.5550000000        -1.0976263032         1.7047704716         1.5751714401
        1.5600000000        -1.2769734259         1.6142995950         1.5357007779
        1.5650000000        -1.2769734259         1.6142995950         1.5076893402
        1.5700000000        -1.0976263032         1.7047704716         1.4911371270
        1.5750000000        -0.7641208280         1.8659746191         1.3663589046
        1.5800000000        -0.3232968533         2.0841072472         1.4058295668
        1.5850000000         0.1629332036         2.7644811033         1.3778181291
        1.5900000000         0.6262797763         2.9754601774         1.3739983876
        1.5950000000         1.0016672156         3.1561686488         1.4351142516
        1.6000000000         1.2363734712         3.2759468245         1.4809511497
        1.6050000000         1.2974347470         3.3081499228         1.5178753175
        1.6100000000         1.1762751682         3.2446909198         1.5115090817
        1.6150000000         0.8899112377         3.1011283356         1.5777179344
        1.6200000000         0.4785619185         2.9071223532         1.6693917304
        1.6250000000         0.0000000000         2.5000000000         1.6019096306
        1.6300000000        -0.4785619185         2.0050116323         1.6464732814
        1.6350000000        -0.8899112377         1.8056533483         1.6273745739
        1.6400000000        -1.1762751682         1.6656133581         1.5917236532
        1.6450000000        -1.2974347470         1.6036820605         1.5598924740
        1.6500000000        -1.2363734712         1.6351676177         1.5153288232
        1.6550000000        -1.0016672156         1.7517226391         1.3816378706
        1.6600000000        -0.6262797763         1.9324097654         1.4287480158
        1.6650000000        -0.1629332036         2.1701711273         1.3625391631
        1.6700000000         0.3232968533         2.8364940771         1.4096493083
        1.6750000000         0.7641208280         3.0404983612         1.4414804875
        1.6800000000         1.0976263032         3.2044123892         1.4796779025
        1.6850000000         1.2769734259         3.2973074311         1.5178753175
        1.6900000000         1.2769734259         3.2973074311         1.5115090817
        1.6950000000         1.0976263032         3.2044123892         1.5127823289
        1.7000000000         0.7641208280         3.0404983612         1.5204218119
        1.7050000000         0.3232968533         2.8364940771         1.6923101795
        1.7100000000        -0.1629332036         2.1701711273         1.6222815852
        1.7150000000        -0.6262797763         1.9324097654         1.6057293721
        1.7200000000        -1.0016672156         1.7517226391         1.5789911816
        1.7250000000        -1.2363734712         1.6351676177         1.5509797439
        1.7300000000        -1.2974347470         1.6036820605         1.5166020704
        1.7350000000        -1.1762751682         1.6656133581         1.4924103742
        1.7400000000        -0.8899112377         1.8056533483         1.4236550271
        1.7450000000        -0.4785619185         2.0050116323         1.3714518933
        1.7500000000        -0.0000000000         2.5000000000         1.4134690498
        1.7550000000         0.4785619185         2.9071223532         1.3510799386
        1.7600000000         0.8899112377         3.1011283356         1.4172887913
        1.7650000000         1.1762751682         3.2446909198         1.4567594535
        1.7700000000         1.2974347470         3.3081499228         1.4987766100
        1.7750000000         1.2363734712         3.2759468245         1.5242415534
        1.7800000000         1.0016672156         3.1561686488         1.5153288232
        1.7850000000         0.6262797763         2.9754601774         1.6706649776
        1.7900000000         0.1629332036         2.7644811033         1.6057293721
        1.7950000000        -0.3232968533         2.0841072472         1.6171885966
        1.8000000000        -0.7641208280         1.8659746191         1.6375605513
        1.8050000000        -1.0976263032         1.7047704716         1.5840841702
        1.8100000000        -1.2769734259         1.6142995950         1.5624389684
        1.8150000000        -1.2769734259         1.6142995950         1.5204218119
        1.8200000000        -1.0976263032         1.7047704716         1.3918238480
        1.8250000000        -0.7641208280         1.8659746191         1.4147422970
        1.8300000000        -0.3232968533         2.0841072472         1.3663589046
        1.8350000000         0.1629332036         2.7644811033         1.3816378706
        1.8400000000         0.6262797763         2.9754601774         1.4300212630
        1.8450000000         1.0016672156         3.1561686488         1.4529397120
        1.8500000000         1.2363734712         3.2759468245         1.4987766100
        1.8550000000         1.2974347470         3.3081499228         1.5216950590
        1.8600000000         1.1762751682         3.2446909198         1.5038695987
        1.8650000000         0.8899112377         3.1011283356         1.5064160930
        1.8700000000         0.4785619185         2.9071223532         1.6477465286
        1.8750000000         0.0000000000         2.5000000000         1.6477465286
        1.8800000000        -0.4785619185         2.0050116323         1.6057293721
        1.8850000000        -0.8899112377         1.8056533483         1.6057293721
        1.8900000000        -1.1762751682         1.6656133581         1.5726249457
        1.8950000000        -1.2974347470         1.6036820605         1.5458867552
        1.9000000000        -1.2363734712         1.6351676177         1.5153288232
        1.9050000000        -1.0016672156         1.7517226391         1.4771314082
        1.9100000000        -0.6262797763         1.9324097654         1.3561729273
        1.9150000000        -0.1629332036         2.1701711273         1.4223817800
        1.9200000000         0.3232968533         2.8364940771         1.3548996801
        1.9250000000         0.7641208280         3.0404983612         1.4058295668
        1.9300000000         1.0976263032         3.2044123892         1.4491199705
        1.9350000000         1.2769734259         3.2973074311         1.4975033628
        1.9400000000         1.2769734259         3.2973074311         1.5255148005
        1.9450000000         1.0976263032         3.2044123892         1.5051428458
        1.9500000000         0.7641208280         3.0404983612         1.6401070456
        1.9550000000         0.3232968533         2.8364940771         1.6362873041
        1.9600000000        -0.1629332036         2.1701711273         1.5968166419
        1.9650000000        -0.6262797763         1.9324097654         1.6452000343
        1.9700000000        -1.0016672156         1.7517226391         1.5917236532
        1.9750000000        -1.2363734712         1.6351676177         1.5700784514
        1.9800000000        -1.2974347470         1.6036820605         1.5306077892
        1.9850000000        -1.1762751682         1.6656133581         1.4593059478
        1.9900000000        -0.8899112377         1.8056533483         1.3790913763
        1.9950000000        -0.4785619185         2.0050116323         1.4185620385
        2.0000000000        -0.0000000000         2.5000000000         1.3548996801
        2.0050000000         0.4785619185         2.9071223532         1.4198352856
        2.0100000000         0.8899112377         3.1011283356         1.4325677573
        2.0150000000         1.1762751682         3.2446909198         1.4822243968
        2.0200000000         1.2974347470         3.3081499228         1.5204218119
        2.0250000000         1.2363734712         3.2759468245         1.5127823289
        2.0300000000         1.0016672156         3.1561686488         1.5140555760
        2.0350000000         0.6262797763         2.9754601774         1.5917236532
        2.0400000000         0.1629332036         2.7644811033         1.6719382248
        2.0450000000        -0.3232968533         2.0841072472         1.6095491136
        2.0500000000        -0.7641208280         1.8659746191         1.5917236532
        2.0550000000        -1.0976263032         1.7047704716         1.5611657212
        2.0600000000        -1.2769734259         1.6142995950         1.5293345420
        2.0650000000        -1.2769734259         1.6142995950         1.4987766100
        2.0700000000        -1.0976263032         1.7047704716         1.5051428458
        2.0750000000        -0.7641208280         1.8659746191         1.4121958026
        2.0800000000        -0.3232968533         2.0841072472         1.3536264329
        2.0850000000         0.1629332036         2.7644811033         1.4198352856
        2.0900000000         0.6262797763         2.9754601774         1.3536264329
        2.0950000000         1.0016672156         3.1561686488         1.4211085328
        2.1000000000         1.2363734712         3.2759468245         1.4669454308
        2.1050000000         1.2974347470         3.3081499228         1.5076893402
        2.1100000000         1.1762751682         3.2446909198         1.5318810364
        2.1150000000         0.8899112377         3.1011283356         1.6133688551
        2.1200000000         0.4785619185         2.9071223532         1.6350140569
        2.1250000000         0.0000000000         2.5000000000         1.6019096306
        2.1300000000        -0.4785619185         2.0050116323         1.6413802928
        2.1350000000        -0.8899112377         1.8056533483         1.6019096306
        2.1400000000        -1.1762751682         1.6656133581         1.5649854627
        2.1450000000        -1.2974347470         1.6036820605         1.5267880477
        2.1500000000        -1.2363734712         1.6351676177         1.5013231043
        2.1550000000        -1.0016672156         1.7517226391         1.5089625874
        2.1600000000        -0.6262797763         1.9324097654         1.3421672084
        2.1650000000        -0.1629332036         2.1701711273         1.3969168366
        2.1700000000         0.3232968533         2.8364940771         1.4083760611
        2.1750000000         0.7641208280         3.0404983612         1.3778181291
        2.1800000000         1.0976263032         3.2044123892         1.4440269818
        2.1850000000         1.2769734259         3.2973074311         1.4873173855
        2.1900000000         1.2769734259         3.2973074311         1.5267880477
        2.1950000000         1.0976263032         3.2044123892         1.5140555760
        2.2000000000         0.7641208280         3.0404983612         1.6541127644
        2.2050000000         0.3232968533         2.8364940771         1.6273745739
        2.2100000000        -0.1629332036         2.1701711273         1.6019096306
        2.2150000000        -0.6262797763         1.9324097654         1.6248280796
        2.2200000000        -1.0016672156         1.7517226391         1.5649854627
        2.2250000000        -1.2363734712         1.6351676177         1.5382472722
        2.2300000000        -1.2974347470         1.6036820605         1.5051428458
        2.2350000000        -1.1762751682         1.6656133581         1.5115090817
        2.2400000000        -0.8899112377         1.8056533483         1.4274747686
        2.2450000000        -0.4785619185         2.0050116323         1.3434404556
        2.2500000000        -0.0000000000         2.5000000000         1.4198352856
        2.2550000000         0.4785619185         2.9071223532         1.3650856574
        2.2600000000         0.8899112377         3.1011283356         1.4109225555
        2.2650000000         1.1762751682         3.2446909198         1.4618524422
        2.2700000000         1.2974347470         3.3081499228         1.5038695987
        2.2750000000         1.2363734712         3.2759468245         1.5242415534
        2.2800000000         1.0016672156         3.1561686488         1.5166020704
        2.2850000000         0.6262797763         2.9754601774         1.6732114719
        2.2900000000         0.1629332036         2.7644811033         1.6120956079
        2.2950000000        -0.3232968533         2.0841072472         1.6286478211
        2.3000000000        -0.7641208280         1.8659746191         1.6108223607
        2.3050000000        -1.0976263032         1.7047704716         1.5675319570
        2.3100000000        -1.2769734259         1.6142995950         1.5306077892
        2.3150000000        -1.2769734259         1.6142995950         1.4962301157
        2.3200000000        -1.0976263032         1.7047704716         1.5000498572
        2.3250000000        -0.7641208280         1.8659746191         1.3332544783
        2.3300000000        -0.3232968533         2.0841072472         1.3981900838
        2.3350000000         0.1629332036         2.7644811033         1.3714518933
        2.3400000000         0.6262797763         2.9754601774         1.3829111178
        2.3450000000         1.0016672156         3.1561686488         1.4376607460
        2.3500000000         1.2363734712         3.2759468245         1.4822243968
        2.3550000000         1.2974347470         3.3081499228         1.5306077892
        2.3600000000         1.1762751682         3.2446909198         1.5038695987
        2.3650000000         0.8899112377         3.1011283356         1.5433402609
        2.3700000000         0.4785619185         2.9071223532         1.6783044606
        2.3750000000         0.0000000000         2.5000000000         1.6070026192
        2.3800000000        -0.4785619185         2.0050116323         1.6426535399
        2.3850000000        -0.8899112377         1.8056533483         1.6235548324
        2.3900000000        -1.1762751682         1.6656133581         1.5751714401
        2.3950000000        -1.2974347470         1.6036820605         1.5357007779
        2.4000000000        -1.2363734712         1.6351676177         1.4962301157
        2.4050000000        -1.0016672156         1.7517226391         1.4351142516
        2.4100000000        -0.6262797763         1.9324097654         1.3574461744
        2.4150000000        -0.1629332036         2.1701711273         1.4160155441
        2.4200000000         0.3232968533         2.8364940771         1.3574461744
        2.4250000000         0.7641208280         3.0404983612         1.4198352856
        2.4300000000         1.0976263032         3.2044123892         1.4605791950
        2.4350000000         1.2769734259         3.2973074311         1.5051428458
        2.4400000000         1.2769734259         3.2973074311         1.5229683062
        2.4450000000         1.0976263032         3.2044123892         1.5102358345
        2.4500000000         0.7641208280         3.0404983612         1.5662587099
        2.4550000000         0.3232968533         2.8364940771         1.6821242021
        2.4600000000        -0.1629332036         2.1701711273         1.6095491136
        2.4650000000        -0.6262797763         1.9324097654         1.6095491136
        2.4700000000        -1.0016672156         1.7517226391         1.5802644287
        2.4750000000        -1.2363734712         1.6351676177         1.5369740250
        2.4800000000        -1.2974347470         1.6036820605         1.5051428458
        2.4850000000        -1.1762751682         1.6656133581         1.4936836213
        2.4900000000        -0.8899112377         1.8056533483         1.4160155441
        2.4950000000        -0.4785619185         2.0050116323         1.3459869499
        2.5000000000        -0.0000000000         2.5000000000         1.4121958026
        2.5050000000         0.4785619185         2.9071223532         1.3739983876
        2.5100000000         0.8899112377         3.1011283356         1.4020098253
        2.5150000000         1.1762751682         3.2446909198         1.4631256893
        2.5200000000         1.2974347470         3.3081499228         1.4962301157
        2.5250000000         1.2363734712         3.2759468245         1.5255148005
        2.5300000000         1.0016672156         3.1561686488         1.5204218119
        2.5350000000         0.6262797763         2.9754601774         1.6783044606
        2.5400000000         0.1629332036         2.7644811033         1.6095491136
        2.5450000000        -0.3232968533         2.0841072472         1.6273745739
        2.5500000000        -0.7641208280         1.8659746191         1.6222815852
        2.5550000000        -1.0976263032         1.7047704716         1.5802644287
        2.5600000000        -1.2769734259         1.6142995950         1.5407937665
        2.5650000000        -1.2769734259         1.6142995950         1.5013231043
        2.5700000000        -1.0976263032         1.7047704716         1.4733116667
        2.5750000000        -0.7641208280         1.8659746191         1.3358009726
        2.5800000000        -0.3232968533         2.0841072472         1.4172887913
        2.5850000000         0.1629332036         2.7644811033         1.3625391631
        2.5900000000         0.6262797763         2.9754601774         1.4007365781
        2.5950000000         1.0016672156         3.1561686488         1.4516664648
        2.6000000000         1.2363734712         3.2759468245         1.4885906327
        2.6050000000         1.2974347470         3.3081499228         1.5267880477
        2.6100000000         1.1762751682         3.2446909198         1.5089625874
        2.6150000000         0.8899112377         3.1011283356         1.5306077892
        2.6200000000         0.4785619185         2.9071223532         1.6846706964
        2.6250000000         0.0000000000         2.5000000000         1.6159153494
        2.6300000000        -0.4785619185         2.0050116323         1.6184618437
        2.6350000000        -0.8899112377         1.8056533483         1.6210083381
        2.6400000000        -1.1762751682         1.6656133581         1.5751714401
        2.6450000000        -1.2974347470         1.6036820605         1.5420670137
        2.6500000000        -1.2363734712         1.6351676177         1.5051428458
        2.6550000000        -1.0016672156         1.7517226391         1.4605791950
        2.6600000000        -0.6262797763         1.9324097654         1.3498066914
        2.6650000000        -0.1629332036         2.1701711273         1.4223817800
        2.6700000000         0.3232968533         2.8364940771         1.3689053989
        2.6750000000         0.7641208280         3.0404983612         1.4121958026
        2.6800000000         1.0976263032         3.2044123892         1.4542129592
        2.6850000000         1.2769734259         3.2973074311         1.4911371270
        2.6900000000         1.2769734259         3.2973074311         1.5204218119
        2.6950000000         1.0976263032         3.2044123892         1.5038695987
        2.7000000000         0.7641208280         3.0404983612         1.6120956079
        2.7050000000         0.3232968533         2.8364940771         1.6566592588
        2.7100000000        -0.1629332036         2.1701711273         1.6159153494
        2.7150000000        -0.6262797763         1.9324097654         1.6248280796
        2.7200000000        -1.0016672156         1.7517226391         1.5815376759
        2.7250000000        -1.2363734712         1.6351676177         1.5484332495
        2.7300000000        -1.2974347470         1.6036820605         1.5140555760
        2.7350000000        -1.1762751682         1.6656133581         1.4975033628
        2.7400000000        -0.8899112377         1.8056533483         1.3981900838
        2.7450000000        -0.4785619185         2.0050116323         1.3650856574
        2.7500000000        -0.0000000000         2.5000000000         1.4134690498
        2.7550000000         0.4785619185         2.9071223532         1.3714518933
        2.7600000000         0.8899112377         3.1011283356         1.4223817800
        2.7650000000         1.1762751682         3.2446909198         1.4605791950
        2.7700000000         1.2974347470         3.3081499228         1.5038695987
        2.7750000000         1.2363734712         3.2759468245         1.5153288232
        2.7800000000         1.0016672156         3.1561686488         1.5140555760
        2.7850000000         0.6262797763         2.9754601774         1.6744847191
        2.7900000000         0.1629332036         2.7644811033         1.6248280796
        2.7950000000        -0.3232968533         2.0841072472         1.6197350909
        2.8000000000        -0.7641208280         1.8659746191         1.6222815852
        2.8050000000        -1.0976263032         1.7047704716         1.5738981929
        2.8100000000        -1.2769734259         1.6142995950         1.5458867552
        2.8150000000        -1.2769734259         1.6142995950         1.5025963515
        2.8200000000        -1.0976263032         1.7047704716         1.4771314082
        2.8250000000        -0.7641208280         1.8659746191         1.3408939613
        2.8300000000        -0.3232968533         2.0841072472         1.4160155441
        2.8350000000         0.1629332036         2.7644811033         1.3663589046
        2.8400000000         0.6262797763         2.9754601774         1.4032830725
        2.8450000000         1.0016672156         3.1561686488         1.4478467233
        2.8500000000         1.2363734712         3.2759468245         1.4834976440
        2.8550000000         1.2974347470         3.3081499228         1.5204218119
        2.8600000000         1.1762751682         3.2446909198         1.5064160930
        2.8650000000         0.8899112377         3.1011283356         1.5306077892
        2.8700000000         0.4785619185         2.9071223532         1.6884904379
        2.8750000000         0.0000000000         2.5000000000         1.6184618437
        2.8800000000        -0.4785619185         2.0050116323         1.6235548324
        2.8850000000        -0.8899112377         1.8056533483         1.6210083381
        2.8900000000        -1.1762751682         1.6656133581         1.5802644287
        2.8950000000        -1.2974347470         1.6036820605         1.5484332495
        2.9000000000        -1.2363734712         1.6351676177         1.5064160930
        2.9050000000        -1.0016672156         1.7517226391         1.4376607460
        2.9100000000        -0.6262797763         1.9324097654         1.3663589046
        2.9150000000        -0.1629332036         2.1701711273         1.4109225555
        2.9200000000         0.3232968533         2.8364940771         1.3625391631
        2.9250000000         0.7641208280         3.0404983612         1.4262015215
        2.9300000000         1.0976263032         3.2044123892         1.4643989365
        2.9350000000         1.2769734259         3.2973074311         1.4962301157
        2.9400000000         1.2769734259         3.2973074311         1.5242415534
        2.9450000000         1.0976263032         3.2044123892         1.5076893402
        2.9500000000         0.7641208280         3.0404983612         1.5700784514
        2.9550000000         0.3232968533         2.8364940771         1.6833974493
        2.9600000000        -0.1629332036         2.1701711273         1.6133688551
        2.9650000000        -0.6262797763         1.9324097654         1.6120956079
        2.9700000000        -1.0016672156         1.7517226391         1.5815376759
        2.9750000000        -1.2363734712         1.6351676177         1.5458867552
        2.9800000000        -1.2974347470         1.6036820605         1.5076893402
        2.9850000000        -1.1762751682         1.6656133581         1.5000498572
        2.9900000000        -0.8899112377         1.8056533483         1.4211085328
        2.9950000000        -0.4785619185         2.0050116323         1.3574461744
