        0.0000000000         0.0000000000         2.5000000000         1.5140555760
        0.0050000000         0.4017220927         2.8720355904         1.5102358345
        0.0100000000         0.7641208280         3.0404983612         1.5115090817
        0.0150000000         1.0517220927         3.1812148573         1.5140555760
        0.0200000000         1.2363734712         3.2759468245         1.5115090817
        0.0250000000         1.3000000000         3.3095129671         1.5076893402
        0.0300000000         1.2363734712         3.2759468245         1.5458867552
        0.0350000000         1.0517220927         3.1812148573         1.7139553813
        0.0400000000         0.7641208280         3.0404983612         1.6426535399
        0.0450000000         0.4017220927         2.8720355904         1.6732114719
        0.0500000000         0.0000000000         2.5000000000         1.6808509549
        0.0550000000        -0.4017220927         2.0437195936         1.6324675626
        0.0600000000        -0.7641208280         1.8659746191         1.6248280796
        0.0650000000        -1.0517220927         1.7273272217         1.5828109231
        0.0700000000        -1.2363734712         1.6351676177         1.5484332495
        0.0750000000        -1.3000000000         1.6023459551         1.5178753175
        0.0800000000        -1.2363734712         1.6351676177         1.4936836213
        0.0850000000        -1.0517220927         1.7273272217         1.4784046553
        0.0900000000        -0.7641208280         1.8659746191         1.3116092764
        0.0950000000        -0.4017220927         2.0437195936         1.4020098253
        0.1000000000        -0.0000000000         2.5000000000         1.3841843649
        0.1050000000         0.4017220927         2.8720355904         1.3561729273
        0.1100000000         0.7641208280         3.0404983612         1.4172887913
        0.1150000000         1.0517220927         3.1812148573         1.4478467233
        0.1200000000         1.2363734712         3.2759468245         1.4822243968
        0.1250000000         1.3000000000         3.3095129671         1.5204218119
        0.1300000000         1.2363734712         3.2759468245         1.5127823289
        0.1350000000         1.0517220927         3.1812148573         1.5891771589
        0.1400000000         0.7641208280         3.0404983612         1.6808509549
        0.1450000000         0.4017220927         2.8720355904         1.6159153494
        0.1500000000         0.0000000000         2.5000000000         1.6490197758
        0.1550000000        -0.4017220927         2.0437195936         1.6515662701
        0.1600000000        -0.7641208280         1.8659746191         1.6019096306
        0.1650000000        -1.0517220927         1.7273272217         1.5751714401
        0.1700000000        -1.2363734712         1.6351676177         1.5395205194
        0.1750000000        -1.3000000000         1.6023459551         1.5051428458
        0.1800000000        -1.2363734712         1.6351676177         1.5038695987
        0.1850000000        -1.0517220927         1.7273272217         1.3485334443
        0.1900000000        -0.7641208280         1.8659746191         1.3867308593
        0.1950000000        -0.4017220927         2.0437195936         1.3905506008
        0.2000000000        -0.0000000000         2.5000000000         1.3459869499
        0.2050000000         0.4017220927         2.8720355904         1.4071028140
        0.2100000000         0.7641208280         3.0404983612         1.4185620385
        0.2150000000         1.0517220927         3.1812148573         1.4618524422
        0.2200000000         1.2363734712         3.2759468245         1.5025963515
        0.2250000000         1.3000000000         3.3095129671         1.5255148005
        0.2300000000         1.2363734712         3.2759468245         1.5102358345
        0.2350000000         1.0517220927         3.1812148573         1.5255148005
        0.2400000000         0.7641208280         3.0404983612         1.7114088870
        0.2450000000         0.4017220927         2.8720355904         1.6362873041
        0.2500000000         0.0000000000         2.5000000000         1.6273745739
        0.2550000000        -0.4017220927         2.0437195936         1.6706649776
        0.2600000000        -0.7641208280         1.8659746191         1.6286478211
        0.2650000000        -1.0517220927         1.7273272217         1.5942701476
        0.2700000000        -1.2363734712         1.6351676177         1.5573459797
        0.2750000000        -1.3000000000         1.6023459551         1.5255148005
        0.2800000000        -1.2363734712         1.6351676177         1.4478467233
        0.2850000000        -1.0517220927         1.7273272217         1.3689053989
        0.2900000000        -0.7641208280         1.8659746191         1.4045563196
        0.2950000000        -0.4017220927         2.0437195936         1.3459869499
        0.3000000000        -0.0000000000         2.5000000000         1.3981900838
        0.3050000000         0.4017220927         2.8720355904         1.3841843649
        0.3100000000         0.7641208280         3.0404983612         1.4121958026
        0.3150000000         1.0517220927         3.1812148573         1.4503932177
        0.3200000000         1.2363734712         3.2759468245         1.4885906327
        0.3250000000         1.3000000000         3.3095129671         1.5229683062
        0.3300000000         1.2363734712         3.2759468245         1.5204218119
        0.3350000000         1.0517220927         3.1812148573         1.5293345420
        0.3400000000         0.7641208280         3.0404983612         1.7063158983
        0.3450000000         0.4017220927         2.8720355904         1.6286478211
        0.3500000000         0.0000000000         2.5000000000         1.6222815852
        0.3550000000        -0.4017220927         2.0437195937         1.6757579663
        0.3600000000        -0.7641208280         1.8659746191         1.6261013267
        0.3650000000        -1.0517220927         1.7273272217         1.5929969004
        0.3700000000        -1.2363734712         1.6351676177         1.5547994854
        0.3750000000        -1.3000000000         1.6023459551         1.5204218119
        0.3800000000        -1.2363734712         1.6351676177         1.4287480158
        0.3850000000        -1.0517220927         1.7273272217         1.3765448819
        0.3900000000        -0.7641208280         1.8659746191         1.3892773536
        0.3950000000        -0.4017220927         2.0437195936         1.3510799386
        0.4000000000        -0.0000000000         2.5000000000         1.4045563196
        0.4050000000         0.4017220927         2.8720355904         1.3854576121
        0.4100000000         0.7641208280         3.0404983612         1.4121958026
        0.4150000000         1.0517220927         3.1812148573         1.4542129592
        0.4200000000         1.2363734712         3.2759468245         1.4885906327
        0.4250000000         1.3000000000         3.3095129671         1.5255148005
        0.4300000000         1.2363734712         3.2759468245         1.5166020704
        0.4350000000         1.0517220927         3.1812148573         1.5369740250
        0.4400000000         0.7641208280         3.0404983612         1.7050426511
        0.4450000000         0.4017220927         2.8720355904         1.6324675626
        0.4500000000         0.0000000000         2.5000000000         1.6222815852
        0.4550000000        -0.4017220927         2.0437195937         1.6744847191
        0.4600000000        -0.7641208280         1.8659746191         1.6210083381
        0.4650000000        -1.0517220927         1.7273272217         1.5879039117
        0.4700000000        -1.2363734712         1.6351676177         1.5497064967
        0.4750000000        -1.3000000000         1.6023459551         1.5140555760
        0.4800000000        -1.2363734712         1.6351676177         1.4121958026
        0.4850000000        -1.0517220927         1.7273272217         1.3905506008
        0.4900000000        -0.7641208280         1.8659746191         1.3829111178
        0.4950000000        -0.4017220927         2.0437195936         1.3510799386
        0.5000000000        -0.0000000000         2.5000000000         1.3969168366
        0.5050000000         0.4017220927         2.8720355904         1.3739983876
        0.5100000000         0.7641208280         3.0404983612         1.4172887913
        0.5150000000         1.0517220927         3.1812148573         1.4478467233
        0.5200000000         1.2363734712         3.2759468245         1.4885906327
        0.5250000000         1.3000000000         3.3095129671         1.5191485647
        0.5300000000         1.2363734712         3.2759468245         1.5216950590
        0.5350000000         1.0517220927         3.1812148573         1.5178753175
        0.5400000000         0.7641208280         3.0404983612         1.6884904379
        0.5450000000         0.4017220927         2.8720355904         1.6337408098
        0.5500000000         0.0000000000         2.5000000000         1.6261013267
        0.5550000000        -0.4017220927         2.0437195937         1.6693917304
        0.5600000000        -0.7641208280         1.8659746191         1.6235548324
        0.5650000000        -1.0517220927         1.7273272217         1.5866306646
        0.5700000000        -1.2363734712         1.6351676177         1.5535262382
        0.5750000000        -1.3000000000         1.6023459551         1.5153288232
        0.5800000000        -1.2363734712         1.6351676177         1.4694919252
        0.5850000000        -1.0517220927         1.7273272217         1.3587194216
        0.5900000000        -0.7641208280         1.8659746191         1.4083760611
        0.5950000000        -0.4017220927         2.0437195936         1.3358009726
        0.6000000000        -0.0000000000         2.5000000000         1.3930970951
        0.6050000000         0.4017220927         2.8720355904         1.3880041065
        0.6100000000         0.7641208280         3.0404983612         1.4121958026
        0.6150000000         1.0517220927         3.1812148573         1.4580327007
        0.6200000000         1.2363734712         3.2759468245         1.4860441383
        0.6250000000         1.3000000000         3.3095129671         1.5191485647
        0.6300000000         1.2363734712         3.2759468245         1.5191485647
        0.6350000000         1.0517220927         3.1812148573         1.5357007779
        0.6400000000         0.7641208280         3.0404983612         1.6935834266
        0.6450000000         0.4017220927         2.8720355904         1.6210083381
        0.6500000000         0.0000000000         2.5000000000         1.6401070456
        0.6550000000        -0.4017220927         2.0437195937         1.6592057531
        0.6600000000        -0.7641208280         1.8659746191         1.6146421022
        0.6650000000        -1.0517220927         1.7273272217         1.5726249457
        0.6700000000        -1.2363734712         1.6351676177         1.5420670137
        0.6750000000        -1.3000000000         1.6023459551         1.5064160930
        0.6800000000        -1.2363734712         1.6351676177         1.5000498572
        0.6850000000        -1.0517220927         1.7273272217         1.3358009726
        0.6900000000        -0.7641208280         1.8659746191         1.3994633310
        0.6950000000        -0.4017220927         2.0437195936         1.3676321518
        0.7000000000        -0.0000000000         2.5000000000         1.3599926688
        0.7050000000         0.4017220927         2.8720355904         1.4083760611
        0.7100000000         0.7641208280         3.0404983612         1.4172887913
        0.7150000000         1.0517220927         3.1812148573         1.4529397120
        0.7200000000         1.2363734712         3.2759468245         1.4898638798
        0.7250000000         1.3000000000         3.3095129671         1.5191485647
        0.7300000000         1.2363734712         3.2759468245         1.5178753175
        0.7350000000         1.0517220927         3.1812148573         1.5420670137
        0.7400000000         0.7641208280         3.0404983612         1.7037694040
        0.7450000000         0.4017220927         2.8720355904         1.6286478211
        0.7500000000         0.0000000000         2.5000000000         1.6350140569
        0.7550000000        -0.4017220927         2.0437195937         1.6668452361
        0.7600000000        -0.7641208280         1.8659746191         1.6159153494
        0.7650000000        -1.0517220927         1.7273272217         1.5866306646
        0.7700000000        -1.2363734712         1.6351676177         1.5471600024
        0.7750000000        -1.3000000000         1.6023459551         1.5115090817
        0.7800000000        -1.2363734712         1.6351676177         1.5025963515
        0.7850000000        -1.0517220927         1.7273272217         1.3612659159
        0.7900000000        -0.7641208280         1.8659746191         1.3880041065
        0.7950000000        -0.4017220927         2.0437195936         1.3854576121
        0.8000000000        -0.0000000000         2.5000000000         1.3561729273
        0.8050000000         0.4017220927         2.8720355904         1.4058295668
        0.8100000000         0.7641208280         3.0404983612         1.4185620385
        0.8150000000         1.0517220927         3.1812148573         1.4567594535
        0.8200000000         1.2363734712         3.2759468245         1.4847708912
        0.8250000000         1.3000000000         3.3095129671         1.5153288232
        0.8300000000         1.2363734712         3.2759468245         1.5166020704
        0.8350000000         1.0517220927         3.1812148573         1.5306077892
        0.8400000000         0.7641208280         3.0404983612         1.7037694040
        0.8450000000         0.4017220927         2.8720355904         1.6337408098
        0.8500000000         0.0000000000         2.5000000000         1.6261013267
        0.8550000000        -0.4017220927         2.0437195937         1.6681184833
        0.8600000000        -0.7641208280         1.8659746191         1.6222815852
        0.8650000000        -1.0517220927         1.7273272217         1.5802644287
        0.8700000000        -1.2363734712         1.6351676177         1.5458867552
        0.8750000000        -1.3000000000         1.6023459551         1.5115090817
        0.8800000000        -1.2363734712         1.6351676177         1.4975033628
        0.8850000000        -1.0517220927         1.7273272217         1.3396207141
        0.8900000000        -0.7641208280         1.8659746191         1.4071028140
        0.8950000000        -0.4017220927         2.0437195936         1.3599926688
        0.9000000000        -0.0000000000         2.5000000000         1.3714518933
        0.9050000000         0.4017220927         2.8720355904         1.4007365781
        0.9100000000         0.7641208280         3.0404983612         1.4185620385
        0.9150000000         1.0517220927         3.1812148573         1.4529397120
        0.9200000000         1.2363734712         3.2759468245         1.4822243968
        0.9250000000         1.3000000000         3.3095129671         1.5166020704
        0.9300000000         1.2363734712         3.2759468245         1.5140555760
        0.9350000000         1.0517220927         3.1812148573         1.5547994854
        0.9400000000         0.7641208280         3.0404983612         1.6948566738
        0.9450000000         0.4017220927         2.8720355904         1.6222815852
        0.9500000000         0.0000000000         2.5000000000         1.6337408098
        0.9550000000        -0.4017220927         2.0437195937         1.6642987418
        0.9600000000        -0.7641208280         1.8659746191         1.6095491136
        0.9650000000        -1.0517220927         1.7273272217         1.5802644287
        0.9700000000        -1.2363734712         1.6351676177         1.5407937665
        0.9750000000        -1.3000000000         1.6023459551         1.5038695987
        0.9800000000        -1.2363734712         1.6351676177         1.4962301157
        0.9850000000        -1.0517220927         1.7273272217         1.3370742198
        0.9900000000        -0.7641208280         1.8659746191         1.4007365781
        0.9950000000        -0.4017220927         2.0437195936         1.3663589046
        1.0000000000        -0.0000000000         2.5000000000         1.3523531858
        1.0050000000         0.4017220927         2.8720355904         1.4109225555
        1.0100000000         0.7641208280         3.0404983612         1.4020098253
        1.0150000000         1.0517220927         3.1812148573         1.4414804875
        1.0200000000         1.2363734712         3.2759468245         1.4784046553
        1.0250000000         1.3000000000         3.3095129671         1.5140555760
        1.0300000000         1.2363734712         3.2759468245         1.5216950590
        1.0350000000         1.0517220927         3.1812148573         1.5369740250
        1.0400000000         0.7641208280         3.0404983612         1.7037694040
        1.0450000000         0.4017220927         2.8720355904         1.6273745739
        1.0500000000         0.0000000000         2.5000000000         1.6261013267
        1.0550000000        -0.4017220927         2.0437195937         1.6668452361
        1.0600000000        -0.7641208280         1.8659746191         1.6108223607
        1.0650000000        -1.0517220927         1.7273272217         1.5815376759
        1.0700000000        -1.2363734712         1.6351676177         1.5446135080
        1.0750000000        -1.3000000000         1.6023459551         1.5089625874
        1.0800000000        -1.2363734712         1.6351676177         1.4936836213
        1.0850000000        -1.0517220927         1.7273272217         1.3358009726
        1.0900000000        -0.7641208280         1.8659746191         1.3994633310
        1.0950000000        -0.4017220927         2.0437195936         1.3625391631
        1.1000000000        -0.0000000000         2.5000000000         1.3676321518
        1.1050000000         0.4017220927         2.8720355904         1.4083760611
        1.1100000000         0.7641208280         3.0404983612         1.4032830725
        1.1150000000         1.0517220927         3.1812148573         1.4542129592
        1.1200000000         1.2363734712         3.2759468245         1.4885906327
        1.1250000000         1.3000000000         3.3095129671         1.5229683062
        1.1300000000         1.2363734712         3.2759468245         1.5153288232
        1.1350000000         1.0517220927         3.1812148573         1.5407937665
        1.1400000000         0.7641208280         3.0404983612         1.6974031681
        1.1450000000         0.4017220927         2.8720355904         1.6286478211
        1.1500000000         0.0000000000         2.5000000000         1.6235548324
        1.1550000000        -0.4017220927         2.0437195937         1.6744847191
        1.1600000000        -0.7641208280         1.8659746191         1.6184618437
        1.1650000000        -1.0517220927         1.7273272217         1.5904504061
        1.1700000000        -1.2363734712         1.6351676177         1.5522529910
        1.1750000000        -1.3000000000         1.6023459551         1.5115090817
        1.1800000000        -1.2363734712         1.6351676177         1.4440269818
        1.1850000000        -1.0517220927         1.7273272217         1.3650856574
        1.1900000000        -0.7641208280         1.8659746191         1.4020098253
        1.1950000000        -0.4017220927         2.0437195936         1.3345277254
        1.2000000000        -0.0000000000         2.5000000000         1.3994633310
        1.2050000000         0.4017220927         2.8720355904         1.3892773536
        1.2100000000         0.7641208280         3.0404983612         1.4083760611
        1.2150000000         1.0517220927         3.1812148573         1.4503932177
        1.2200000000         1.2363734712         3.2759468245         1.4885906327
        1.2250000000         1.3000000000         3.3095129671         1.5229683062
        1.2300000000         1.2363734712         3.2759468245         1.5166020704
        1.2350000000         1.0517220927         3.1812148573         1.5586192269
        1.2400000000         0.7641208280         3.0404983612         1.7037694040
        1.2450000000         0.4017220927         2.8720355904         1.6197350909
        1.2500000000         0.0000000000         2.5000000000         1.6426535399
        1.2550000000        -0.4017220927         2.0437195937         1.6719382248
        1.2600000000        -0.7641208280         1.8659746191         1.6159153494
        1.2650000000        -1.0517220927         1.7273272217         1.5891771589
        1.2700000000        -1.2363734712         1.6351676177         1.5547994854
        1.2750000000        -1.3000000000         1.6023459551         1.5140555760
        1.2800000000        -1.2363734712         1.6351676177         1.4911371270
        1.2850000000        -1.0517220927         1.7273272217         1.3459869499
        1.2900000000        -0.7641208280         1.8659746191         1.4071028140
        1.2950000000        -0.4017220927         2.0437195936         1.3485334443
        1.3000000000        -0.0000000000         2.5000000000         1.3765448819
        1.3050000000         0.4017220927         2.8720355904         1.3994633310
        1.3100000000         0.7641208280         3.0404983612         1.4032830725
        1.3150000000         1.0517220927         3.1812148573         1.4453002290
        1.3200000000         1.2363734712         3.2759468245         1.4796779025
        1.3250000000         1.3000000000         3.3095129671         1.5140555760
        1.3300000000         1.2363734712         3.2759468245         1.5204218119
        1.3350000000         1.0517220927         3.1812148573         1.5484332495
        1.3400000000         0.7641208280         3.0404983612         1.6999496625
        1.3450000000         0.4017220927         2.8720355904         1.6222815852
        1.3500000000         0.0000000000         2.5000000000         1.6324675626
        1.3550000000        -0.4017220927         2.0437195937         1.6744847191
        1.3600000000        -0.7641208280         1.8659746191         1.6197350909
        1.3650000000        -1.0517220927         1.7273272217         1.5879039117
        1.3700000000        -1.2363734712         1.6351676177         1.5598924740
        1.3750000000        -1.3000000000         1.6023459551         1.5140555760
        1.3800000000        -1.2363734712         1.6351676177         1.4758581610
        1.3850000000        -1.0517220927         1.7273272217         1.3472601971
        1.3900000000        -0.7641208280         1.8659746191         1.4071028140
        1.3950000000        -0.4017220927         2.0437195936         1.3396207141
        1.4000000000        -0.0000000000         2.5000000000         1.3930970951
        1.4050000000         0.4017220927         2.8720355904         1.3867308593
        1.4100000000         0.7641208280         3.0404983612         1.4083760611
        1.4150000000         1.0517220927         3.1812148573         1.4503932177
        1.4200000000         1.2363734712         3.2759468245         1.4873173855
        1.4250000000         1.3000000000         3.3095129671         1.5255148005
        1.4300000000         1.2363734712         3.2759468245         1.5178753175
        1.4350000000         1.0517220927         3.1812148573         1.5509797439
        1.4400000000         0.7641208280         3.0404983612         1.6961299210
        1.4450000000         0.4017220927         2.8720355904         1.6222815852
        1.4500000000         0.0000000000         2.5000000000         1.6324675626
        1.4550000000        -0.4017220927         2.0437195937         1.6693917304
        1.4600000000        -0.7641208280         1.8659746191         1.6197350909
        1.4650000000        -1.0517220927         1.7273272217         1.5917236532
        1.4700000000        -1.2363734712         1.6351676177         1.5547994854
        1.4750000000        -1.3000000000         1.6023459551         1.5102358345
        1.4800000000        -1.2363734712         1.6351676177         1.4402072403
        1.4850000000        -1.0517220927         1.7273272217         1.3625391631
        1.4900000000        -0.7641208280         1.8659746191         1.3969168366
        1.4950000000        -0.4017220927         2.0437195936         1.3383474669
        1.5000000000        -0.0000000000         2.5000000000         1.3956435895
        1.5050000000         0.4017220927         2.8720355904         1.3727251404
        1.5100000000         0.7641208280         3.0404983612         1.4134690498
        1.5150000000         1.0517220927         3.1812148573         1.4465734762
        1.5200000000         1.2363734712         3.2759468245         1.4873173855
        1.5250000000         1.3000000000         3.3095129671         1.5242415534
        1.5300000000         1.2363734712         3.2759468245         1.5178753175
        1.5350000000         1.0517220927         3.1812148573         1.5153288232
        1.5400000000         0.7641208280         3.0404983612         1.6833974493
        1.5450000000         0.4017220927         2.8720355904         1.6490197758
        1.5500000000         0.0000000000         2.5000000000         1.6210083381
        1.5550000000        -0.4017220927         2.0437195937         1.6642987418
        1.5600000000        -0.7641208280         1.8659746191         1.6299210682
        1.5650000000        -1.0517220927         1.7273272217         1.5904504061
        1.5700000000        -1.2363734712         1.6351676177         1.5624389684
        1.5750000000        -1.3000000000         1.6023459551         1.5267880477
        1.5800000000        -1.2363734712         1.6351676177         1.4351142516
        1.5850000000        -1.0517220927         1.7273272217         1.3790913763
        1.5900000000        -0.7641208280         1.8659746191         1.3905506008
        1.5950000000        -0.4017220927         2.0437195936         1.3536264329
        1.6000000000        -0.0000000000         2.5000000000         1.3943703423
        1.6050000000         0.4017220927         2.8720355904         1.3867308593
        1.6100000000         0.7641208280         3.0404983612         1.4223817800
        1.6150000000         1.0517220927         3.1812148573         1.4618524422
        1.6200000000         1.2363734712         3.2759468245         1.4987766100
        1.6250000000         1.3000000000         3.3095129671         1.5242415534
        1.6300000000         1.2363734712         3.2759468245         1.5191485647
        1.6350000000         1.0517220927         3.1812148573         1.5166020704
        1.6400000000         0.7641208280         3.0404983612         1.6833974493
        1.6450000000         0.4017220927         2.8720355904         1.6553860116
        1.6500000000         0.0000000000         2.5000000000         1.6222815852
        1.6550000000        -0.4017220927         2.0437195937         1.6604790003
        1.6600000000        -0.7641208280         1.8659746191         1.6388337984
        1.6650000000        -1.0517220927         1.7273272217         1.5968166419
        1.6700000000        -1.2363734712         1.6351676177         1.5649854627
        1.6750000000        -1.3000000000         1.6023459551         1.5242415534
        1.6800000000        -1.2363734712         1.6351676177         1.3981900838
        1.6850000000        -1.0517220927         1.7273272217         1.4160155441
        1.6900000000        -0.7641208280         1.8659746191         1.3536264329
        1.6950000000        -0.4017220927         2.0437195936         1.3739983876
        1.7000000000        -0.0000000000         2.5000000000         1.3918238480
        1.7050000000         0.4017220927         2.8720355904         1.3956435895
        1.7100000000         0.7641208280         3.0404983612         1.4325677573
        1.7150000000         1.0517220927         3.1812148573         1.4631256893
        1.7200000000         1.2363734712         3.2759468245         1.5076893402
        1.7250000000         1.3000000000         3.3095129671         1.5280612949
        1.7300000000         1.2363734712         3.2759468245         1.5153288232
        1.7350000000         1.0517220927         3.1812148573         1.5127823289
        1.7400000000         0.7641208280         3.0404983612         1.6923101795
        1.7450000000         0.4017220927         2.8720355904         1.6528395173
        1.7500000000         0.0000000000         2.5000000000         1.6273745739
        1.7550000000        -0.4017220927         2.0437195937         1.6719382248
        1.7600000000        -0.7641208280         1.8659746191         1.6388337984
        1.7650000000        -1.0517220927         1.7273272217         1.6031828777
        1.7700000000        -1.2363734712         1.6351676177         1.5726249457
        1.7750000000        -1.3000000000         1.6023459551         1.5267880477
        1.7800000000        -1.2363734712         1.6351676177         1.4185620385
        1.7850000000        -1.0517220927         1.7273272217         1.3994633310
        1.7900000000        -0.7641208280         1.8659746191         1.3714518933
        1.7950000000        -0.4017220927         2.0437195936         1.3650856574
        1.8000000000        -0.0000000000         2.5000000000         1.4007365781
        1.8050000000         0.4017220927         2.8720355904         1.3778181291
        1.8100000000         0.7641208280         3.0404983612         1.4262015215
        1.8150000000         1.0517220927         3.1812148573         1.4529397120
        1.8200000000         1.2363734712         3.2759468245         1.4898638798
        1.8250000000         1.3000000000         3.3095129671         1.5229683062
        1.8300000000         1.2363734712         3.2759468245         1.5153288232
        1.8350000000         1.0517220927         3.1812148573         1.5216950590
        1.8400000000         0.7641208280         3.0404983612         1.6935834266
        1.8450000000         0.4017220927         2.8720355904         1.6413802928
        1.8500000000         0.0000000000         2.5000000000         1.6222815852
        1.8550000000        -0.4017220927         2.0437195937         1.6706649776
        1.8600000000        -0.7641208280         1.8659746191         1.6286478211
        1.8650000000        -1.0517220927         1.7273272217         1.5968166419
        1.8700000000        -1.2363734712         1.6351676177         1.5624389684
        1.8750000000        -1.3000000000         1.6023459551         1.5204218119
        1.8800000000        -1.2363734712         1.6351676177         1.4096493083
        1.8850000000        -1.0517220927         1.7273272217         1.3981900838
        1.8900000000        -0.7641208280         1.8659746191         1.3689053989
        1.8950000000        -0.4017220927         2.0437195936         1.3650856574
        1.9000000000        -0.0000000000         2.5000000000         1.3994633310
        1.9050000000         0.4017220927         2.8720355904         1.3829111178
        1.9100000000         0.7641208280         3.0404983612         1.4312945101
        1.9150000000         1.0517220927         3.1812148573         1.4580327007
        1.9200000000         1.2363734712         3.2759468245         1.4975033628
        1.9250000000         1.3000000000         3.3095129671         1.5280612949
        1.9300000000         1.2363734712         3.2759468245         1.5166020704
        1.9350000000         1.0517220927         3.1812148573         1.5306077892
        1.9400000000         0.7641208280         3.0404983612         1.6974031681
        1.9450000000         0.4017220927         2.8720355904         1.6401070456
        1.9500000000         0.0000000000         2.5000000000         1.6273745739
        1.9550000000        -0.4017220927         2.0437195937         1.6719382248
        1.9600000000        -0.7641208280         1.8659746191         1.6248280796
        1.9650000000        -1.0517220927         1.7273272217         1.5917236532
        1.9700000000        -1.2363734712         1.6351676177         1.5598924740
        1.9750000000        -1.3000000000         1.6023459551         1.5178753175
        1.9800000000        -1.2363734712         1.6351676177         1.4121958026
        1.9850000000        -1.0517220927         1.7273272217         1.3969168366
        1.9900000000        -0.7641208280         1.8659746191         1.3689053989
        1.9950000000        -0.4017220927         2.0437195936         1.3625391631
        2.0000000000        -0.0000000000         2.5000000000         1.3969168366
        2.0050000000         0.4017220927         2.8720355904         1.3790913763
        2.0100000000         0.7641208280         3.0404983612         1.4211085328
        2.0150000000         1.0517220927         3.1812148573         1.4503932177
        2.0200000000         1.2363734712         3.2759468245         1.4898638798
        2.0250000000         1.3000000000         3.3095129671         1.5242415534
        2.0300000000         1.2363734712         3.2759468245         1.5140555760
        2.0350000000         1.0517220927         3.1812148573         1.5153288232
        2.0400000000         0.7641208280         3.0404983612         1.6833974493
        2.0450000000         0.4017220927         2.8720355904         1.6477465286
        2.0500000000         0.0000000000         2.5000000000         1.6235548324
        2.0550000000        -0.4017220927         2.0437195937         1.6630254946
        2.0600000000        -0.7641208280         1.8659746191         1.6337408098
        2.0650000000        -1.0517220927         1.7273272217         1.5942701476
        2.0700000000        -1.2363734712         1.6351676177         1.5637122155
        2.0750000000        -1.3000000000         1.6023459551         1.5216950590
        2.0800000000        -1.2363734712         1.6351676177         1.4236550271
        2.0850000000        -1.0517220927         1.7273272217         1.3930970951
        2.0900000000        -0.7641208280         1.8659746191         1.3790913763
        2.0950000000        -0.4017220927         2.0437195936         1.3599926688
        2.1000000000        -0.0000000000         2.5000000000         1.4032830725
        2.1050000000         0.4017220927         2.8720355904         1.3867308593
        2.1100000000         0.7641208280         3.0404983612         1.4300212630
        2.1150000000         1.0517220927         3.1812148573         1.4542129592
        2.1200000000         1.2363734712         3.2759468245         1.4924103742
        2.1250000000         1.3000000000         3.3095129671         1.5293345420
        2.1300000000         1.2363734712         3.2759468245         1.5166020704
        2.1350000000         1.0517220927         3.1812148573         1.5191485647
        2.1400000000         0.7641208280         3.0404983612         1.6961299210
        2.1450000000         0.4017220927         2.8720355904         1.6452000343
        2.1500000000         0.0000000000         2.5000000000         1.6210083381
        2.1550000000        -0.4017220927         2.0437195937         1.6681184833
        2.1600000000        -0.7641208280         1.8659746191         1.6324675626
        2.1650000000        -1.0517220927         1.7273272217         1.5929969004
        2.1700000000        -1.2363734712         1.6351676177         1.5649854627
        2.1750000000        -1.3000000000         1.6023459551         1.5216950590
        2.1800000000        -1.2363734712         1.6351676177         1.4032830725
        2.1850000000        -1.0517220927         1.7273272217         1.4032830725
        2.1900000000        -0.7641208280         1.8659746191         1.3587194216
        2.1950000000        -0.4017220927         2.0437195936         1.3714518933
        2.2000000000        -0.0000000000         2.5000000000         1.3918238480
        2.2050000000         0.4017220927         2.8720355904         1.3956435895
        2.2100000000         0.7641208280         3.0404983612         1.4312945101
        2.2150000000         1.0517220927         3.1812148573         1.4656721837
        2.2200000000         1.2363734712         3.2759468245         1.5038695987
        2.2250000000         1.3000000000         3.3095129671         1.5267880477
        2.2300000000         1.2363734712         3.2759468245         1.5178753175
        2.2350000000         1.0517220927         3.1812148573         1.5204218119
        2.2400000000         0.7641208280         3.0404983612         1.6961299210
        2.2450000000         0.4017220927         2.8720355904         1.6426535399
        2.2500000000         0.0000000000         2.5000000000         1.6248280796
        2.2550000000        -0.4017220927         2.0437195937         1.6757579663
        2.2600000000        -0.7641208280         1.8659746191         1.6299210682
        2.2650000000        -1.0517220927         1.7273272217         1.6006363834
        2.2700000000        -1.2363734712         1.6351676177         1.5662587099
        2.2750000000        -1.3000000000         1.6023459551         1.5242415534
        2.2800000000        -1.2363734712         1.6351676177         1.4312945101
        2.2850000000        -1.0517220927         1.7273272217         1.3892773536
        2.2900000000        -0.7641208280         1.8659746191         1.3829111178
        2.2950000000        -0.4017220927         2.0437195936         1.3599926688
        2.3000000000        -0.0000000000         2.5000000000         1.4045563196
        2.3050000000         0.4017220927         2.8720355904         1.3790913763
        2.3100000000         0.7641208280         3.0404983612         1.4236550271
        2.3150000000         1.0517220927         3.1812148573         1.4453002290
        2.3200000000         1.2363734712         3.2759468245         1.4924103742
        2.3250000000         1.3000000000         3.3095129671         1.5229683062
        2.3300000000         1.2363734712         3.2759468245         1.5204218119
        2.3350000000         1.0517220927         3.1812148573         1.5293345420
        2.3400000000         0.7641208280         3.0404983612         1.6986764153
        2.3450000000         0.4017220927         2.8720355904         1.6311943154
        2.3500000000         0.0000000000         2.5000000000         1.6299210682
        2.3550000000        -0.4017220927         2.0437195937         1.6732114719
        2.3600000000        -0.7641208280         1.8659746191         1.6261013267
        2.3650000000        -1.0517220927         1.7273272217         1.5929969004
        2.3700000000        -1.2363734712         1.6351676177         1.5598924740
        2.3750000000        -1.3000000000         1.6023459551         1.5153288232
        2.3800000000        -1.2363734712         1.6351676177         1.4402072403
        2.3850000000        -1.0517220927         1.7273272217         1.3854576121
        2.3900000000        -0.7641208280         1.8659746191         1.3854576121
        2.3950000000        -0.4017220927         2.0437195936         1.3536264329
        2.4000000000        -0.0000000000         2.5000000000         1.4032830725
        2.4050000000         0.4017220927         2.8720355904         1.3676321518
        2.4100000000         0.7641208280         3.0404983612         1.4287480158
        2.4150000000         1.0517220927         3.1812148573         1.4529397120
        2.4200000000         1.2363734712         3.2759468245         1.4898638798
        2.4250000000         1.3000000000         3.3095129671         1.5191485647
        2.4300000000         1.2363734712         3.2759468245         1.5166020704
        2.4350000000         1.0517220927         3.1812148573         1.5407937665
        2.4400000000         0.7641208280         3.0404983612         1.6999496625
        2.4450000000         0.4017220927         2.8720355904         1.6261013267
        2.4500000000         0.0000000000         2.5000000000         1.6299210682
        2.4550000000        -0.4017220927         2.0437195937         1.6719382248
        2.4600000000        -0.7641208280         1.8659746191         1.6210083381
        2.4650000000        -1.0517220927         1.7273272217         1.5904504061
        2.4700000000        -1.2363734712         1.6351676177         1.5547994854
        2.4750000000        -1.3000000000         1.6023459551         1.5102358345
        2.4800000000        -1.2363734712         1.6351676177         1.4287480158
        2.4850000000        -1.0517220927         1.7273272217         1.3778181291
        2.4900000000        -0.7641208280         1.8659746191         1.3854576121
        2.4950000000        -0.4017220927         2.0437195936         1.3561729273
        2.5000000000        -0.0000000000         2.5000000000         1.3956435895
        2.5050000000         0.4017220927         2.8720355904         1.3739983876
        2.5100000000         0.7641208280         3.0404983612         1.4198352856
        2.5150000000         1.0517220927         3.1812148573         1.4516664648
        2.5200000000         1.2363734712         3.2759468245         1.4898638798
        2.5250000000         1.3000000000         3.3095129671         1.5255148005
        2.5300000000         1.2363734712         3.2759468245         1.5153288232
        2.5350000000         1.0517220927         3.1812148573         1.5191485647
        2.5400000000         0.7641208280         3.0404983612         1.6859439436
        2.5450000000         0.4017220927         2.8720355904         1.6401070456
        2.5500000000         0.0000000000         2.5000000000         1.6273745739
        2.5550000000        -0.4017220927         2.0437195937         1.6681184833
        2.5600000000        -0.7641208280         1.8659746191         1.6311943154
        2.5650000000        -1.0517220927         1.7273272217         1.5917236532
        2.5700000000        -1.2363734712         1.6351676177         1.5547994854
        2.5750000000        -1.3000000000         1.6023459551         1.5166020704
        2.5800000000        -1.2363734712         1.6351676177         1.4478467233
        2.5850000000        -1.0517220927         1.7273272217         1.3676321518
        2.5900000000        -0.7641208280         1.8659746191         1.3956435895
        2.5950000000        -0.4017220927         2.0437195936         1.3523531858
        2.6000000000        -0.0000000000         2.5000000000         1.4007365781
        2.6050000000         0.4017220927         2.8720355904         1.3829111178
        2.6100000000         0.7641208280         3.0404983612         1.4249282743
        2.6150000000         1.0517220927         3.1812148573         1.4618524422
        2.6200000000         1.2363734712         3.2759468245         1.5013231043
        2.6250000000         1.3000000000         3.3095129671         1.5267880477
        2.6300000000         1.2363734712         3.2759468245         1.5140555760
        2.6350000000         1.0517220927         3.1812148573         1.5204218119
        2.6400000000         0.7641208280         3.0404983612         1.6910369323
        2.6450000000         0.4017220927         2.8720355904         1.6464732814
        2.6500000000         0.0000000000         2.5000000000         1.6248280796
        2.6550000000        -0.4017220927         2.0437195937         1.6604790003
        2.6600000000        -0.7641208280         1.8659746191         1.6324675626
        2.6650000000        -1.0517220927         1.7273272217         1.6006363834
        2.6700000000        -1.2363734712         1.6351676177         1.5624389684
        2.6750000000        -1.3000000000         1.6023459551         1.5191485647
        2.6800000000        -1.2363734712         1.6351676177         1.4058295668
        2.6850000000        -1.0517220927         1.7273272217         1.4071028140
        2.6900000000        -0.7641208280         1.8659746191         1.3638124103
        2.6950000000        -0.4017220927         2.0437195936         1.3714518933
        2.7000000000        -0.0000000000         2.5000000000         1.3918238480
        2.7050000000         0.4017220927         2.8720355904         1.3867308593
        2.7100000000         0.7641208280         3.0404983612         1.4211085328
        2.7150000000         1.0517220927         3.1812148573         1.4631256893
        2.7200000000         1.2363734712         3.2759468245         1.5025963515
        2.7250000000         1.3000000000         3.3095129671         1.5280612949
        2.7300000000         1.2363734712         3.2759468245         1.5204218119
        2.7350000000         1.0517220927         3.1812148573         1.5204218119
        2.7400000000         0.7641208280         3.0404983612         1.7012229096
        2.7450000000         0.4017220927         2.8720355904         1.6439267871
        2.7500000000         0.0000000000         2.5000000000         1.6235548324
        2.7550000000        -0.4017220927         2.0437195937         1.6770312134
        2.7600000000        -0.7641208280         1.8659746191         1.6311943154
        2.7650000000        -1.0517220927         1.7273272217         1.5968166419
        2.7700000000        -1.2363734712         1.6351676177         1.5649854627
        2.7750000000        -1.3000000000         1.6023459551         1.5204218119
        2.7800000000        -1.2363734712         1.6351676177         1.4300212630
        2.7850000000        -1.0517220927         1.7273272217         1.3867308593
        2.7900000000        -0.7641208280         1.8659746191         1.3930970951
        2.7950000000        -0.4017220927         2.0437195936         1.3536264329
        2.8000000000        -0.0000000000         2.5000000000         1.4071028140
        2.8050000000         0.4017220927         2.8720355904         1.3803646234
        2.8100000000         0.7641208280         3.0404983612         1.4249282743
        2.8150000000         1.0517220927         3.1812148573         1.4567594535
        2.8200000000         1.2363734712         3.2759468245         1.4936836213
        2.8250000000         1.3000000000         3.3095129671         1.5280612949
        2.8300000000         1.2363734712         3.2759468245         1.5191485647
        2.8350000000         1.0517220927         3.1812148573         1.5293345420
        2.8400000000         0.7641208280         3.0404983612         1.7024961568
        2.8450000000         0.4017220927         2.8720355904         1.6299210682
        2.8500000000         0.0000000000         2.5000000000         1.6286478211
        2.8550000000        -0.4017220927         2.0437195937         1.6770312134
        2.8600000000        -0.7641208280         1.8659746191         1.6184618437
        2.8650000000        -1.0517220927         1.7273272217         1.5942701476
        2.8700000000        -1.2363734712         1.6351676177         1.5598924740
        2.8750000000        -1.3000000000         1.6023459551         1.5102358345
        2.8800000000        -1.2363734712         1.6351676177         1.4338410045
        2.8850000000        -1.0517220927         1.7273272217         1.3752716348
        2.8900000000        -0.7641208280         1.8659746191         1.3969168366
        2.8950000000        -0.4017220927         2.0437195936         1.3472601971
        2.9000000000        -0.0000000000         2.5000000000         1.4020098253
        2.9050000000         0.4017220927         2.8720355904         1.3803646234
        2.9100000000         0.7641208280         3.0404983612         1.4147422970
        2.9150000000         1.0517220927         3.1812148573         1.4567594535
        2.9200000000         1.2363734712         3.2759468245         1.4847708912
        2.9250000000         1.3000000000         3.3095129671         1.5242415534
        2.9300000000         1.2363734712         3.2759468245         1.5127823289
        2.9350000000         1.0517220927         3.1812148573         1.5509797439
        2.9400000000         0.7641208280         3.0404983612         1.6986764153
        2.9450000000         0.4017220927         2.8720355904         1.6248280796
        2.9500000000         0.0000000000         2.5000000000         1.6362873041
        2.9550000000        -0.4017220927         2.0437195937         1.6706649776
        2.9600000000        -0.7641208280         1.8659746191         1.6197350909
        2.9650000000        -1.0517220927         1.7273272217         1.5866306646
        2.9700000000        -1.2363734712         1.6351676177         1.5509797439
        2.9750000000        -1.3000000000         1.6023459551         1.5140555760
        2.9800000000        -1.2363734712         1.6351676177         1.4936836213
        2.9850000000        -1.0517220927         1.7273272217         1.3485334443
        2.9900000000        -0.7641208280         1.8659746191         1.4045563196
        2.9950000000        -0.4017220927         2.0437195936         1.3510799386
