        0.0000000000         0.0000000000         2.5000000000         1.5089625874
        0.0050000000         0.4403592963         2.8896429260         1.5076893402
        0.0100000000         0.8286511867         3.0714369689         1.5076893402
        0.0150000000         1.1189646351         3.2152725446         1.5115090817
        0.0200000000         1.2769734259         3.2973074311         1.5140555760
        0.0250000000         1.2839948428         3.3010221857         1.5102358345
        0.0300000000         1.1391986841         3.2256168819         1.6120956079
        0.0350000000         0.8597054249         3.0864478552         1.6872171908
        0.0400000000         0.4785619185         2.9071223532         1.6401070456
        0.0450000000         0.0408339868         2.5000000000         1.7012229096
        0.0500000000        -0.4017220927         2.0437195936         1.6541127644
        0.0550000000        -0.7967791697         1.8503160617         1.6261013267
        0.0600000000        -1.0976263032         1.7047704716         1.5853574174
        0.0650000000        -1.2686917905         1.6185773818         1.5446135080
        0.0700000000        -1.2897491117         1.6076784078         1.5102358345
        0.0750000000        -1.1583084814         1.6746220596         1.5051428458
        0.0800000000        -0.8899112377         1.8056533483         1.3638124103
        0.0850000000        -0.5162922578         1.9862688802         1.3803646234
        0.0900000000        -0.0816276754         2.5000000000         1.4109225555
        0.0950000000         0.3626884379         2.8543146652         1.3676321518
        0.1000000000         0.7641208280         3.0404983612         1.4287480158
        0.1050000000         1.0752047466         3.1930538655         1.4745849138
        0.1100000000         1.2591581095         3.2879094897         1.5140555760
        0.1150000000         1.2942305540         3.3064485451         1.5127823289
        0.1200000000         1.1762751682         3.2446909198         1.5178753175
        0.1250000000         0.9192388155         3.1154595971         1.5089625874
        0.1300000000         0.5535130790         2.9416381606         1.7050426511
        0.1350000000         0.1223408073         2.7463589648         1.6401070456
        0.1400000000        -0.3232968533         2.0841072472         1.6261013267
        0.1450000000        -0.7307083912         1.8820136363         1.6362873041
        0.1500000000        -1.0517220927         1.7273272217         1.5866306646
        0.1550000000        -1.2483817914         1.6290221018         1.5522529910
        0.1600000000        -1.2974347470         1.6036820605         1.5204218119
        0.1650000000        -1.1930810134         1.6571493656         1.4860441383
        0.1700000000        -0.9476592156         1.7778590293         1.3727251404
        0.1750000000        -0.5901876497         1.9499732766         1.4096493083
        0.1800000000        -0.1629332036         2.1701711273         1.3574461744
        0.1850000000         0.2835862138         2.8185873796         1.3867308593
        0.1900000000         0.6965748335         3.0084588819         1.4287480158
        0.1950000000         1.0272015161         3.1689136084         1.4733116667
        0.2000000000         1.2363734712         3.2759468245         1.5153288232
        0.2050000000         1.2993585285         3.3091720440         1.5102358345
        0.2100000000         1.2087094317         3.2615063978         1.5140555760
        0.2150000000         0.9751443905         3.1429987225         1.5064160930
        0.2200000000         0.6262797763         2.9754601774         1.6630254946
        0.2250000000         0.2033648046         2.7825681539         1.6566592588
        0.2300000000        -0.2435957090         2.1262374740         1.6261013267
        0.2350000000        -0.6617538405         1.9152302886         1.6210083381
        0.2400000000        -1.0016672156         1.7517226391         1.5764446872
        0.2450000000        -1.2231449996         1.6419127068         1.5471600024
        0.2500000000        -1.3000000000         1.6023459551         1.5089625874
        0.2550000000        -1.2231449996         1.6419127068         1.5025963515
        0.2600000000        -1.0016672156         1.7517226391         1.3994633310
        0.2650000000        -0.6617538405         1.9152302886         1.3714518933
        0.2700000000        -0.2435957090         2.1262374740         1.4058295668
        0.2750000000         0.2033648046         2.7825681539         1.3510799386
        0.2800000000         0.6262797763         2.9754601774         1.4172887913
        0.2850000000         0.9751443905         3.1429987225         1.4554862063
        0.2900000000         1.2087094317         3.2615063978         1.4949568685
        0.2950000000         1.2993585285         3.3091720440         1.5280612949
        0.3000000000         1.2363734712         3.2759468245         1.5025963515
        0.3050000000         1.0272015161         3.1689136084         1.5433402609
        0.3100000000         0.6965748335         3.0084588819         1.6948566738
        0.3150000000         0.2835862138         2.8185873796         1.6261013267
        0.3200000000        -0.1629332036         2.1701711273         1.6477465286
        0.3250000000        -0.5901876497         1.9499732766         1.6553860116
        0.3300000000        -0.9476592156         1.7778590293         1.6044561249
        0.3350000000        -1.1930810134         1.6571493656         1.5700784514
        0.3400000000        -1.2974347470         1.6036820605         1.5293345420
        0.3450000000        -1.2483817914         1.6290221018         1.4873173855
        0.3500000000        -1.0517220927         1.7273272217         1.3778181291
        0.3550000000        -0.7307083912         1.8820136363         1.4020098253
        0.3600000000        -0.3232968533         2.0841072472         1.3574461744
        0.3650000000         0.1223408073         2.7463589648         1.3930970951
        0.3700000000         0.5535130790         2.9416381606         1.4172887913
        0.3750000000         0.9192388155         3.1154595971         1.4656721837
        0.3800000000         1.1762751682         3.2446909198         1.5038695987
        0.3850000000         1.2942305540         3.3064485451         1.5204218119
        0.3900000000         1.2591581095         3.2879094897         1.5102358345
        0.3950000000         1.0752047466         3.1930538655         1.5051428458
        0.4000000000         0.7641208280         3.0404983612         1.5840841702
        0.4050000000         0.3626884379         2.8543146652         1.6923101795
        0.4100000000        -0.0816276754         2.5000000000         1.6362873041
        0.4150000000        -0.5162922578         1.9862688802         1.6324675626
        0.4200000000        -0.8899112377         1.8056533483         1.6337408098
        0.4250000000        -1.1583084814         1.6746220596         1.5866306646
        0.4300000000        -1.2897491117         1.6076784078         1.5547994854
        0.4350000000        -1.2686917905         1.6185773818         1.5191485647
        0.4400000000        -1.0976263032         1.7047704716         1.4058295668
        0.4450000000        -0.7967791697         1.8503160617         1.3994633310
        0.4500000000        -0.4017220927         2.0437195936         1.3727251404
        0.4550000000         0.0408339868         2.5000000000         1.3676321518
        0.4600000000         0.4785619185         2.9071223532         1.4121958026
        0.4650000000         0.8597054249         3.0864478552         1.4312945101
        0.4700000000         1.1391986841         3.2256168819         1.4784046553
        0.4750000000         1.2839948428         3.3010221857         1.5166020704
        0.4800000000         1.2769734259         3.2973074311         1.5102358345
        0.4850000000         1.1189646351         3.2152725446         1.5178753175
        0.4900000000         0.8286511867         3.0714369689         1.5446135080
        0.4950000000         0.4403592963         2.8896429260         1.6999496625
        0.5000000000         0.0000000000         2.5000000000         1.6337408098
        0.5050000000        -0.4403592963         2.0241594856         1.6159153494
        0.5100000000        -0.8286511867         1.8350403147         1.6082758664
        0.5150000000        -1.1189646351         1.6942151968         1.5713516986
        0.5200000000        -1.2769734259         1.6142995950         1.5407937665
        0.5250000000        -1.2839948428         1.6106639900         1.5064160930
        0.5300000000        -1.1391986841         1.6841608836         1.4924103742
        0.5350000000        -0.8597054249         1.8201510696         1.3421672084
        0.5400000000        -0.4785619185         2.0050116323         1.4121958026
        0.5450000000        -0.0408339868         2.5000000000         1.3434404556
        0.5500000000         0.4017220927         2.8720355904         1.3892773536
        0.5550000000         0.7967791697         3.0561143256         1.4300212630
        0.5600000000         1.0976263032         3.2044123892         1.4707651723
        0.5650000000         1.2686917905         3.2929338224         1.5115090817
        0.5700000000         1.2897491117         3.3040711355         1.5115090817
        0.5750000000         1.1583084814         3.2354284600         1.5089625874
        0.5800000000         0.8899112377         3.1011283356         1.5484332495
        0.5850000000         0.5162922578         2.9244591458         1.6948566738
        0.5900000000         0.0816276754         2.5000000000         1.6311943154
        0.5950000000        -0.3626884379         2.0636995576         1.6375605513
        0.6000000000        -0.7641208280         1.8659746191         1.6324675626
        0.6050000000        -1.0752047466         1.7158124361         1.5866306646
        0.6100000000        -1.2591581095         1.6234882832         1.5560727325
        0.6150000000        -1.2942305540         1.6053493802         1.5178753175
        0.6200000000        -1.1762751682         1.6656133581         1.4733116667
        0.6250000000        -0.9192388155         1.7915534748         1.3625391631
        0.6300000000        -0.5535130790         1.9679246878         1.4058295668
        0.6350000000        -0.1223408073         2.1928310388         1.3408939613
        0.6400000000         0.3232968533         2.8364940771         1.3981900838
        0.6450000000         0.7307083912         3.0246072534         1.4249282743
        0.6500000000         1.0517220927         3.1812148573         1.4656721837
        0.6550000000         1.2483817914         3.2822437029         1.5102358345
        0.6600000000         1.2974347470         3.3081499228         1.5178753175
        0.6650000000         1.1930810134         3.2533885579         1.5140555760
        0.6700000000         0.9476592156         3.1294227174         1.5076893402
        0.6750000000         0.5901876497         2.9586438329         1.6757579663
        0.6800000000         0.1629332036         2.7644811033         1.6502930229
        0.6850000000        -0.2835862138         2.1049506107         1.6286478211
        0.6900000000        -0.6965748335         1.8984320962         1.6120956079
        0.6950000000        -1.0272015161         1.7393015043         1.5777179344
        0.7000000000        -1.2363734712         1.6351676177         1.5446135080
        0.7050000000        -1.2993585285         1.6026801694         1.5140555760
        0.7100000000        -1.2087094317         1.6492444694         1.5013231043
        0.7150000000        -0.9751443905         1.7645787867         1.3803646234
        0.7200000000        -0.6262797763         1.9324097654         1.3854576121
        0.7250000000        -0.2033648046         2.1479753310         1.3778181291
        0.7300000000         0.2435957090         2.8006077773         1.3587194216
        0.7350000000         0.6617538405         2.9920707944         1.4147422970
        0.7400000000         1.0016672156         3.1561686488         1.4554862063
        0.7450000000         1.2231449996         3.2690302591         1.5025963515
        0.7500000000         1.3000000000         3.3095129671         1.5229683062
        0.7550000000         1.2231449996         3.2690302591         1.5089625874
        0.7600000000         1.0016672156         3.1561686488         1.5216950590
        0.7650000000         0.6617538405         2.9920707944         1.6884904379
        0.7700000000         0.2435957090         2.8006077773         1.6311943154
        0.7750000000        -0.2033648046         2.1479753310         1.6299210682
        0.7800000000        -0.6262797763         1.9324097654         1.6401070456
        0.7850000000        -0.9751443905         1.7645787867         1.5879039117
        0.7900000000        -1.2087094317         1.6492444694         1.5560727325
        0.7950000000        -1.2993585285         1.6026801694         1.5267880477
        0.8000000000        -1.2363734712         1.6351676177         1.4847708912
        0.8050000000        -1.0272015161         1.7393015043         1.3663589046
        0.8100000000        -0.6965748335         1.8984320962         1.4071028140
        0.8150000000        -0.2835862138         2.1049506107         1.3345277254
        0.8200000000         0.1629332036         2.7644811033         1.3918238480
        0.8250000000         0.5901876497         2.9586438329         1.4032830725
        0.8300000000         0.9476592156         3.1294227174         1.4516664648
        0.8350000000         1.1930810134         3.2533885579         1.5000498572
        0.8400000000         1.2974347470         3.3081499228         1.5191485647
        0.8450000000         1.2483817914         3.2822437029         1.5076893402
        0.8500000000         1.0517220927         3.1812148573         1.5089625874
        0.8550000000         0.7307083912         3.0246072534         1.5879039117
        0.8600000000         0.3232968533         2.8364940771         1.6961299210
        0.8650000000        -0.1223408073         2.1928310388         1.6299210682
        0.8700000000        -0.5535130790         1.9679246878         1.6248280796
        0.8750000000        -0.9192388155         1.7915534748         1.5955433947
        0.8800000000        -1.1762751682         1.6656133581         1.5560727325
        0.8850000000        -1.2942305540         1.6053493802         1.5204218119
        0.8900000000        -1.2591581095         1.6234882832         1.4936836213
        0.8950000000        -1.0752047466         1.7158124361         1.4682186780
        0.9000000000        -0.7641208280         1.8659746191         1.3345277254
        0.9050000000        -0.3626884379         2.0636995576         1.4134690498
        0.9100000000         0.0816276754         2.5000000000         1.3523531858
        0.9150000000         0.5162922578         2.9244591458         1.3829111178
        0.9200000000         0.8899112377         3.1011283356         1.4312945101
        0.9250000000         1.1583084814         3.2354284600         1.4771314082
        0.9300000000         1.2897491117         3.3040711355         1.5191485647
        0.9350000000         1.2686917905         3.2929338224         1.5115090817
        0.9400000000         1.0976263032         3.2044123892         1.5127823289
        0.9450000000         0.7967791697         3.0561143256         1.5458867552
        0.9500000000         0.4017220927         2.8720355904         1.7024961568
        0.9550000000        -0.0408339868         2.5000000000         1.6286478211
        0.9600000000        -0.4785619185         2.0050116323         1.6159153494
        0.9650000000        -0.8597054249         1.8201510696         1.6235548324
        0.9700000000        -1.1391986841         1.6841608836         1.5688052042
        0.9750000000        -1.2839948428         1.6106639900         1.5344275307
        0.9800000000        -1.2769734259         1.6142995950         1.5000498572
        0.9850000000        -1.1189646351         1.6942151968         1.4898638798
        0.9900000000        -0.8286511867         1.8350403147         1.3332544783
        0.9950000000        -0.4403592963         2.0241594856         1.4096493083
        1.0000000000        -0.0000000000         2.5000000000         1.3727251404
        1.0050000000         0.4403592963         2.8896429260         1.3829111178
        1.0100000000         0.8286511867         3.0714369689         1.4389339931
        1.0150000000         1.1189646351         3.2152725446         1.4796779025
        1.0200000000         1.2769734259         3.2973074311         1.5216950590
        1.0250000000         1.2839948428         3.3010221857         1.5115090817
        1.0300000000         1.1391986841         3.2256168819         1.5140555760
        1.0350000000         0.8597054249         3.0864478552         1.5395205194
        1.0400000000         0.4785619185         2.9071223532         1.7063158983
        1.0450000000         0.0408339868         2.5000000000         1.6324675626
        1.0500000000        -0.4017220927         2.0437195937         1.6235548324
        1.0550000000        -0.7967791697         1.8503160617         1.6146421022
        1.0600000000        -1.0976263032         1.7047704716         1.5738981929
        1.0650000000        -1.2686917905         1.6185773818         1.5318810364
        1.0700000000        -1.2897491117         1.6076784078         1.5038695987
        1.0750000000        -1.1583084814         1.6746220596         1.5038695987
        1.0800000000        -0.8899112377         1.8056533483         1.3383474669
        1.0850000000        -0.5162922578         1.9862688802         1.3969168366
        1.0900000000        -0.0816276754         2.5000000000         1.3790913763
        1.0950000000         0.3626884379         2.8543146652         1.3650856574
        1.1000000000         0.7641208280         3.0404983612         1.4287480158
        1.1050000000         1.0752047466         3.1930538655         1.4694919252
        1.1100000000         1.2591581095         3.2879094897         1.5166020704
        1.1150000000         1.2942305540         3.3064485451         1.5140555760
        1.1200000000         1.1762751682         3.2446909198         1.5153288232
        1.1250000000         0.9192388155         3.1154595971         1.5064160930
        1.1300000000         0.5535130790         2.9416381606         1.6974031681
        1.1350000000         0.1223408073         2.7463589648         1.6439267871
        1.1400000000        -0.3232968533         2.0841072472         1.6299210682
        1.1450000000        -0.7307083912         1.8820136363         1.6324675626
        1.1500000000        -1.0517220927         1.7273272217         1.5891771589
        1.1550000000        -1.2483817914         1.6290221018         1.5497064967
        1.1600000000        -1.2974347470         1.6036820605         1.5140555760
        1.1650000000        -1.1930810134         1.6571493656         1.5000498572
        1.1700000000        -0.9476592156         1.7778590293         1.3663589046
        1.1750000000        -0.5901876497         1.9499732766         1.3943703423
        1.1800000000        -0.1629332036         2.1701711273         1.3841843649
        1.1850000000         0.2835862138         2.8185873796         1.3663589046
        1.1900000000         0.6965748335         3.0084588819         1.4325677573
        1.1950000000         1.0272015161         3.1689136084         1.4733116667
        1.2000000000         1.2363734712         3.2759468245         1.5153288232
        1.2050000000         1.2993585285         3.3091720440         1.5153288232
        1.2100000000         1.2087094317         3.2615063978         1.5127823289
        1.2150000000         0.9751443905         3.1429987225         1.5051428458
        1.2200000000         0.6262797763         2.9754601774         1.6833974493
        1.2250000000         0.2033648046         2.7825681539         1.6541127644
        1.2300000000        -0.2435957090         2.1262374740         1.6324675626
        1.2350000000        -0.6617538405         1.9152302886         1.6210083381
        1.2400000000        -1.0016672156         1.7517226391         1.5866306646
        1.2450000000        -1.2231449996         1.6419127068         1.5420670137
        1.2500000000        -1.3000000000         1.6023459551         1.5102358345
        1.2550000000        -1.2231449996         1.6419127068         1.4987766100
        1.2600000000        -1.0016672156         1.7517226391         1.3981900838
        1.2650000000        -0.6617538405         1.9152302886         1.3689053989
        1.2700000000        -0.2435957090         2.1262374740         1.4071028140
        1.2750000000         0.2033648046         2.7825681539         1.3485334443
        1.2800000000         0.6262797763         2.9754601774         1.4160155441
        1.2850000000         0.9751443905         3.1429987225         1.4605791950
        1.2900000000         1.2087094317         3.2615063978         1.5013231043
        1.2950000000         1.2993585285         3.3091720440         1.5255148005
        1.3000000000         1.2363734712         3.2759468245         1.5089625874
        1.3050000000         1.0272015161         3.1689136084         1.5216950590
        1.3100000000         0.6965748335         3.0084588819         1.6986764153
        1.3150000000         0.2835862138         2.8185873796         1.6324675626
        1.3200000000        -0.1629332036         2.1701711273         1.6413802928
        1.3250000000        -0.5901876497         1.9499732766         1.6604790003
        1.3300000000        -0.9476592156         1.7778590293         1.6031828777
        1.3350000000        -1.1930810134         1.6571493656         1.5713516986
        1.3400000000        -1.2974347470         1.6036820605         1.5267880477
        1.3450000000        -1.2483817914         1.6290221018         1.4834976440
        1.3500000000        -1.0517220927         1.7273272217         1.3765448819
        1.3550000000        -0.7307083912         1.8820136363         1.4134690498
        1.3600000000        -0.3232968533         2.0841072472         1.3612659159
        1.3650000000         0.1223408073         2.7463589648         1.3930970951
        1.3700000000         0.5535130790         2.9416381606         1.4185620385
        1.3750000000         0.9192388155         3.1154595971         1.4643989365
        1.3800000000         1.1762751682         3.2446909198         1.5089625874
        1.3850000000         1.2942305540         3.3064485451         1.5153288232
        1.3900000000         1.2591581095         3.2879094897         1.5166020704
        1.3950000000         1.0752047466         3.1930538655         1.5076893402
        1.4000000000         0.7641208280         3.0404983612         1.5738981929
        1.4050000000         0.3626884379         2.8543146652         1.6948566738
        1.4100000000        -0.0816276754         2.5000000000         1.6324675626
        1.4150000000        -0.5162922578         1.9862688802         1.6350140569
        1.4200000000        -0.8899112377         1.8056533483         1.6413802928
        1.4250000000        -1.1583084814         1.6746220596         1.5904504061
        1.4300000000        -1.2897491117         1.6076784078         1.5535262382
        1.4350000000        -1.2686917905         1.6185773818         1.5127823289
        1.4400000000        -1.0976263032         1.7047704716         1.4058295668
        1.4450000000        -0.7967791697         1.8503160617         1.4007365781
        1.4500000000        -0.4017220927         2.0437195936         1.3676321518
        1.4550000000         0.0408339868         2.5000000000         1.3752716348
        1.4600000000         0.4785619185         2.9071223532         1.4071028140
        1.4650000000         0.8597054249         3.0864478552         1.4325677573
        1.4700000000         1.1391986841         3.2256168819         1.4822243968
        1.4750000000         1.2839948428         3.3010221857         1.5216950590
        1.4800000000         1.2769734259         3.2973074311         1.5038695987
        1.4850000000         1.1189646351         3.2152725446         1.5153288232
        1.4900000000         0.8286511867         3.0714369689         1.5357007779
        1.4950000000         0.4403592963         2.8896429260         1.7088623926
        1.5000000000         0.0000000000         2.5000000000         1.6273745739
        1.5050000000        -0.4403592963         2.0241594856         1.6210083381
        1.5100000000        -0.8286511867         1.8350403147         1.6197350909
        1.5150000000        -1.1189646351         1.6942151968         1.5688052042
        1.5200000000        -1.2769734259         1.6142995950         1.5369740250
        1.5250000000        -1.2839948428         1.6106639900         1.5038695987
        1.5300000000        -1.1391986841         1.6841608836         1.5051428458
        1.5350000000        -0.8597054249         1.8201510696         1.3370742198
        1.5400000000        -0.4785619185         2.0050116323         1.4096493083
        1.5450000000        -0.0408339868         2.5000000000         1.3612659159
        1.5500000000         0.4017220927         2.8720355904         1.3765448819
        1.5550000000         0.7967791697         3.0561143256         1.4287480158
        1.5600000000         1.0976263032         3.2044123892         1.4733116667
        1.5650000000         1.2686917905         3.2929338224         1.5191485647
        1.5700000000         1.2897491117         3.3040711355         1.5115090817
        1.5750000000         1.1583084814         3.2354284600         1.5102358345
        1.5800000000         0.8899112377         3.1011283356         1.5140555760
        1.5850000000         0.5162922578         2.9244591458         1.6986764153
        1.5900000000         0.0816276754         2.5000000000         1.6337408098
        1.5950000000        -0.3626884379         2.0636995576         1.6286478211
        1.6000000000        -0.7641208280         1.8659746191         1.6261013267
        1.6050000000        -1.0752047466         1.7158124361         1.5802644287
        1.6100000000        -1.2591581095         1.6234882832         1.5446135080
        1.6150000000        -1.2942305540         1.6053493802         1.5115090817
        1.6200000000        -1.1762751682         1.6656133581         1.5000498572
        1.6250000000        -0.9192388155         1.7915534748         1.3612659159
        1.6300000000        -0.5535130790         1.9679246878         1.3930970951
        1.6350000000        -0.1223408073         2.1928310388         1.3765448819
        1.6400000000         0.3232968533         2.8364940771         1.3714518933
        1.6450000000         0.7307083912         3.0246072534         1.4287480158
        1.6500000000         1.0517220927         3.1812148573         1.4682186780
        1.6550000000         1.2483817914         3.2822437029         1.5127823289
        1.6600000000         1.2974347470         3.3081499228         1.5191485647
        1.6650000000         1.1930810134         3.2533885579         1.5089625874
        1.6700000000         0.9476592156         3.1294227174         1.5038695987
        1.6750000000         0.5901876497         2.9586438329         1.6859439436
        1.6800000000         0.1629332036         2.7644811033         1.6515662701
        1.6850000000        -0.2835862138         2.1049506107         1.6248280796
        1.6900000000        -0.6965748335         1.8984320962         1.6235548324
        1.6950000000        -1.0272015161         1.7393015043         1.5815376759
        1.7000000000        -1.2363734712         1.6351676177         1.5497064967
        1.7050000000        -1.2993585285         1.6026801694         1.5153288232
        1.7100000000        -1.2087094317         1.6492444694         1.5051428458
        1.7150000000        -0.9751443905         1.7645787867         1.3752716348
        1.7200000000        -0.6262797763         1.9324097654         1.3816378706
        1.7250000000        -0.2033648046         2.1479753310         1.4045563196
        1.7300000000         0.2435957090         2.8006077773         1.3536264329
        1.7350000000         0.6617538405         2.9920707944         1.4198352856
        1.7400000000         1.0016672156         3.1561686488         1.4567594535
        1.7450000000         1.2231449996         3.2690302591         1.5013231043
        1.7500000000         1.3000000000         3.3095129671         1.5216950590
        1.7550000000         1.2231449996         3.2690302591         1.5140555760
        1.7600000000         1.0016672156         3.1561686488         1.5255148005
        1.7650000000         0.6617538405         2.9920707944         1.6999496625
        1.7700000000         0.2435957090         2.8006077773         1.6273745739
        1.7750000000        -0.2033648046         2.1479753310         1.6235548324
        1.7800000000        -0.6262797763         1.9324097654         1.6439267871
        1.7850000000        -0.9751443905         1.7645787867         1.5879039117
        1.7900000000        -1.2087094317         1.6492444694         1.5535262382
        1.7950000000        -1.2993585285         1.6026801694         1.5191485647
        1.8000000000        -1.2363734712         1.6351676177         1.4885906327
        1.8050000000        -1.0272015161         1.7393015043         1.3587194216
        1.8100000000        -0.6965748335         1.8984320962         1.4007365781
        1.8150000000        -0.2835862138         2.1049506107         1.3536264329
        1.8200000000         0.1629332036         2.7644811033         1.3829111178
        1.8250000000         0.5901876497         2.9586438329         1.4147422970
        1.8300000000         0.9476592156         3.1294227174         1.4554862063
        1.8350000000         1.1930810134         3.2533885579         1.4949568685
        1.8400000000         1.2974347470         3.3081499228         1.5242415534
        1.8450000000         1.2483817914         3.2822437029         1.5089625874
        1.8500000000         1.0517220927         3.1812148573         1.5089625874
        1.8550000000         0.7307083912         3.0246072534         1.5777179344
        1.8600000000         0.3232968533         2.8364940771         1.6935834266
        1.8650000000        -0.1223408073         2.1928310388         1.6286478211
        1.8700000000        -0.5535130790         1.9679246878         1.6222815852
        1.8750000000        -0.9192388155         1.7915534748         1.5917236532
        1.8800000000        -1.1762751682         1.6656133581         1.5522529910
        1.8850000000        -1.2942305540         1.6053493802         1.5140555760
        1.8900000000        -1.2591581095         1.6234882832         1.4949568685
        1.8950000000        -1.0752047466         1.7158124361         1.4873173855
        1.9000000000        -0.7641208280         1.8659746191         1.3256149953
        1.9050000000        -0.3626884379         2.0636995576         1.4109225555
        1.9100000000         0.0816276754         2.5000000000         1.3612659159
        1.9150000000         0.5162922578         2.9244591458         1.3816378706
        1.9200000000         0.8899112377         3.1011283356         1.4376607460
        1.9250000000         1.1583084814         3.2354284600         1.4809511497
        1.9300000000         1.2897491117         3.3040711355         1.5216950590
        1.9350000000         1.2686917905         3.2929338224         1.5115090817
        1.9400000000         1.0976263032         3.2044123892         1.5076893402
        1.9450000000         0.7967791697         3.0561143256         1.5446135080
        1.9500000000         0.4017220927         2.8720355904         1.7024961568
        1.9550000000        -0.0408339868         2.5000000000         1.6235548324
        1.9600000000        -0.4785619185         2.0050116323         1.6222815852
        1.9650000000        -0.8597054249         1.8201510696         1.6235548324
        1.9700000000        -1.1391986841         1.6841608836         1.5802644287
        1.9750000000        -1.2839948428         1.6106639900         1.5458867552
        1.9800000000        -1.2769734259         1.6142995950         1.5025963515
        1.9850000000        -1.1189646351         1.6942151968         1.4643989365
        1.9900000000        -0.8286511867         1.8350403147         1.3523531858
        1.9950000000        -0.4403592963         2.0241594856         1.4134690498
        2.0000000000        -0.0000000000         2.5000000000         1.3447137028
        2.0050000000         0.4403592963         2.8896429260         1.4071028140
        2.0100000000         0.8286511867         3.0714369689         1.4351142516
        2.0150000000         1.1189646351         3.2152725446         1.4784046553
        2.0200000000         1.2769734259         3.2973074311         1.5191485647
        2.0250000000         1.2839948428         3.3010221857         1.5025963515
        2.0300000000         1.1391986841         3.2256168819         1.5140555760
        2.0350000000         0.8597054249         3.0864478552         1.5255148005
        2.0400000000         0.4785619185         2.9071223532         1.7152286285
        2.0450000000         0.0408339868         2.5000000000         1.6362873041
        2.0500000000        -0.4017220927         2.0437195937         1.6299210682
        2.0550000000        -0.7967791697         1.8503160617         1.6273745739
        2.0600000000        -1.0976263032         1.7047704716         1.5815376759
        2.0650000000        -1.2686917905         1.6185773818         1.5484332495
        2.0700000000        -1.2897491117         1.6076784078         1.5089625874
        2.0750000000        -1.1583084814         1.6746220596         1.4962301157
        2.0800000000        -0.8899112377         1.8056533483         1.3459869499
        2.0850000000        -0.5162922578         1.9862688802         1.4045563196
        2.0900000000        -0.0816276754         2.5000000000         1.3663589046
        2.0950000000         0.3626884379         2.8543146652         1.3778181291
        2.1000000000         0.7641208280         3.0404983612         1.4325677573
        2.1050000000         1.0752047466         3.1930538655         1.4745849138
        2.1100000000         1.2591581095         3.2879094897         1.5166020704
        2.1150000000         1.2942305540         3.3064485451         1.5089625874
        2.1200000000         1.1762751682         3.2446909198         1.5127823289
        2.1250000000         0.9192388155         3.1154595971         1.5051428458
        2.1300000000         0.5535130790         2.9416381606         1.6935834266
        2.1350000000         0.1223408073         2.7463589648         1.6464732814
        2.1400000000        -0.3232968533         2.0841072472         1.6324675626
        2.1450000000        -0.7307083912         1.8820136363         1.6324675626
        2.1500000000        -1.0517220927         1.7273272217         1.5891771589
        2.1550000000        -1.2483817914         1.6290221018         1.5484332495
        2.1600000000        -1.2974347470         1.6036820605         1.5166020704
        2.1650000000        -1.1930810134         1.6571493656         1.4987766100
        2.1700000000        -0.9476592156         1.7778590293         1.3650856574
        2.1750000000        -0.5901876497         1.9499732766         1.3930970951
        2.1800000000        -0.1629332036         2.1701711273         1.3778181291
        2.1850000000         0.2835862138         2.8185873796         1.3638124103
        2.1900000000         0.6965748335         3.0084588819         1.4312945101
        2.1950000000         1.0272015161         3.1689136084         1.4669454308
        2.2000000000         1.2363734712         3.2759468245         1.5140555760
        2.2050000000         1.2993585285         3.3091720440         1.5140555760
        2.2100000000         1.2087094317         3.2615063978         1.5089625874
        2.2150000000         0.9751443905         3.1429987225         1.5102358345
        2.2200000000         0.6262797763         2.9754601774         1.6821242021
        2.2250000000         0.2033648046         2.7825681539         1.6477465286
        2.2300000000        -0.2435957090         2.1262374740         1.6248280796
        2.2350000000        -0.6617538405         1.9152302886         1.6261013267
        2.2400000000        -1.0016672156         1.7517226391         1.5866306646
        2.2450000000        -1.2231449996         1.6419127068         1.5522529910
        2.2500000000        -1.3000000000         1.6023459551         1.5140555760
        2.2550000000        -1.2231449996         1.6419127068         1.5013231043
        2.2600000000        -1.0016672156         1.7517226391         1.3803646234
        2.2650000000        -0.6617538405         1.9152302886         1.3867308593
        2.2700000000        -0.2435957090         2.1262374740         1.3981900838
        2.2750000000         0.2033648046         2.7825681539         1.3498066914
        2.2800000000         0.6262797763         2.9754601774         1.4249282743
        2.2850000000         0.9751443905         3.1429987225         1.4605791950
        2.2900000000         1.2087094317         3.2615063978         1.5013231043
        2.2950000000         1.2993585285         3.3091720440         1.5191485647
        2.3000000000         1.2363734712         3.2759468245         1.5064160930
        2.3050000000         1.0272015161         3.1689136084         1.5115090817
        2.3100000000         0.6965748335         3.0084588819         1.6923101795
        2.3150000000         0.2835862138         2.8185873796         1.6362873041
        2.3200000000        -0.1629332036         2.1701711273         1.6261013267
        2.3250000000        -0.5901876497         1.9499732766         1.6541127644
        2.3300000000        -0.9476592156         1.7778590293         1.6031828777
        2.3350000000        -1.1930810134         1.6571493656         1.5675319570
        2.3400000000        -1.2974347470         1.6036820605         1.5280612949
        2.3450000000        -1.2483817914         1.6290221018         1.4898638798
        2.3500000000        -1.0517220927         1.7273272217         1.3816378706
        2.3550000000        -0.7307083912         1.8820136363         1.3943703423
        2.3600000000        -0.3232968533         2.0841072472         1.3663589046
        2.3650000000         0.1223408073         2.7463589648         1.3790913763
        2.3700000000         0.5535130790         2.9416381606         1.4147422970
        2.3750000000         0.9192388155         3.1154595971         1.4593059478
        2.3800000000         1.1762751682         3.2446909198         1.5102358345
        2.3850000000         1.2942305540         3.3064485451         1.5229683062
        2.3900000000         1.2591581095         3.2879094897         1.5140555760
        2.3950000000         1.0752047466         3.1930538655         1.5064160930
        2.4000000000         0.7641208280         3.0404983612         1.5637122155
        2.4050000000         0.3626884379         2.8543146652         1.7037694040
        2.4100000000        -0.0816276754         2.5000000000         1.6311943154
        2.4150000000        -0.5162922578         1.9862688802         1.6311943154
        2.4200000000        -0.8899112377         1.8056533483         1.6299210682
        2.4250000000        -1.1583084814         1.6746220596         1.5828109231
        2.4300000000        -1.2897491117         1.6076784078         1.5497064967
        2.4350000000        -1.2686917905         1.6185773818         1.5076893402
        2.4400000000        -1.0976263032         1.7047704716         1.4325677573
        2.4450000000        -0.7967791697         1.8503160617         1.3880041065
        2.4500000000        -0.4017220927         2.0437195936         1.3892773536
        2.4550000000         0.0408339868         2.5000000000         1.3612659159
        2.4600000000         0.4785619185         2.9071223532         1.4121958026
        2.4650000000         0.8597054249         3.0864478552         1.4300212630
        2.4700000000         1.1391986841         3.2256168819         1.4784046553
        2.4750000000         1.2839948428         3.3010221857         1.5255148005
        2.4800000000         1.2769734259         3.2973074311         1.5089625874
        2.4850000000         1.1189646351         3.2152725446         1.5153288232
        2.4900000000         0.8286511867         3.0714369689         1.5267880477
        2.4950000000         0.4403592963         2.8896429260         1.7012229096
        2.5000000000         0.0000000000         2.5000000000         1.6362873041
        2.5050000000        -0.4403592963         2.0241594856         1.6261013267
        2.5100000000        -0.8286511867         1.8350403147         1.6133688551
        2.5150000000        -1.1189646351         1.6942151968         1.5688052042
        2.5200000000        -1.2769734259         1.6142995950         1.5395205194
        2.5250000000        -1.2839948428         1.6106639900         1.5051428458
        2.5300000000        -1.1391986841         1.6841608836         1.5013231043
        2.5350000000        -0.8597054249         1.8201510696         1.3408939613
        2.5400000000        -0.4785619185         2.0050116323         1.4071028140
        2.5450000000        -0.0408339868         2.5000000000         1.3638124103
        2.5500000000         0.4017220927         2.8720355904         1.3790913763
        2.5550000000         0.7967791697         3.0561143256         1.4338410045
        2.5600000000         1.0976263032         3.2044123892         1.4745849138
        2.5650000000         1.2686917905         3.2929338224         1.5191485647
        2.5700000000         1.2897491117         3.3040711355         1.5076893402
        2.5750000000         1.1583084814         3.2354284600         1.5178753175
        2.5800000000         0.8899112377         3.1011283356         1.5153288232
        2.5850000000         0.5162922578         2.9244591458         1.7075891455
        2.5900000000         0.0816276754         2.5000000000         1.6350140569
        2.5950000000        -0.3626884379         2.0636995576         1.6299210682
        2.6000000000        -0.7641208280         1.8659746191         1.6311943154
        2.6050000000        -1.0752047466         1.7158124361         1.5853574174
        2.6100000000        -1.2591581095         1.6234882832         1.5497064967
        2.6150000000        -1.2942305540         1.6053493802         1.5153288232
        2.6200000000        -1.1762751682         1.6656133581         1.4936836213
        2.6250000000        -0.9192388155         1.7915534748         1.3574461744
        2.6300000000        -0.5535130790         1.9679246878         1.4121958026
        2.6350000000        -0.1223408073         2.1928310388         1.3510799386
        2.6400000000         0.3232968533         2.8364940771         1.3880041065
        2.6450000000         0.7307083912         3.0246072534         1.4236550271
        2.6500000000         1.0517220927         3.1812148573         1.4733116667
        2.6550000000         1.2483817914         3.2822437029         1.5191485647
        2.6600000000         1.2974347470         3.3081499228         1.5153288232
        2.6650000000         1.1930810134         3.2533885579         1.5153288232
        2.6700000000         0.9476592156         3.1294227174         1.5051428458
        2.6750000000         0.5901876497         2.9586438329         1.6770312134
        2.6800000000         0.1629332036         2.7644811033         1.6541127644
        2.6850000000        -0.2835862138         2.1049506107         1.6337408098
        2.6900000000        -0.6965748335         1.8984320962         1.6235548324
        2.6950000000        -1.0272015161         1.7393015043         1.5815376759
        2.7000000000        -1.2363734712         1.6351676177         1.5497064967
        2.7050000000        -1.2993585285         1.6026801694         1.5140555760
        2.7100000000        -1.2087094317         1.6492444694         1.5051428458
        2.7150000000        -0.9751443905         1.7645787867         1.3905506008
        2.7200000000        -0.6262797763         1.9324097654         1.3816378706
        2.7250000000        -0.2033648046         2.1479753310         1.3918238480
        2.7300000000         0.2435957090         2.8006077773         1.3574461744
        2.7350000000         0.6617538405         2.9920707944         1.4160155441
        2.7400000000         1.0016672156         3.1561686488         1.4631256893
        2.7450000000         1.2231449996         3.2690302591         1.5051428458
        2.7500000000         1.3000000000         3.3095129671         1.5229683062
        2.7550000000         1.2231449996         3.2690302591         1.5102358345
        2.7600000000         1.0016672156         3.1561686488         1.5140555760
        2.7650000000         0.6617538405         2.9920707944         1.6910369323
        2.7700000000         0.2435957090         2.8006077773         1.6324675626
        2.7750000000        -0.2033648046         2.1479753310         1.6222815852
        2.7800000000        -0.6262797763         1.9324097654         1.6375605513
        2.7850000000        -0.9751443905         1.7645787867         1.5866306646
        2.7900000000        -1.2087094317         1.6492444694         1.5547994854
        2.7950000000        -1.2993585285         1.6026801694         1.5153288232
        2.8000000000        -1.2363734712         1.6351676177         1.4911371270
        2.8050000000        -1.0272015161         1.7393015043         1.3689053989
        2.8100000000        -0.6965748335         1.8984320962         1.3994633310
        2.8150000000        -0.2835862138         2.1049506107         1.3485334443
        2.8200000000         0.1629332036         2.7644811033         1.3765448819
        2.8250000000         0.5901876497         2.9586438329         1.4134690498
        2.8300000000         0.9476592156         3.1294227174         1.4580327007
        2.8350000000         1.1930810134         3.2533885579         1.5076893402
        2.8400000000         1.2974347470         3.3081499228         1.5191485647
        2.8450000000         1.2483817914         3.2822437029         1.5076893402
        2.8500000000         1.0517220927         3.1812148573         1.5076893402
        2.8550000000         0.7307083912         3.0246072534         1.5637122155
        2.8600000000         0.3232968533         2.8364940771         1.7037694040
        2.8650000000        -0.1223408073         2.1928310388         1.6273745739
        2.8700000000        -0.5535130790         1.9679246878         1.6248280796
        2.8750000000        -0.9192388155         1.7915534748         1.5929969004
        2.8800000000        -1.1762751682         1.6656133581         1.5458867552
        2.8850000000        -1.2942305540         1.6053493802         1.5153288232
        2.8900000000        -1.2591581095         1.6234882832         1.4949568685
        2.8950000000        -1.0752047466         1.7158124361         1.4936836213
        2.9000000000        -0.7641208280         1.8659746191         1.3243417481
        2.9050000000        -0.3626884379         2.0636995576         1.4147422970
        2.9100000000         0.0816276754         2.5000000000         1.3663589046
        2.9150000000         0.5162922578         2.9244591458         1.3765448819
        2.9200000000         0.8899112377         3.1011283356         1.4363874988
        2.9250000000         1.1583084814         3.2354284600         1.4809511497
        2.9300000000         1.2897491117         3.3040711355         1.5242415534
        2.9350000000         1.2686917905         3.2929338224         1.5051428458
        2.9400000000         1.0976263032         3.2044123892         1.5115090817
        2.9450000000         0.7967791697         3.0561143256         1.5407937665
        2.9500000000         0.4017220927         2.8720355904         1.7037694040
        2.9550000000        -0.0408339868         2.5000000000         1.6235548324
        2.9600000000        -0.4785619185         2.0050116323         1.6197350909
        2.9650000000        -0.8597054249         1.8201510696         1.6222815852
        2.9700000000        -1.1391986841         1.6841608836         1.5726249457
        2.9750000000        -1.2839948428         1.6106639900         1.5407937665
        2.9800000000        -1.2769734259         1.6142995950         1.5089625874
        2.9850000000        -1.1189646351         1.6942151968         1.4656721837
        2.9900000000        -0.8286511867         1.8350403147         1.3485334443
        2.9950000000        -0.4403592963         2.0241594856         1.4185620385
