        0.0000000000         0.0000000000         2.5000000000         1.5115090817
        0.0050000000         0.1750813863         2.7699114596         1.5089625874
        0.0100000000         0.3469725861         2.8471976224         1.5127823289
        0.0150000000         0.5125415416         2.9227323133         1.5153288232
        0.0200000000         0.6687713939         2.9953667588         1.5102358345
        0.0250000000         0.8128154532         3.0638134591         1.5153288232
        0.0300000000         0.9420490692         3.1266604552         1.5115090817
        0.0350000000         1.0541174551         3.1824198625         1.5280612949
        0.0400000000         1.1469785944         3.2296063742         1.6757579663
        0.0450000000         1.2189404491         3.2668362782         1.6120956079
        0.0500000000         1.2686917905         3.2929338224         1.6821242021
        0.0550000000         1.2953260913         3.3070301131         1.6884904379
        0.0600000000         1.2983580436         3.3086404197         1.6770312134
        0.0650000000         1.2777324016         3.2977086791         1.7037694040
        0.0700000000         1.2338249885         3.2746127037         1.7165018756
        0.0750000000         1.1674358485         3.2401293273         1.7330540888
        0.0800000000         1.0797746690         3.1953645869         1.7292343473
        0.0850000000         0.9724387386         3.1416590830         1.7381470775
        0.0900000000         0.8473838429         3.0804821008         1.7394203246
        0.0950000000         0.7068886276         3.0133293552         1.7330540888
        0.1000000000         0.5535130790         2.9416381606         1.7445133133
        0.1050000000         0.3900518781         2.8667305986         1.7406935718
        0.1100000000         0.2194834781         2.7897903937         1.7279611001
        0.1150000000         0.0449158338         2.5000000000         1.7305075945
        0.1200000000        -0.1304702293         2.1882616624         1.7152286285
        0.1250000000        -0.3034789730         2.0944739753         1.6999496625
        0.1300000000        -0.4709579767         2.0088085738         1.6579325059
        0.1350000000        -0.6298555781         1.9306745906         1.6171885966
        0.1400000000        -0.7772764780         1.8596654394         1.5751714401
        0.1450000000        -0.9105344960         1.7957412355         1.5344275307
        0.1500000000        -1.0272015161         1.7393015043         1.4962301157
        0.1550000000        -1.1251517293         1.6911456445         1.4936836213
        0.1600000000        -1.2026003689         1.6523384284         1.3689053989
        0.1650000000        -1.2581362304         1.6240138113         1.4211085328
        0.1700000000        -1.2907473859         1.6071598928         1.3421672084
        0.1750000000        -1.2998396222         1.6024295204         1.3714518933
        0.1800000000        -1.2852472682         1.6100146434         1.3141557707
        0.1850000000        -1.2472362134         1.6296093204         1.3319812311
        0.1900000000        -1.1864990636         1.6604686705         1.2976035576
        0.1950000000        -1.1041425203         1.7015521439         1.3039697934
        0.2000000000        -1.0016672156         1.7517226391         1.2810513444
        0.2050000000        -0.8809403687         1.8099612032         1.3001500519
        0.2100000000        -0.7441617633         1.8755524690         1.2823245916
        0.2150000000        -0.5938236646         1.9481995420         1.2950570632
        0.2200000000        -0.4326654079         2.0280382889         1.2874175802
        0.2250000000        -0.2636234840         2.1155381262         1.2899640746
        0.2300000000        -0.0897780334         2.5000000000         1.2988768047
        0.2350000000         0.0857032773         2.5000000000         1.3103360292
        0.2400000000         0.2596229747         2.8078075354         1.3141557707
        0.2450000000         0.4288120393         2.8843734964         1.3370742198
        0.2500000000         0.5901876497         2.9586438329         1.3752716348
        0.2550000000         0.7408093543         3.0294024058         1.4071028140
        0.2600000000         0.8779326506         3.0952969931         1.4427537346
        0.2650000000         0.9990589924         3.1548704689         1.4796779025
        0.2700000000         1.1019813169         3.2066248548         1.5140555760
        0.2750000000         1.1848242596         3.2491112954         1.5980898891
        0.2800000000         1.2460783257         3.2810344643         1.6120956079
        0.2850000000         1.2846273948         3.3013571461         1.6413802928
        0.2900000000         1.2997690581         3.3093902223         1.6642987418
        0.2950000000         1.2912274168         3.3048550988         1.6770312134
        0.3000000000         1.2591581095         3.2879094897         1.6833974493
        0.3050000000         1.2041454763         3.2591327845         1.7075891455
        0.3100000000         1.1271919115         3.2194731386         1.7139553813
        0.3150000000         1.0296995985         3.1701640080         1.7254146058
        0.3200000000         0.9134449607         3.1126221895         1.7215948643
        0.3250000000         0.7805462929         3.0483418659         1.7292343473
        0.3300000000         0.6334251634         2.9787992910         1.7266878530
        0.3350000000         0.4747622905         2.9053805828         1.7279611001
        0.3400000000         0.3074486961         2.8293409842         1.7165018756
        0.3450000000         0.1345330288         2.7517985655         1.7190483700
        0.3500000000        -0.0408339868         2.5000000000         1.7024961568
        0.3550000000        -0.2154569597         2.1414061934         1.7114088870
        0.3600000000        -0.3861540561         2.0516607598         1.6808509549
        0.3650000000        -0.5498149762         1.9697413431         1.6477465286
        0.3700000000        -0.7034576278         1.8951180534         1.6133688551
        0.3750000000        -0.8442824628         1.8275470965         1.5789911816
        0.3800000000        -0.9697234891         1.7672012396         1.5293345420
        0.3850000000        -1.0774950250         1.7146867377         1.4898638798
        0.3900000000        -1.1656333478         1.6709541448         1.4058295668
        0.3950000000        -1.2325324748         1.6371287623         1.4134690498
        0.4000000000        -1.2769734259         1.6142995950         1.3625391631
        0.4050000000        -1.2981464355         1.6033114922         1.3689053989
        0.4100000000        -1.2956657064         1.6046028064         1.3319812311
        0.4150000000        -1.2695764407         1.6181209542         1.3434404556
        0.4200000000        -1.2203540150         1.6433325504         1.2963303104
        0.4250000000        -1.1488953191         1.6793261216         1.3039697934
        0.4300000000        -1.0565024138         1.7249870874         1.3001500519
        0.4350000000        -0.9448588051         1.7792099885         1.2886908274
        0.4400000000        -0.8159987697         1.8411044700         1.3001500519
        0.4450000000        -0.6722702872         1.9101508904         1.2810513444
        0.4500000000        -0.5162922578         1.9862688802         1.2925105689
        0.4550000000        -0.3509067828         2.0697765914         1.2823245916
        0.4600000000        -0.1791273779         2.1612374410         1.3128825236
        0.4650000000        -0.0040840637         2.5000000000         1.2874175802
        0.4700000000         0.1710336668         2.7681017119         1.3141557707
        0.4750000000         0.3430349650         2.8454159734         1.3332544783
        0.4800000000         0.5087857669         2.9210039188         1.3676321518
        0.4850000000         0.6652659001         2.9937198976         1.4007365781
        0.4900000000         0.8096241146         3.0622796086         1.4427537346
        0.4950000000         0.9392300357         3.1252735648         1.4707651723
        0.5000000000         1.0517220927         3.1812148573         1.5153288232
        0.5050000000         1.1450505494         3.2286170513         1.6070026192
        0.5100000000         1.2175148528         3.2660928644         1.5917236532
        0.5150000000         1.2677946189         3.2924605275         1.6426535399
        0.5200000000         1.2949736919         3.3068430247         1.6439267871
        0.5250000000         1.2985568375         3.3087460420         1.6744847191
        0.5300000000         1.2784787665         3.2981033300         1.6795777078
        0.5350000000         1.2351053248         3.2752828569         1.7050426511
        0.5400000000         1.1692268270         3.2410528506         1.7152286285
        0.5450000000         1.0820436560         3.1965126948         1.7203216171
        0.5500000000         0.9751443905         3.1429987225         1.7177751228
        0.5550000000         0.8504768596         3.0819784298         1.7279611001
        0.5600000000         0.7103126508         3.0149479713         1.7241413586
        0.5650000000         0.5572057189         2.9433467887         1.7330540888
        0.5700000000         0.3939458505         2.8685000413         1.7241413586
        0.5750000000         0.2235078304         2.7915946748         1.7215948643
        0.5800000000         0.0489972375         2.5000000000         1.7114088870
        0.5850000000        -0.1264061421         2.1905440060         1.7037694040
        0.5900000000        -0.2995062547         2.0965604784         1.6897636851
        0.5950000000        -0.4671490148         2.0107131376         1.6604790003
        0.6000000000        -0.6262797763         1.9324097654         1.6248280796
        0.6050000000        -0.7739989916         1.8612370226         1.5879039117
        0.6100000000        -0.9076150447         1.7971452248         1.5611657212
        0.6150000000        -1.0246932956         1.7405237115         1.5038695987
        0.6200000000        -1.1231004424         1.6921637951         1.4083760611
        0.6250000000        -1.2010433923         1.6531261432         1.4300212630
        0.6300000000        -1.2571019341         1.6245455586         1.3765448819
        0.6350000000        -1.2902546160         1.6074158640         1.3752716348
        0.6400000000        -1.2998973575         1.6023994378         1.3510799386
        0.6450000000        -1.2858544566         1.6096997398         1.3421672084
        0.6500000000        -1.2483817914         1.6290221018         1.3103360292
        0.6550000000        -1.1881621574         1.6596305074         1.3052430406
        0.6600000000        -1.1062928263         1.7004891672         1.3039697934
        0.6650000000        -1.0042655528         1.7504607615         1.2976035576
        0.6700000000        -0.8839393923         1.8085212855         1.2848710859
        0.6750000000        -0.7475068277         1.8739466648         1.2937838161
        0.6800000000        -0.5974538188         1.9464296813         1.2759583557
        0.6850000000        -0.4365145062         2.0260968224         1.2976035576
        0.6900000000        -0.2676213914         2.1134117066         1.2950570632
        0.6950000000        -0.0938519034         2.5000000000         1.3065162877
        0.7000000000         0.0816276754         2.5000000000         1.3052430406
        0.7050000000         0.2556199030         2.8060085406         1.3154290179
        0.7100000000         0.4249544386         2.8826145299         1.3421672084
        0.7150000000         0.5865458098         2.9569515184         1.3778181291
        0.7200000000         0.7374496339         3.0278066236         1.4071028140
        0.7250000000         0.8749162676         3.0938305687         1.4363874988
        0.7300000000         0.9964409089         3.1535680581         1.4720384195
        0.7350000000         1.0998092374         3.2055211228         1.5649854627
        0.7400000000         1.1831377619         3.2482386094         1.5917236532
        0.7450000000         1.2449081397         3.2804204047         1.6159153494
        0.7500000000         1.2839948428         3.3010221857         1.6464732814
        0.7550000000         1.2996856658         3.3093459013         1.6566592588
        0.7600000000         1.2916947037         3.3051029638         1.6693917304
        0.7650000000         1.2601675611         3.2884409501         1.6859439436
        0.7700000000         1.2056786993         3.2599299063         1.7139553813
        0.7750000000         1.1292209688         3.2205102621         1.7152286285
        0.7800000000         1.0321875182         3.1714099516         1.7228681115
        0.7850000000         0.9163464101         3.1140427245         1.7190483700
        0.7900000000         0.7838084042         3.0499021142         1.7215948643
        0.7950000000         0.6369884971         2.9804657208         1.7254146058
        0.8000000000         0.4785619185         2.9071223532         1.7279611001
        0.8050000000         0.3114153849         2.8311305020         1.7228681115
        0.8100000000         0.1385945006         2.7536112505         1.7139553813
        0.8150000000        -0.0367517368         2.5000000000         1.7088623926
        0.8200000000        -0.2114283148         2.1435913370         1.7037694040
        0.8250000000        -0.3822524228         2.0536566059         1.6846706964
        0.8300000000        -0.5461114469         1.9715619310         1.6452000343
        0.8350000000        -0.7000196851         1.8967731771         1.6184618437
        0.8400000000        -0.8411727500         1.8290379848         1.5802644287
        0.8450000000        -0.9669986687         1.7685188003         1.5497064967
        0.8500000000        -1.0752047466         1.7158124361         1.4911371270
        0.8550000000        -1.1638193428         1.6718631204         1.4007365781
        0.8600000000        -1.2312277965         1.6377944109         1.4249282743
        0.8650000000        -1.2762018471         1.6146986158         1.3701786461
        0.8700000000        -1.2979220151         1.6034283547         1.3752716348
        0.8750000000        -1.2959925339         1.6044327402         1.3408939613
        0.8800000000        -1.2704485606         1.6176708682         1.3383474669
        0.8850000000        -1.2217555364         1.6426197016         1.3179755122
        0.8900000000        -1.1508007047         1.6783747946         1.2950570632
        0.8950000000        -1.0588769452         1.7238239446         1.3154290179
        0.9000000000        -0.9476592156         1.7778590293         1.2861443331
        0.9050000000        -0.8191740325         1.8395826500         1.3039697934
        0.9100000000        -0.6757625454         1.9084653720         1.2785048501
        0.9150000000        -0.5200378784         1.9844166275         1.3014232991
        0.9200000000        -0.3548375162         2.0677466230         1.2861443331
        0.9250000000        -0.1831716015         2.1590155801         1.3077895349
        0.9300000000        -0.0081680872         2.5000000000         1.2988768047
        0.9350000000         0.1669842593         2.7662915891         1.3103360292
        0.9400000000         0.3390939582         2.8436333964         1.3396207141
        0.9450000000         0.5050249706         2.9192739775         1.3727251404
        0.9500000000         0.6617538405         2.9920707944         1.3969168366
        0.9550000000         0.8064247854         3.0607427515         1.4338410045
        0.9600000000         0.9364017324         3.1238828602         1.4682186780
        0.9650000000         1.0493163502         3.1800052295         1.5369740250
        0.9700000000         1.1431112032         3.2276223506         1.5993631362
        0.9750000000         1.2160772401         3.2653434291         1.5993631362
        0.9800000000         1.2668849346         3.2919807332         1.6426535399
        0.9850000000         1.2946085116         3.3066491675         1.6350140569
        0.9900000000         1.2987428151         3.3088448595         1.6744847191
        0.9950000000         1.2792125133         3.2984913766         1.6693917304
        1.0000000000         1.2363734712         3.2759468245         1.7126821341
        1.0050000000         1.1710062658         3.2419707870         1.7139553813
        1.0100000000         1.0843019637         3.1976559434         1.7215948643
        1.0150000000         0.9778404182         3.1443343011         1.7241413586
        1.0200000000         0.8535614825         3.0834715110         1.7203216171
        1.0250000000         0.7137296634         3.0165641207         1.7317808416
        1.0300000000         0.5608928594         2.9450536679         1.7203216171
        1.0350000000         0.3978359348         2.8702683766         1.7356005831
        1.0400000000         0.2275299767         2.7933984191         1.7215948643
        1.0450000000         0.0530781576         2.5000000000         1.7177751228
        1.0500000000        -0.1223408073         2.1928310388         1.7037694040
        1.0550000000        -0.2955305803         2.0986513857         1.6948566738
        1.0600000000        -0.4633354423         2.0126217729         1.6515662701
        1.0650000000        -0.6226977934         1.9341487797         1.6248280796
        1.0700000000        -0.7707138662         1.8628124149         1.5929969004
        1.0750000000        -0.9046866356         1.7985532356         1.5586192269
        1.0800000000        -1.0221749618         1.7417503743         1.5127823289
        1.0850000000        -1.1210380708         1.6931869841         1.4287480158
        1.0900000000        -1.1994745618         1.6539195200         1.4223817800
        1.0950000000        -1.2560552307         1.6250835143         1.3918238480
        1.1000000000        -1.2897491117         1.6076784078         1.3714518933
        1.1050000000        -1.2999422632         1.6023760395         1.3574461744
        1.1100000000        -1.2864489542         1.6093913585         1.3370742198
        1.1150000000        -1.2495150483         1.6284410010         1.3345277254
        1.1200000000        -1.1898135244         1.6587978927         1.2925105689
        1.1250000000        -1.1084322137         1.6994311137         1.3179755122
        1.1300000000        -1.0068539783         1.7492032448         1.2823245916
        1.1350000000        -0.8869296918         1.8070853317         1.3052430406
        1.1400000000        -0.7508445144         1.8723446574         1.2797780972
        1.1450000000        -0.6010780764         1.9446636902         1.3052430406
        1.1500000000        -0.4403592963         2.0241594856         1.2797780972
        1.1550000000        -0.2716166575         2.1112897529         1.3077895349
        1.1600000000        -0.0979248472         2.5000000000         1.2950570632
        1.1650000000         0.0775512678         2.5000000000         1.3103360292
        1.1700000000         0.2516143085         2.8042089074         1.3243417481
        1.1750000000         0.4210926437         2.8808543424         1.3459869499
        1.1800000000         0.5828981809         2.9552573271         1.3778181291
        1.1850000000         0.7340826351         3.0262082335         1.4083760611
        1.1900000000         0.8718912495         3.0923607465         1.4402072403
        1.1950000000         0.9938129908         3.1522614352         1.4898638798
        1.2000000000         1.0976263032         3.2044123892         1.5293345420
        1.2050000000         1.1814395871         3.2473602136         1.6159153494
        1.2100000000         1.2437256670         3.2798000666         1.6019096306
        1.2150000000         1.2833496182         3.3006805662         1.6515662701
        1.2200000000         1.2995894461         3.3092947639         1.6528395173
        1.2250000000         1.2921492421         3.3053440930         1.6719382248
        1.2300000000         1.2611645754         3.2889659853         1.6935834266
        1.2350000000         1.2072000228         3.2607211154         1.6935834266
        1.2400000000         1.1312388811         3.2215421417         1.7279611001
        1.2450000000         1.0346652507         3.1726514206         1.7177751228
        1.2500000000         0.9192388155         3.1154595971         1.7215948643
        1.2550000000         0.7870627796         3.0514595026         1.7279611001
        1.2600000000         0.6405455440         2.9821300436         1.7177751228
        1.2650000000         0.4823568233         2.9088626976         1.7330540888
        1.2700000000         0.3153790000         2.8329191989         1.7165018756
        1.2750000000         0.1426546044         2.7554236578         1.7215948643
        1.2800000000        -0.0326691241         2.5000000000         1.7063158983
        1.2850000000        -0.2073975831         2.1457810473         1.7126821341
        1.2900000000        -0.3783470169         2.0556566895         1.6770312134
        1.2950000000        -0.5424025278         1.9733864568         1.6375605513
        1.3000000000        -0.6965748335         1.8984320962         1.6108223607
        1.3050000000        -0.8380547352         1.8305327555         1.5802644287
        1.3100000000        -0.9642643046         1.7698405703         1.5471600024
        1.3150000000        -1.0729038563         1.7169428623         1.5115090817
        1.3200000000        -1.1619938514         1.6727774411         1.4287480158
        1.3250000000        -1.2299109665         1.6384660052         1.3994633310
        1.3300000000        -1.2754176727         1.6151040509         1.3765448819
        1.3350000000        -1.2976847849         1.6035518784         1.3599926688
        1.3400000000        -1.2963065703         1.6042693127         1.3472601971
        1.3450000000        -1.2713081418         1.6172271334         1.3421672084
        1.3500000000        -1.2231449996         1.6419127068         1.3116092764
        1.3550000000        -1.1526947324         1.6774287102         1.3039697934
        1.3600000000        -1.0612410259         1.7226654355         1.2912373217
        1.3650000000        -0.9504502731         1.7765122112         1.2925105689
        1.3700000000        -0.8223412105         1.8380646814         1.2848710859
        1.3750000000        -0.6792481341         1.9067836578         1.3014232991
        1.3800000000        -0.5237783664         1.9825683537         1.2797780972
        1.3850000000        -0.3587647474         2.0657209477         1.2976035576
        1.3900000000        -0.1872140173         2.1567983313         1.2912373217
        1.3950000000        -0.0122520300         2.5000000000         1.3103360292
        1.4000000000         0.1629332036         2.7644811033         1.3154290179
        1.4050000000         0.3351496047         2.8418499047         1.3383474669
        1.4100000000         0.5012591900         2.9175425046         1.3701786461
        1.4150000000         0.6582352496         2.9904194662         1.3969168366
        1.4200000000         0.8032174970         3.0592029065         1.4325677573
        1.4250000000         0.9335641871         3.1224883603         1.4643989365
        1.4300000000         1.0469002514         3.1787909975         1.5140555760
        1.4350000000         1.1411605750         3.2266222886         1.6044561249
        1.4400000000         1.2146276252         3.2645879856         1.5955433947
        1.4450000000         1.2659627467         3.2914944484         1.6426535399
        1.4500000000         1.2942305540         3.3064485451         1.6477465286
        1.4550000000         1.2989159746         3.3089368700         1.6719382248
        1.4600000000         1.2799336349         3.2988728115         1.6770312134
        1.4650000000         1.2376294150         3.2766045943         1.6999496625
        1.4700000000         1.1727741472         3.2428831211         1.7075891455
        1.4750000000         1.0865495698         3.1987943149         1.7241413586
        1.4800000000         0.9805267950         3.1456658000         1.7241413586
        1.4850000000         0.8566376810         3.0849613257         1.7152286285
        1.4900000000         0.7171396318         3.0181777860         1.7343273360
        1.4950000000         0.5645744641         2.9467587825         1.7152286285
        1.5000000000         0.4017220927         2.8720355904         1.7305075945
        1.5050000000         0.2315498773         2.7952016142         1.7177751228
        1.5100000000         0.0571585538         2.5000000000         1.7254146058
        1.5150000000        -0.1182742651         2.1951227656         1.7012229096
        1.5200000000        -0.2915519892         2.1007467050         1.6948566738
        1.5250000000        -0.4595172969         2.0145344867         1.6515662701
        1.5300000000        -0.6191096648         1.9358916367         1.6184618437
        1.5350000000        -0.7674211342         1.8643916144         1.5828109231
        1.5400000000        -0.9017492976         1.7999652602         1.5458867552
        1.5450000000        -1.0196465395         1.7429814806         1.5064160930
        1.5500000000        -1.1189646351         1.6942151968         1.4707651723
        1.5550000000        -1.1978938931         1.6547185448         1.3854576121
        1.5600000000        -1.2549961305         1.6256276673         1.4134690498
        1.5650000000        -1.2892308781         1.6079475182         1.3396207141
        1.5700000000        -1.2999743391         1.6023593260         1.3714518933
        1.5750000000        -1.2870307550         1.6090895063         1.3192487594
        1.5800000000        -1.2506359731         1.6278660295         1.3485334443
        1.5850000000        -1.1914531485         1.6579708407         1.2823245916
        1.5900000000        -1.1105606612         1.6983779979         1.3116092764
        1.5950000000        -1.0094324665         1.7479501004         1.2734118614
        1.6000000000        -0.8899112377         1.8056533483         1.3077895349
        1.6050000000        -0.7541747907         1.8707464479         1.2861443331
        1.6100000000        -0.6046964015         1.9429015645         1.2912373217
        1.6150000000        -0.4441997403         2.0222262709         1.2861443331
        1.6200000000        -0.2756092429         2.1091722574         1.2835978387
        1.6250000000        -0.1019968244         2.2043367020         1.3001500519
        1.6300000000         0.0734740948         2.5000000000         1.3103360292
        1.6350000000         0.2476062306         2.8024086487         1.3039697934
        1.6400000000         0.4172266927         2.8790929482         1.3358009726
        1.6450000000         0.5792447991         2.9535612752         1.3689053989
        1.6500000000         0.7307083912         3.0246072534         1.3969168366
        1.6550000000         0.8688576262         3.0908875452         1.4325677573
        1.6600000000         0.9911752643         3.1509506190         1.4669454308
        1.6650000000         1.0954325358         3.2032986714         1.5662587099
        1.6700000000         1.1797297519         3.2464761233         1.5866306646
        1.6750000000         1.2425309192         3.2791734611         1.6171885966
        1.6800000000         1.2826917275         3.3003322940         1.6490197758
        1.6850000000         1.2994803999         3.3092368111         1.6502930229
        1.6900000000         1.2925910275         3.3055784817         1.6795777078
        1.6950000000         1.2621491426         3.2894845856         1.6783044606
        1.7000000000         1.2087094317         3.2615063978         1.7126821341
        1.7050000000         1.1332456285         3.2225687602         1.7114088870
        1.7100000000         1.0371327714         3.1738883965         1.7241413586
        1.7150000000         0.9221221484         3.1168727884         1.7228681115
        1.7200000000         0.7903093870         3.0530140128         1.7266878530
        1.7250000000         0.6440962690         2.9837922427         1.7177751228
        1.7300000000         0.4861469675         2.9106016010         1.7292343473
        1.7350000000         0.3193395026         2.8347070617         1.7139553813
        1.7400000000         0.1467133003         2.7572357752         1.7203216171
        1.7450000000        -0.0285861889         2.5000000000         1.7088623926
        1.7500000000        -0.2033648046         2.1479753310         1.7114088870
        1.7550000000        -0.3744378768         2.0576610185         1.6833974493
        1.7600000000        -0.5386882553         1.9752149261         1.6541127644
        1.7650000000        -0.6931231070         1.9000948116         1.6210083381
        1.7700000000        -0.8349284491         1.8320314039         1.5840841702
        1.7750000000        -0.9615204235         1.7711665396         1.5446135080
        1.7800000000        -1.0705923769         1.7180780026         1.4936836213
        1.7850000000        -1.1601568916         1.6736970924         1.4071028140
        1.7900000000        -1.2285819977         1.6391435321         1.4287480158
        1.7950000000        -1.2746209104         1.6155158916         1.3574461744
        1.8000000000        -1.2974347470         1.6036820605         1.3816378706
        1.8050000000        -1.2966078128         1.6041125275         1.3408939613
        1.8100000000        -1.2721551756         1.6167897592         1.3307079839
        1.8150000000        -1.2245223909         1.6412115792         1.3128825236
        1.8200000000        -1.1545773835         1.6764878832         1.2950570632
        1.8250000000        -1.0635946327         1.7215115734         1.2988768047
        1.8300000000        -0.9532319501         1.7751695436         1.2963303104
        1.8350000000        -0.8255002723         1.8365505682         1.2925105689
        1.8400000000        -0.6827270189         1.9051057460         1.2899640746
        1.8450000000        -0.5275136850         1.9807240526         1.2785048501
        1.8500000000        -0.3626884379         2.0636995576         1.2886908274
        1.8550000000        -0.1912545854         2.1545856884         1.3001500519
        1.8600000000        -0.0163358518         2.5000000000         1.2950570632
        1.8650000000         0.1588805399         2.7626702668         1.3077895349
        1.8700000000         0.3312019434         2.8400655120         1.3281614896
        1.8750000000         0.4974884621         2.9158095154         1.3587194216
        1.8800000000         0.6547101621         2.9887659300         1.3790913763
        1.8850000000         0.8000022812         3.0576600917         1.4198352856
        1.8900000000         0.9307174279         3.1210900843         1.4605791950
        1.8950000000         1.0444738201         3.1775721797         1.5611657212
        1.9000000000         1.1391986841         3.2256168819         1.5815376759
        1.9050000000         1.2131660224         3.2638265471         1.6120956079
        1.9100000000         1.2650280643         3.2910016821         1.6401070456
        1.9150000000         1.2938398229         3.3062411613         1.6362873041
        1.9200000000         1.2990763144         3.3090220720         1.6795777078
        1.9250000000         1.2806421240         3.2992476277         1.6719382248
        1.9300000000         1.2388731440         3.2772561546         1.7050426511
        1.9350000000         1.1745304538         3.2437898371         1.7126821341
        1.9400000000         1.0887864521         3.1999277913         1.7203216171
        1.9450000000         0.9832034943         3.1469932001         1.7177751228
        1.9500000000         0.8597054249         3.0864478552         1.7177751228
        1.9550000000         0.7205425224         3.0197889495         1.7356005831
        1.9600000000         0.5682504966         2.9484621164         1.7203216171
        1.9650000000         0.4056042857         2.8738016686         1.7317808416
        1.9700000000         0.2355674927         2.7970042474         1.7126821341
        1.9750000000         0.0612383859         2.5000000000         1.7114088870
        1.9800000000        -0.1142065555         2.1974191909         1.6974031681
        1.9850000000        -0.2875705206         2.1028464441         1.6859439436
        1.9900000000        -0.4556946162         2.0164512862         1.6502930229
        1.9950000000        -0.6155154257         1.9376383400         1.6210083381
