        0.0000000000         0.0000000000         2.5000000000         1.5153288232
        0.0050000000         0.2073975831         2.7843744562         1.5127823289
        0.0100000000         0.4094824756         2.8755665971         1.5076893402
        0.0150000000         0.6010780764         2.9637093540         1.5420670137
        0.0200000000         0.7772764780         3.0467787759         1.5446135080
        0.0250000000         0.9335641871         3.1224883603         1.5649854627
        0.0300000000         1.0659377421         3.1883749060         1.5802644287
        0.0350000000         1.1710062658         3.2419707870         1.6146421022
        0.0400000000         1.2460783257         3.2810344643         1.6286478211
        0.0450000000         1.2892308781         3.3037963749         1.6528395173
        0.0500000000         1.2993585285         3.3091720440         1.6604790003
        0.0550000000         1.2762018471         3.2968995937         1.6974031681
        0.0600000000         1.2203540150         3.2675736573         1.6935834266
        0.0650000000         1.1332456285         3.2225687602         1.7241413586
        0.0700000000         1.0171080537         3.1638678242         1.7126821341
        0.0750000000         0.8749162676         3.0938305687         1.7292343473
        0.0800000000         0.7103126508         3.0149479713         1.7177751228
        0.0850000000         0.5275136850         2.9296301169         1.7292343473
        0.0900000000         0.3312019434         2.8400655120         1.7101356398
        0.0950000000         0.1264061421         2.7481724106         1.7177751228
        0.1000000000        -0.0816276754         2.5000000000         1.7126821341
        0.1050000000        -0.2875705206         2.1028464441         1.7012229096
        0.1100000000        -0.4861469675         2.0012308929         1.6884904379
        0.1150000000        -0.6722702872         1.9101508904         1.6477465286
        0.1200000000        -0.8411727500         1.8290379848         1.6159153494
        0.1250000000        -0.9885277553         1.7580970415         1.5802644287
        0.1300000000        -1.1105606612         1.6983779979         1.5369740250
        0.1350000000        -1.2041454763         1.6515563896         1.4414804875
        0.1400000000        -1.2668849346         1.6195092236         1.4185620385
        0.1450000000        -1.2971719039         1.6038188982         1.3841843649
        0.1500000000        -1.2942305540         1.6053493802         1.3663589046
        0.1550000000        -1.2581362304         1.6240138113         1.3638124103
        0.1600000000        -1.1898135244         1.6587978927         1.3268882424
        0.1650000000        -1.0910125884         1.7080325986         1.3383474669
        0.1700000000        -0.9642643046         1.7698405703         1.2988768047
        0.1750000000        -0.8128154532         1.8426301376         1.3217952537
        0.1800000000        -0.6405455440         1.9254920705         1.3077895349
        0.1850000000        -0.4518674381         2.0183721785         1.3192487594
        0.1900000000        -0.2516143085         2.1219442551         1.3154290179
        0.1950000000        -0.0449158338         2.5000000000         1.3154290179
        0.2000000000         0.1629332036         2.7644811033         1.3205220066
        0.2050000000         0.3666085487         2.8560914693         1.3434404556
        0.2100000000         0.5608928594         2.9450536679         1.3816378706
        0.2150000000         0.7408093543         3.0294024058         1.4071028140
        0.2200000000         0.9017492976         3.1069038043         1.4363874988
        0.2250000000         1.0395900560         3.1751208607         1.4733116667
        0.2300000000         1.1508007047         3.2315688208         1.5407937665
        0.2350000000         1.2325324748         3.2739363768         1.6197350909
        0.2400000000         1.2826917275         3.3003322940         1.6031828777
        0.2450000000         1.2999935848         3.3095095574         1.6592057531
        0.2500000000         1.2839948428         3.3010221857         1.6375605513
        0.2550000000         1.2351053248         3.2752828569         1.6795777078
        0.2600000000         1.1545773835         3.2335095593         1.6706649776
        0.2650000000         1.0444738201         3.1775721797         1.7050426511
        0.2700000000         0.9076150447         3.1097702080         1.7037694040
        0.2750000000         0.7475068277         3.0325860753         1.6935834266
        0.2800000000         0.5682504966         2.9484621164         1.7088623926
        0.2850000000         0.3744378768         2.8596420336         1.6859439436
        0.2900000000         0.1710336668         2.7681017119         1.7075891455
        0.2950000000        -0.0367517368         2.5000000000         1.6948566738
        0.3000000000        -0.2435957090         2.1262374740         1.6935834266
        0.3050000000        -0.4441997403         2.0222262709         1.6693917304
        0.3100000000        -0.6334251634         1.9289432520         1.6286478211
        0.3150000000        -0.8064247854         1.8456930005         1.6006363834
        0.3200000000        -0.9587670526         1.7724966981         1.5662587099
        0.3250000000        -1.0865495698         1.7102314955         1.5204218119
        0.3300000000        -1.1864990636         1.6604686705         1.4593059478
        0.3350000000        -1.2560552307         1.6250835143         1.3867308593
        0.3400000000        -1.2934363221         1.6057623936         1.4045563196
        0.3450000000        -1.2976847849         1.6035518784         1.3459869499
        0.3500000000        -1.2686917905         1.6185773818         1.3625391631
        0.3550000000        -1.2072000228         1.6500093962         1.3281614896
        0.3600000000        -1.1147846531         1.6962866362         1.3230685009
        0.3650000000        -0.9938129909         1.7555343226         1.3052430406
        0.3700000000        -0.8473838429         1.8260600956         1.3103360292
        0.3750000000        -0.6792481341         1.9067836578         1.3014232991
        0.3800000000        -0.4937128242         1.9974663011         1.3192487594
        0.3850000000        -0.2955305803         2.0986513857         1.2937838161
        0.3900000000        -0.0897780334         2.5000000000         1.3179755122
        0.3950000000         0.1182742651         2.7445452895         1.3141557707
        0.4000000000         0.3232968533         2.8364940771         1.3408939613
        0.4050000000         0.5200378784         2.9261844007         1.3676321518
        0.4100000000         0.7034576278         3.0117082899         1.3994633310
        0.4150000000         0.8688576262         3.0908875452         1.4402072403
        0.4200000000         1.0120009920         3.1613186823         1.4809511497
        0.4250000000         1.1292209688         3.2205102621         1.5357007779
        0.4300000000         1.2175148528         3.2660928644         1.5879039117
        0.4350000000         1.2746209104         3.2960641807         1.6159153494
        0.4400000000         1.2990763144         3.3090220720         1.6375605513
        0.4450000000         1.2902546160         3.3043391797         1.6617522474
        0.4500000000         1.2483817914         3.2822437029         1.6617522474
        0.4550000000         1.1745304538         3.2437898371         1.6935834266
        0.4600000000         1.0705923769         3.1907239235         1.6897636851
        0.4650000000         0.9392300357         3.1252735648         1.7075891455
        0.4700000000         0.7838084042         3.0499021142         1.7114088870
        0.4750000000         0.6083087585         2.9670766866         1.7024961568
        0.4800000000         0.4172266927         2.8790929482         1.7037694040
        0.4850000000         0.2154569597         2.7879855886         1.6986764153
        0.4900000000         0.0081680872         2.5000000000         1.7012229096
        0.4950000000        -0.1993300189         2.1501741947         1.6923101795
        0.5000000000        -0.4017220927         2.0437195936         1.6681184833
        0.5050000000        -0.5938236646         1.9481995420         1.6362873041
        0.5100000000        -0.7707138662         1.8628124149         1.5980898891
        0.5150000000        -0.9278614830         1.7874021944         1.5637122155
        0.5200000000        -1.0612410259         1.7226654355         1.5216950590
        0.5250000000        -1.1674358485         1.6700505290         1.4987766100
        0.5300000000        -1.2437256670         1.6314075645         1.3918238480
        0.5350000000        -1.2881562437         1.6085054153         1.4083760611
        0.5400000000        -1.2995894461         1.6025598667         1.3485334443
        0.5450000000        -1.2777324016         1.6139069970         1.3523531858
        0.5500000000        -1.2231449996         1.6419127068         1.3307079839
        0.5550000000        -1.1372255496         1.6851433590         1.3243417481
        0.5600000000        -1.0221749618         1.7417503743         1.3179755122
        0.5650000000        -0.8809403687         1.8099612032         1.3026965462
        0.5700000000        -0.7171396318         1.8885354998         1.3167022651
        0.5750000000        -0.5349686662         1.9770473447         1.2950570632
        0.5800000000        -0.3390939582         2.0758923350         1.3243417481
        0.5850000000        -0.1345330288         2.1859840034         1.3039697934
        0.5900000000         0.0734740948         2.5000000000         1.3192487594
        0.5950000000         0.2795991081         2.8167924851         1.3205220066
        0.6000000000         0.4785619185         2.9071223532         1.3396207141
        0.6050000000         0.6652659001         2.9937198976         1.3854576121
        0.6100000000         0.8349284491         3.0744646807         1.4287480158
        0.6150000000         0.9832034943         3.1469932001         1.4745849138
        0.6200000000         1.1062928263         3.2088172432         1.5166020704
        0.6250000000         1.2010433923         3.2575208584         1.5204218119
        0.6300000000         1.2650280643         3.2910016821         1.5293345420
        0.6350000000         1.2966078128         3.3077107094         1.6795777078
        0.6400000000         1.2949736919         3.3068430247         1.6324675626
        0.6450000000         1.2601675611         3.2884409501         1.6833974493
        0.6500000000         1.1930810134         3.2533885579         1.7012229096
        0.6550000000         1.0954325358         3.2032986714         1.6833974493
        0.6600000000         0.9697234891         3.1403154016         1.7075891455
        0.6650000000         0.8191740325         3.0668720670         1.6974031681
        0.6700000000         0.6476406369         2.9854523014         1.7139553813
        0.6750000000         0.4595172969         2.8983995389         1.7152286285
        0.6800000000         0.2596229747         2.8078075354         1.6935834266
        0.6850000000         0.0530781576         2.5000000000         1.7012229096
        0.6900000000        -0.1548263081         2.1746657988         1.6846706964
        0.6950000000        -0.3587647474         2.0657209477         1.6719382248
        0.7000000000        -0.5535130790         1.9679246878         1.6350140569
        0.7050000000        -0.7340826351         1.8803926532         1.6082758664
        0.7100000000        -0.8958479509         1.8028013210         1.5738981929
        0.7150000000        -1.0346652507         1.7356617392         1.5318810364
        0.7200000000        -1.1469785944         1.6802826766         1.4911371270
        0.7250000000        -1.2299109665         1.6384660052         1.3994633310
        0.7300000000        -1.2813379737         1.6120406399         1.4134690498
        0.7350000000        -1.2999422632         1.6023760395         1.3536264329
        0.7400000000        -1.2852472682         1.6100146434         1.3701786461
        0.7450000000        -1.2376294150         1.6345258787         1.3332544783
        0.7500000000        -1.1583084814         1.6746220596         1.3421672084
        0.7550000000        -1.0493163502         1.7285041870         1.3001500519
        0.7600000000        -0.9134449607         1.7943412754         1.3256149953
        0.7650000000        -0.7541747907         1.8707464479         1.2899640746
        0.7700000000        -0.5755857004         1.9571070413         1.3192487594
        0.7750000000        -0.3822524228         2.0536566059         1.3014232991
        0.7800000000        -0.1791273779         2.1612374410         1.3179755122
        0.7850000000         0.0285861889         2.5000000000         1.3103360292
        0.7900000000         0.2355674927         2.7970042474         1.3319812311
        0.7950000000         0.4365145062         2.8878877089         1.3510799386
        0.8000000000         0.6262797763         2.9754601774         1.3981900838
        0.8050000000         0.8000022812         3.0576600917         1.4351142516
        0.8100000000         0.9532319501         3.1321694951         1.4618524422
        0.8150000000         1.0820436560         3.1965126948         1.4873173855
        0.8200000000         1.1831377619         3.2482386094         1.5229683062
        0.8250000000         1.2539246440         3.2851561555         1.5789911816
        0.8300000000         1.2925910275         3.3055784817         1.6515662701
        0.8350000000         1.2981464355         3.3085279944         1.6350140569
        0.8400000000         1.2704485606         3.2938608789         1.6986764153
        0.8450000000         1.2102069111         3.2622857397         1.6681184833
        0.8500000000         1.1189646351         3.2152725446         1.6923101795
        0.8550000000         0.9990589924         3.1548704689         1.7063158983
        0.8600000000         0.8535614825         3.0834715110         1.7126821341
        0.8650000000         0.6861991655         3.0035668366         1.7190483700
        0.8700000000         0.5012591900         2.9175425046         1.7037694040
        0.8750000000         0.3034789730         2.8275506588         1.7177751228
        0.8800000000         0.0979248472         2.5000000000         1.6872171908
        0.8850000000        -0.1101377188         2.1997203193         1.7012229096
        0.8900000000        -0.3153790000         2.0882408125         1.6795777078
        0.8950000000        -0.5125415416         1.9881251178         1.6413802928
        0.9000000000        -0.6965748335         1.8984320962         1.6108223607
        0.9050000000        -0.8627646839         1.8186835846         1.5802644287
        0.9100000000        -1.0068539783         1.7492032448         1.5497064967
        0.9150000000        -1.1251517293         1.6911456445         1.5000498572
        0.9200000000        -1.2146276252         1.6462422174         1.4071028140
        0.9250000000        -1.2729896538         1.6163587547         1.4185620385
        0.9300000000        -1.2987428151         1.6030008972         1.3676321518
        0.9350000000        -1.2912274168         1.6069104996         1.3803646234
        0.9400000000        -1.2506359731         1.6278660295         1.3485334443
        0.9450000000        -1.1780082733         1.6647422075         1.3434404556
        0.9500000000        -1.0752047466         1.7158124361         1.3243417481
        0.9550000000        -0.9448588051         1.7792099885         1.3052430406
        0.9600000000        -0.7903093870         1.8534172429         1.3217952537
        0.9650000000        -0.6155154257         1.9376383400         1.3039697934
        0.9700000000        -0.4249544386         2.0319336407         1.3179755122
        0.9750000000        -0.2235078304         2.1370495788         1.3154290179
        0.9800000000        -0.0163358518         2.5000000000         1.3154290179
        0.9850000000         0.1912545854         2.7771464525         1.3268882424
        0.9900000000         0.3939458505         2.8685000413         1.3459869499
        0.9950000000         0.5865458098         2.9569515184         1.3880041065
        1.0000000000         0.7641208280         3.0404983612         1.4223817800
        1.0050000000         0.9221221484         3.1168727884         1.4478467233
        1.0100000000         1.0565024138         3.1836202266         1.4771314082
        1.0150000000         1.1638193428         3.2382655832         1.5191485647
        1.0200000000         1.2413239082         3.2785405996         1.6273745739
        1.0250000000         1.2870307550         3.3026302735         1.6006363834
        1.0300000000         1.2997690581         3.3093902223         1.6668452361
        1.0350000000         1.2792125133         3.2984913766         1.6515662701
        1.0400000000         1.2258876967         3.2704625661         1.6744847191
        1.0450000000         1.1411605750         3.2266222886         1.6897636851
        1.0500000000         1.0272015161         3.1689136084         1.6948566738
        1.0550000000         0.8869296918         3.0996756909         1.7228681115
        1.0600000000         0.7239383014         3.0213975937         1.6961299210
        1.0650000000         0.5424025278         2.9365019407         1.7139553813
        1.0700000000         0.3469725861         2.8471976224         1.6910369323
        1.0750000000         0.1426546044         2.7554236578         1.7126821341
        1.0800000000        -0.0653176136         2.5000000000         1.6833974493
        1.0850000000        -0.2716166575         2.1112897529         1.6974031681
        1.0900000000        -0.4709579767         2.0088085738         1.6642987418
        1.0950000000        -0.6582352496         1.9169310423         1.6299210682
        1.1000000000        -0.8286511867         1.8350403147         1.5955433947
        1.1050000000        -0.9778404182         1.7632739153         1.5637122155
        1.1100000000        -1.1019813169         1.7026200296         1.5280612949
        1.1150000000        -1.1978938931         1.6547185448         1.4262015215
        1.1200000000        -1.2631212528         1.6214485774         1.4325677573
        1.1250000000        -1.2959925339         1.6044327402         1.3739983876
        1.1300000000        -1.2956657064         1.6046028064         1.3790913763
        1.1350000000        -1.2621491426         1.6219491217         1.3498066914
        1.1400000000        -1.1963014016         1.6555232035         1.3408939613
        1.1450000000        -1.0998092374         1.7036928102         1.3358009726
        1.1500000000        -0.9751443905         1.7645787867         1.3052430406
        1.1550000000        -0.8255002723         1.8365505682         1.3243417481
        1.1600000000        -0.6547101621         1.9186356100         1.3014232991
        1.1650000000        -0.4671490148         2.0107131376         1.3154290179
        1.1700000000        -0.2676213914         2.1134117066         1.3039697934
        1.1750000000        -0.0612383859         2.5000000000         1.3230685009
        1.1800000000         0.1467133003         2.7572357752         1.3154290179
        1.1850000000         0.3509067828         2.8489783297         1.3498066914
        1.1900000000         0.5461114469         2.9382157209         1.3918238480
        1.1950000000         0.7273269355         3.0230037008         1.4121958026
        1.2000000000         0.8899112377         3.1011283356         1.4440269818
        1.2050000000         1.0296995985         3.1701640080         1.4682186780
        1.2100000000         1.1431112032         3.2276223506         1.5013231043
        1.2150000000         1.2272409034         3.2711695770         1.6159153494
        1.2200000000         1.2799336349         3.2988728115         1.6057293721
        1.2250000000         1.2998396222         3.3094277262         1.6528395173
        1.2300000000         1.2864489542         3.3023220109         1.6566592588
        1.2350000000         1.2401046457         3.2779014936         1.6693917304
        1.2400000000         1.1619938514         3.2373253938         1.6897636851
        1.2450000000         1.0541174551         3.1824198625         1.6935834266
        1.2500000000         0.9192388155         3.1154595971         1.7241413586
        1.2550000000         0.7608129802         3.0389213344         1.6961299210
        1.2600000000         0.5828981809         2.9552573271         1.7152286285
        1.2650000000         0.3900518781         2.8667305986         1.6948566738
        1.2700000000         0.1872140173         2.7753383286         1.7063158983
        1.2750000000        -0.0204195125         2.5000000000         1.6974031681
        1.2800000000        -0.2275299767         2.1348780940         1.6910369323
        1.2850000000        -0.4288120393         2.0299838925         1.6668452361
        1.2900000000        -0.6191096648         1.9358916367         1.6350140569
        1.2950000000        -0.7935481944         1.8518647403         1.6006363834
        1.3000000000        -0.9476592156         1.7778590293         1.5726249457
        1.3050000000        -1.0774950250         1.7146867377         1.5293345420
        1.3100000000        -1.1797297519         1.6638765187         1.4325677573
        1.3150000000        -1.2517445545         1.6272971990         1.4287480158
        1.3200000000        -1.2916947037         1.6066676901         1.3854576121
        1.3250000000        -1.2985568375         1.6030977611         1.3816378706
        1.3300000000        -1.2721551756         1.6167897592         1.3561729273
        1.3350000000        -1.2131660224         1.6469841346         1.3421672084
        1.3400000000        -1.1231004424         1.6921637951         1.3319812311
        1.3450000000        -1.0042655528         1.7504607615         1.3077895349
        1.3500000000        -0.8597054249         1.8201510696         1.3167022651
        1.3550000000        -0.6931231070         1.9000948116         1.3026965462
        1.3600000000        -0.5087857669         1.9899853466         1.3179755122
        1.3650000000        -0.3114153849         2.0903141502         1.3014232991
        1.3700000000        -0.1060677950         2.2020261549         1.3256149953
        1.3750000000         0.1019968244         2.7372885332         1.3103360292
        1.3800000000         0.3074486961         2.8293409842         1.3472601971
        1.3850000000         0.5050249706         2.9192739775         1.3765448819
        1.3900000000         0.6896645396         3.0051998863         1.3969168366
        1.3950000000         0.8566376810         3.0849613257         1.4274747686
        1.4000000000         1.0016672156         3.1561686488         1.4605791950
        1.4050000000         1.1210380708         3.2163304739         1.5038695987
        1.4100000000         1.2116924462         3.2630591273         1.6171885966
        1.4150000000         1.2713081418         3.2943146233         1.5891771589
        1.4200000000         1.2983580436         3.3086404197         1.6553860116
        1.4250000000         1.2921492421         3.3053440930         1.6375605513
        1.4300000000         1.2528407818         3.2845863528         1.6693917304
        1.4350000000         1.1814395871         3.2473602136         1.6783044606
        1.4400000000         1.0797746690         3.1953645869         1.7037694040
        1.4450000000         0.9504502731         3.1307980513         1.7075891455
        1.4500000000         0.7967791697         3.0561143256         1.7114088870
        1.4550000000         0.6226977934         2.9737875269         1.7063158983
        1.4600000000         0.4326654079         2.8861312276         1.7037694040
        1.4650000000         0.2315498773         2.7952016142         1.6974031681
        1.4700000000         0.0245029716         2.5000000000         1.7075891455
        1.4750000000        -0.1831716015         2.1590155801         1.6948566738
        1.4800000000        -0.3861540561         2.0516607598         1.6630254946
        1.4850000000        -0.5792447991         1.9553177670         1.6324675626
        1.4900000000        -0.7574976236         1.8691520374         1.5980898891
        1.4950000000        -0.9163464101         1.7929453525         1.5624389684
        1.5000000000        -1.0517220927         1.7273272217         1.5306077892
        1.5050000000        -1.1601568916         1.6736970924         1.4936836213
        1.5100000000        -1.2388731440         1.6338901486         1.4007365781
        1.5150000000        -1.2858544566         1.6096997398         1.4147422970
        1.5200000000        -1.2998973575         1.6023994378         1.3625391631
        1.5250000000        -1.2806421240         1.6124009999         1.3587194216
        1.5300000000        -1.2285819977         1.6391435321         1.3561729273
        1.5350000000        -1.1450505494         1.6812444449         1.3192487594
        1.5400000000        -1.0321875182         1.7368705058         1.3281614896
        1.5450000000        -0.8928840005         1.8042253424         1.3014232991
        1.5500000000        -0.7307083912         1.8820136363         1.3167022651
        1.5550000000        -0.5498149762         1.9697413431         1.3014232991
        1.5600000000        -0.3548375162         2.0677466230         1.3179755122
        1.5650000000        -0.1507705483         2.1769201117         1.3077895349
        1.5700000000         0.0571585538         2.5000000000         1.3281614896
        1.5750000000         0.2636234840         2.8096058792         1.3154290179
        1.5800000000         0.4633354423         2.9001468645         1.3459869499
        1.5850000000         0.6511786130         2.9871102028         1.3676321518
        1.5900000000         0.8223412105         3.0683967875         1.4045563196
        1.5950000000         0.9724387386         3.1416590830         1.4325677573
        1.6000000000         1.0976263032         3.2044123892         1.5140555760
        1.6050000000         1.1946971031         3.2542266733         1.6082758664
        1.6100000000         1.2611645754         3.2889659853         1.5738981929
        1.6150000000         1.2953260913         3.3070301131         1.6566592588
        1.6200000000         1.2963065703         3.3075507305         1.6210083381
        1.6250000000         1.2640808965         3.2905024434         1.6719382248
        1.6300000000         1.1994745618         3.2567060823         1.6566592588
        1.6350000000         1.1041425203         3.2077235675         1.6986764153
        1.6400000000         0.9805267950         3.1456658000         1.6948566738
        1.6450000000         0.8317939226         3.0729523928         1.7101356398
        1.6500000000         0.6617538405         2.9920707944         1.6986764153
        1.6550000000         0.4747622905         2.9053805828         1.7037694040
        1.6600000000         0.2756092429         2.8149968748         1.6974031681
        1.6650000000         0.0693961967         2.5000000000         1.7024961568
        1.6700000000        -0.1385945006         2.1837110239         1.6884904379
        1.6750000000        -0.3430349650         2.0738494394         1.6706649776
        1.6800000000        -0.5386882553         1.9752149261         1.6362873041
        1.6850000000        -0.7205425224         1.8868993446         1.6095491136
        1.6900000000        -0.8839393923         1.8085212855         1.5738981929
        1.6950000000        -1.0246932956         1.7405237115         1.5318810364
        1.7000000000        -1.1391986841         1.6841608836         1.4911371270
        1.7050000000        -1.2245223909         1.6412115792         1.4020098253
        1.7100000000        -1.2784787665         1.6135208303         1.4121958026
        1.7150000000        -1.2996856658         1.6025097358         1.3778181291
        1.7200000000        -1.2875998534         1.6087941897         1.3561729273
        1.7250000000        -1.2425309192         1.6320191356         1.3510799386
        1.7300000000        -1.1656333478         1.6709541448         1.3243417481
        1.7350000000        -1.0588769452         1.7238239446         1.3217952537
        1.7400000000        -0.9249963804         1.7887818874         1.2988768047
        1.7450000000        -0.7674211342         1.8643916144         1.3154290179
        1.7500000000        -0.5901876497         1.9499732766         1.3103360292
        1.7550000000        -0.3978359348         2.0456985682         1.3103360292
        1.7600000000        -0.1952932659         2.1523776450         1.3128825236
        1.7650000000         0.0122520300         2.5000000000         1.3128825236
        1.7700000000         0.2194834781         2.7897903937         1.3294347368
        1.7750000000         0.4210926437         2.8808543424         1.3421672084
        1.7800000000         0.6119151118         2.9687573994         1.3752716348
        1.7850000000         0.7870627796         3.0514595026         1.3981900838
        1.7900000000         0.9420490692         3.1266604552         1.4300212630
        1.7950000000         1.0729038563         3.1918912880         1.4771314082
        1.8000000000         1.1762751682         3.2446909198         1.6044561249
        1.8050000000         1.2495150483         3.2828388600         1.5764446872
        1.8100000000         1.2907473859         3.3046005025         1.6477465286
        1.8150000000         1.2989159746         3.3089368700         1.6299210682
        1.8200000000         1.2738115681         3.2956366208         1.6719382248
        1.8250000000         1.2160772401         3.2653434291         1.6617522474
        1.8300000000         1.1271919115         3.2194731386         1.6948566738
        1.8350000000         1.0094324665         3.1600376144         1.6986764153
        1.8400000000         0.8658154277         3.0894109837         1.7063158983
        1.8450000000         0.7000196851         3.0100847930         1.7088623926
        1.8500000000         0.5162922578         2.9244591458         1.6948566738
        1.8550000000         0.3193395026         2.8347070617         1.7126821341
        1.8600000000         0.1142065555         2.7427313967         1.6935834266
        1.8650000000        -0.0938519034         2.5000000000         1.7063158983
        1.8700000000        -0.2995062547         2.0965604784         1.6833974493
        1.8750000000        -0.4974884621         1.9955900436         1.6630254946
        1.8800000000        -0.6827270189         1.9051057460         1.6273745739
        1.8850000000        -0.8504768596         1.8245769871         1.5942701476
        1.8900000000        -0.9964409089         1.7542594309         1.5586192269
        1.8950000000        -1.1168801557         1.6952484190         1.5293345420
        1.9000000000        -1.2087094317         1.6492444694         1.4911371270
        1.9050000000        -1.2695764407         1.6181209542         1.3829111178
        1.9100000000        -1.2979220151         1.6034283547         1.4071028140
        1.9150000000        -1.2930200556         1.6059788163         1.3421672084
        1.9200000000        -1.2549961305         1.6256276673         1.3650856574
        1.9250000000        -1.1848242596         1.6613123676         1.3230685009
        1.9300000000        -1.0843019637         1.7113381458         1.3358009726
        1.9350000000        -0.9560042190         1.7738310360         1.3052430406
        1.9400000000        -0.8032174970         1.8472301887         1.3103360292
        1.9450000000        -0.6298555781         1.9306745906         1.3090627821
        1.9500000000        -0.4403592963         2.0241594856         1.3116092764
        1.9550000000        -0.2395827831         2.1283908454         1.3065162877
        1.9600000000        -0.0326691241         2.5000000000         1.3205220066
        1.9650000000         0.1750813863         2.7699114596         1.3319812311
        1.9700000000         0.3783470169         2.8614157661         1.3408939613
        1.9750000000         0.5719209208         2.9501636538         1.3727251404
        1.9800000000         0.7508445144         3.0341739270         1.3943703423
        1.9850000000         0.9105344960         3.1111980110         1.4274747686
        1.9900000000         1.0469002514         3.1787909975         1.4707651723
        1.9950000000         1.1564486393         3.2344717475         1.5879039117
