        0.0000000000         0.0000000000         2.5000000000         1.5115090817
        0.0050000000         0.2235078304         2.7915946748         1.5089625874
        0.0100000000         0.4403592963         2.8896429260         1.5178753175
        0.0150000000         0.6440962690         2.9837922427         1.5357007779
        0.0200000000         0.8286511867         3.0714369689         1.5395205194
        0.0250000000         0.9885277553         3.1496356285         1.5637122155
        0.0300000000         1.1189646351         3.2152725446         1.5802644287
        0.0350000000         1.2160772401         3.2653434291         1.6057293721
        0.0400000000         1.2769734259         3.2973074311         1.6210083381
        0.0450000000         1.2998396222         3.3094277262         1.6464732814
        0.0500000000         1.2839948428         3.3010221857         1.6604790003
        0.0550000000         1.2299109665         3.2725652507         1.6833974493
        0.0600000000         1.1391986841         3.2256168819         1.6961299210
        0.0650000000         1.0145595295         3.1625954251         1.7037694040
        0.0700000000         0.8597054249         3.0864478552         1.7101356398
        0.0750000000         0.6792481341         3.0002937197         1.7101356398
        0.0800000000         0.4785619185         2.9071223532         1.7177751228
        0.0850000000         0.2636234840         2.8096058792         1.7088623926
        0.0900000000         0.0408339868         2.5000000000         1.7050426511
        0.0950000000        -0.1831716015         2.1590155801         1.6910369323
        0.1000000000        -0.4017220927         2.0437195936         1.6693917304
        0.1050000000        -0.6083087585         1.9411433002         1.6337408098
        0.1100000000        -0.7967791697         1.8503160617         1.5993631362
        0.1150000000        -0.9615204235         1.7711665396         1.5560727325
        0.1200000000        -1.0976263032         1.7047704716         1.5242415534
        0.1250000000        -1.2010433923         1.6531261432         1.4936836213
        0.1300000000        -1.2686917905         1.6185773818         1.4351142516
        0.1350000000        -1.2985568375         1.6030977611         1.3803646234
        0.1400000000        -1.2897491117         1.6076784078         1.3854576121
        0.1450000000        -1.2425309192         1.6320191356         1.3268882424
        0.1500000000        -1.1583084814         1.6746220596         1.3650856574
        0.1550000000        -1.0395900560         1.7332577336         1.2976035576
        0.1600000000        -0.8899112377         1.8056533483         1.3510799386
        0.1650000000        -0.7137296634         1.8901754480         1.2963303104
        0.1700000000        -0.5162922578         1.9862688802         1.3268882424
        0.1750000000        -0.3034789730         2.0944739753         1.3103360292
        0.1800000000        -0.0816276754         2.5000000000         1.3294347368
        0.1850000000         0.1426546044         2.7554236578         1.3294347368
        0.1900000000         0.3626884379         2.8543146652         1.3561729273
        0.1950000000         0.5719209208         2.9501636538         1.3994633310
        0.2000000000         0.7641208280         3.0404983612         1.4287480158
        0.2050000000         0.9335641871         3.1224883603         1.4554862063
        0.2100000000         1.0752047466         3.1930538655         1.4873173855
        0.2150000000         1.1848242596         3.2491112954         1.5127823289
        0.2200000000         1.2591581095         3.2879094897         1.5649854627
        0.2250000000         1.2959925339         3.3073839694         1.6502930229
        0.2300000000         1.2942305540         3.3064485451         1.6311943154
        0.2350000000         1.2539246440         3.2851561555         1.6910369323
        0.2400000000         1.1762751682         3.2446909198         1.6693917304
        0.2450000000         1.0635946327         3.1871932893         1.6935834266
        0.2500000000         0.9192388155         3.1154595971         1.6961299210
        0.2550000000         0.7475068277         3.0325860753         1.7101356398
        0.2600000000         0.5535130790         2.9416381606         1.7139553813
        0.2650000000         0.3430349650         2.8454159734         1.7063158983
        0.2700000000         0.1223408073         2.7463589648         1.6897636851
        0.2750000000        -0.1019968244         2.2043367020         1.6897636851
        0.2800000000        -0.3232968533         2.0841072472         1.6681184833
        0.2850000000        -0.5349686662         1.9770473447         1.6388337984
        0.2900000000        -0.7307083912         1.8820136363         1.5993631362
        0.2950000000        -0.9046866356         1.7985532356         1.5624389684
        0.3000000000        -1.0517220927         1.7273272217         1.5229683062
        0.3050000000        -1.1674358485         1.6700505290         1.5013231043
        0.3100000000        -1.2483817914         1.6290221018         1.5000498572
        0.3150000000        -1.2921492421         1.6064314696         1.3459869499
        0.3200000000        -1.2974347470         1.6036820605         1.4172887913
        0.3250000000        -1.2640808965         1.6209543053         1.3116092764
        0.3300000000        -1.1930810134         1.6571493656         1.3676321518
        0.3350000000        -1.0865495698         1.7102314955         1.3230685009
        0.3400000000        -0.9476592156         1.7778590293         1.3345277254
        0.3450000000        -0.7805462929         1.8580976675         1.3116092764
        0.3500000000        -0.5901876497         1.9499732766         1.3077895349
        0.3550000000        -0.3822524228         2.0536566059         1.3154290179
        0.3600000000        -0.1629332036         2.1701711273         1.3154290179
        0.3650000000         0.0612383859         2.5000000000         1.3383474669
        0.3700000000         0.2835862138         2.8185873796         1.3268882424
        0.3750000000         0.4974884621         2.9158095154         1.3548996801
        0.3800000000         0.6965748335         3.0084588819         1.3867308593
        0.3850000000         0.8749162676         3.0938305687         1.4121958026
        0.3900000000         1.0272015161         3.1689136084         1.4427537346
        0.3950000000         1.1488953191         3.2305903028         1.4758581610
        0.4000000000         1.2363734712         3.2759468245         1.5955433947
        0.4050000000         1.2870307550         3.3026302735         1.5993631362
        0.4100000000         1.2993585285         3.3091720440         1.6375605513
        0.4150000000         1.2729896538         3.2952025026         1.6630254946
        0.4200000000         1.2087094317         3.2615063978         1.6553860116
        0.4250000000         1.1084322137         3.2099058646         1.6859439436
        0.4300000000         0.9751443905         3.1429987225         1.6872171908
        0.4350000000         0.8128154532         3.0638134591         1.7050426511
        0.4400000000         0.6262797763         2.9754601774         1.7088623926
        0.4450000000         0.4210926437         2.8808543424         1.6974031681
        0.4500000000         0.2033648046         2.7825681539         1.6935834266
        0.4550000000        -0.0204195125         2.5000000000         1.6872171908
        0.4600000000        -0.2435957090         2.1262374740         1.6833974493
        0.4650000000        -0.4595172969         2.0145344867         1.6655719889
        0.4700000000        -0.6617538405         1.9152302886         1.6311943154
        0.4750000000        -0.8442824628         1.8275470965         1.6019096306
        0.4800000000        -1.0016672156         1.7517226391         1.5598924740
        0.4850000000        -1.1292209688         1.6891245163         1.5178753175
        0.4900000000        -1.2231449996         1.6419127068         1.4312945101
        0.4950000000        -1.2806421240         1.6124009999         1.4083760611
        0.5000000000        -1.3000000000         1.6023459551         1.3829111178
        0.5050000000        -1.2806421240         1.6124009999         1.3739983876
        0.5100000000        -1.2231449996         1.6419127068         1.3396207141
        0.5150000000        -1.1292209688         1.6891245163         1.3536264329
        0.5200000000        -1.0016672156         1.7517226391         1.3103360292
        0.5250000000        -0.8442824628         1.8275470965         1.3243417481
        0.5300000000        -0.6617538405         1.9152302886         1.3039697934
        0.5350000000        -0.4595172969         2.0145344867         1.3141557707
        0.5400000000        -0.2435957090         2.1262374740         1.3217952537
        0.5450000000        -0.0204195125         2.5000000000         1.3167022651
        0.5500000000         0.2033648046         2.7825681539         1.3332544783
        0.5550000000         0.4210926437         2.8808543424         1.3370742198
        0.5600000000         0.6262797763         2.9754601774         1.3650856574
        0.5650000000         0.8128154532         3.0638134591         1.3956435895
        0.5700000000         0.9751443905         3.1429987225         1.4236550271
        0.5750000000         1.1084322137         3.2099058646         1.4809511497
        0.5800000000         1.2087094317         3.2615063978         1.6133688551
        0.5850000000         1.2729896538         3.2952025026         1.5662587099
        0.5900000000         1.2993585285         3.3091720440         1.6642987418
        0.5950000000         1.2870307550         3.3026302735         1.6248280796
        0.6000000000         1.2363734712         3.2759468245         1.6744847191
        0.6050000000         1.1488953191         3.2305903028         1.6490197758
        0.6100000000         1.0272015161         3.1689136084         1.7037694040
        0.6150000000         0.8749162676         3.0938305687         1.6974031681
        0.6200000000         0.6965748335         3.0084588819         1.7050426511
        0.6250000000         0.4974884621         2.9158095154         1.6974031681
        0.6300000000         0.2835862138         2.8185873796         1.6910369323
        0.6350000000         0.0612383859         2.5000000000         1.6846706964
        0.6400000000        -0.1629332036         2.1701711273         1.6859439436
        0.6450000000        -0.3822524228         2.0536566059         1.6604790003
        0.6500000000        -0.5901876497         1.9499732766         1.6273745739
        0.6550000000        -0.7805462929         1.8580976675         1.5942701476
        0.6600000000        -0.9476592156         1.7778590293         1.5624389684
        0.6650000000        -1.0865495698         1.7102314955         1.5293345420
        0.6700000000        -1.1930810134         1.6571493656         1.5000498572
        0.6750000000        -1.2640808965         1.6209543053         1.3969168366
        0.6800000000        -1.2974347470         1.6036820605         1.4007365781
        0.6850000000        -1.2921492421         1.6064314696         1.3510799386
        0.6900000000        -1.2483817914         1.6290221018         1.3523531858
        0.6950000000        -1.1674358485         1.6700505290         1.3396207141
        0.7000000000        -1.0517220927         1.7273272217         1.3307079839
        0.7050000000        -0.9046866356         1.7985532356         1.3230685009
        0.7100000000        -0.7307083912         1.8820136363         1.3077895349
        0.7150000000        -0.5349686662         1.9770473447         1.3141557707
        0.7200000000        -0.3232968533         2.0841072472         1.3179755122
        0.7250000000        -0.1019968244         2.2043367020         1.3167022651
        0.7300000000         0.1223408073         2.7463589648         1.3345277254
        0.7350000000         0.3430349650         2.8454159734         1.3485334443
        0.7400000000         0.5535130790         2.9416381606         1.3778181291
        0.7450000000         0.7475068277         3.0325860753         1.4032830725
        0.7500000000         0.9192388155         3.1154595971         1.4312945101
        0.7550000000         1.0635946327         3.1871932893         1.4669454308
        0.7600000000         1.1762751682         3.2446909198         1.5688052042
        0.7650000000         1.2539246440         3.2851561555         1.5993631362
        0.7700000000         1.2942305540         3.3064485451         1.6222815852
        0.7750000000         1.2959925339         3.3073839694         1.6617522474
        0.7800000000         1.2591581095         3.2879094897         1.6477465286
        0.7850000000         1.1848242596         3.2491112954         1.6732114719
        0.7900000000         1.0752047466         3.1930538655         1.6821242021
        0.7950000000         0.9335641871         3.1224883603         1.6986764153
        0.8000000000         0.7641208280         3.0404983612         1.6999496625
        0.8050000000         0.5719209208         2.9501636538         1.7037694040
        0.8100000000         0.3626884379         2.8543146652         1.6935834266
        0.8150000000         0.1426546044         2.7554236578         1.7024961568
        0.8200000000        -0.0816276754         2.5000000000         1.6821242021
        0.8250000000        -0.3034789730         2.0944739753         1.6923101795
        0.8300000000        -0.5162922578         1.9862688802         1.6592057531
        0.8350000000        -0.7137296634         1.8901754480         1.6299210682
        0.8400000000        -0.8899112377         1.8056533483         1.5929969004
        0.8450000000        -1.0395900560         1.7332577336         1.5573459797
        0.8500000000        -1.1583084814         1.6746220596         1.5216950590
        0.8550000000        -1.2425309192         1.6320191356         1.4682186780
        0.8600000000        -1.2897491117         1.6076784078         1.3765448819
        0.8650000000        -1.2985568375         1.6030977611         1.4121958026
        0.8700000000        -1.2686917905         1.6185773818         1.3307079839
        0.8750000000        -1.2010433923         1.6531261432         1.3587194216
        0.8800000000        -1.0976263032         1.7047704716         1.3230685009
        0.8850000000        -0.9615204235         1.7711665396         1.3370742198
        0.8900000000        -0.7967791697         1.8503160617         1.3103360292
        0.8950000000        -0.6083087585         1.9411433002         1.3154290179
        0.9000000000        -0.4017220927         2.0437195936         1.3077895349
        0.9050000000        -0.1831716015         2.1590155801         1.3217952537
        0.9100000000         0.0408339868         2.5000000000         1.3268882424
        0.9150000000         0.2636234840         2.8096058792         1.3383474669
        0.9200000000         0.4785619185         2.9071223532         1.3510799386
        0.9250000000         0.6792481341         3.0002937197         1.3829111178
        0.9300000000         0.8597054249         3.0864478552         1.4058295668
        0.9350000000         1.0145595295         3.1625954251         1.4338410045
        0.9400000000         1.1391986841         3.2256168819         1.4873173855
        0.9450000000         1.2299109665         3.2725652507         1.6120956079
        0.9500000000         1.2839948428         3.3010221857         1.5815376759
        0.9550000000         1.2998396222         3.3094277262         1.6541127644
        0.9600000000         1.2769734259         3.2973074311         1.6362873041
        0.9650000000         1.2160772401         3.2653434291         1.6668452361
        0.9700000000         1.1189646351         3.2152725446         1.6592057531
        0.9750000000         0.9885277553         3.1496356285         1.6999496625
        0.9800000000         0.8286511867         3.0714369689         1.6884904379
        0.9850000000         0.6440962690         2.9837922427         1.7050426511
        0.9900000000         0.4403592963         2.8896429260         1.6935834266
        0.9950000000         0.2235078304         2.7915946748         1.6821242021
        1.0000000000         0.0000000000         2.5000000000         1.6923101795
        1.0050000000        -0.2235078304         2.1370495788         1.6770312134
        1.0100000000        -0.4403592963         2.0241594856         1.6681184833
        1.0150000000        -0.6440962690         1.9237722218         1.6311943154
        1.0200000000        -0.8286511867         1.8350403147         1.6019096306
        1.0250000000        -0.9885277553         1.7580970415         1.5700784514
        1.0300000000        -1.1189646351         1.6942151968         1.5191485647
        1.0350000000        -1.2160772401         1.6455060868         1.4682186780
        1.0400000000        -1.2769734259         1.6142995950         1.3880041065
        1.0450000000        -1.2998396222         1.6024295204         1.3943703423
        1.0500000000        -1.2839948428         1.6106639900         1.3510799386
        1.0550000000        -1.2299109665         1.6384660052         1.3574461744
        1.0600000000        -1.1391986841         1.6841608836         1.3332544783
        1.0650000000        -1.0145595295         1.7454569754         1.3230685009
        1.0700000000        -0.8597054249         1.8201510696         1.3167022651
        1.0750000000        -0.6792481341         1.9067836578         1.3128825236
        1.0800000000        -0.4785619185         2.0050116323         1.3103360292
        1.0850000000        -0.2636234840         2.1155381262         1.3217952537
        1.0900000000        -0.0408339868         2.5000000000         1.3268882424
        1.0950000000         0.1831716015         2.7735297802         1.3243417481
        1.1000000000         0.4017220927         2.8720355904         1.3510799386
        1.1050000000         0.6083087585         2.9670766866         1.3752716348
        1.1100000000         0.7967791697         3.0561143256         1.4058295668
        1.1150000000         0.9615204235         3.1362602956         1.4440269818
        1.1200000000         1.0976263032         3.2044123892         1.4796779025
        1.1250000000         1.2010433923         3.2575208584         1.5433402609
        1.1300000000         1.2686917905         3.2929338224         1.6184618437
        1.1350000000         1.2985568375         3.3087460420         1.6120956079
        1.1400000000         1.2897491117         3.3040711355         1.6642987418
        1.1450000000         1.2425309192         3.2791734611         1.6579325059
        1.1500000000         1.1583084814         3.2354284600         1.6808509549
        1.1550000000         1.0395900560         3.1751208607         1.6884904379
        1.1600000000         0.8899112377         3.1011283356         1.6935834266
        1.1650000000         0.7137296634         3.0165641207         1.7012229096
        1.1700000000         0.5162922578         2.9244591458         1.6884904379
        1.1750000000         0.3034789730         2.8275506588         1.6986764153
        1.1800000000         0.0816276754         2.5000000000         1.6897636851
        1.1850000000        -0.1426546044         2.1814427189         1.6808509549
        1.1900000000        -0.3626884379         2.0636995576         1.6630254946
        1.1950000000        -0.5719209208         1.9589002121         1.6324675626
        1.2000000000        -0.7641208280         1.8659746191         1.5942701476
        1.2050000000        -0.9335641871         1.7846550523         1.5611657212
        1.2100000000        -1.0752047466         1.7158124361         1.5293345420
        1.2150000000        -1.1848242596         1.6613123676         1.4949568685
        1.2200000000        -1.2591581095         1.6234882832         1.3829111178
        1.2250000000        -1.2959925339         1.6044327402         1.4071028140
        1.2300000000        -1.2942305540         1.6053493802         1.3421672084
        1.2350000000        -1.2539246440         1.6261780065         1.3548996801
        1.2400000000        -1.1762751682         1.6656133581         1.3332544783
        1.2450000000        -1.0635946327         1.7215115734         1.3243417481
        1.2500000000        -0.9192388155         1.7915534748         1.3217952537
        1.2550000000        -0.7475068277         1.8739466648         1.2988768047
        1.2600000000        -0.5535130790         1.9679246878         1.3192487594
        1.2650000000        -0.3430349650         2.0738494394         1.3141557707
        1.2700000000        -0.1223408073         2.1928310388         1.3205220066
        1.2750000000         0.1019968244         2.7372885332         1.3281614896
        1.2800000000         0.3232968533         2.8364940771         1.3332544783
        1.2850000000         0.5349686662         2.9330693383         1.3765448819
        1.2900000000         0.7307083912         3.0246072534         1.4058295668
        1.2950000000         0.9046866356         3.1083387995         1.4414804875
        1.3000000000         1.0517220927         3.1812148573         1.4745849138
        1.3050000000         1.1674358485         3.2401293273         1.5140555760
        1.3100000000         1.2483817914         3.2822437029         1.5598924740
        1.3150000000         1.2921492421         3.3053440930         1.6464732814
        1.3200000000         1.2974347470         3.3081499228         1.6273745739
        1.3250000000         1.2640808965         3.2905024434         1.6821242021
        1.3300000000         1.1930810134         3.2533885579         1.6732114719
        1.3350000000         1.0865495698         3.1987943149         1.6783044606
        1.3400000000         0.9476592156         3.1294227174         1.6821242021
        1.3450000000         0.7805462929         3.0483418659         1.7088623926
        1.3500000000         0.5901876497         2.9586438329         1.6897636851
        1.3550000000         0.3822524228         2.8631884471         1.6961299210
        1.3600000000         0.1629332036         2.7644811033         1.6846706964
        1.3650000000        -0.0612383859         2.5000000000         1.6948566738
        1.3700000000        -0.2835862138         2.1049506107         1.6783044606
        1.3750000000        -0.4974884621         1.9955900436         1.6630254946
        1.3800000000        -0.6965748335         1.8984320962         1.6235548324
        1.3850000000        -0.8749162676         1.8128529033         1.5955433947
        1.3900000000        -1.0272015161         1.7393015043         1.5573459797
        1.3950000000        -1.1488953191         1.6793261216         1.5255148005
        1.4000000000        -1.2363734712         1.6351676177         1.4707651723
        1.4050000000        -1.2870307550         1.6090895063         1.3778181291
        1.4100000000        -1.2993585285         1.6026801694         1.4096493083
        1.4150000000        -1.2729896538         1.6163587547         1.3319812311
        1.4200000000        -1.2087094317         1.6492444694         1.3689053989
        1.4250000000        -1.1084322137         1.6994311137         1.3167022651
        1.4300000000        -0.9751443905         1.7645787867         1.3472601971
        1.4350000000        -0.8128154532         1.8426301376         1.2988768047
        1.4400000000        -0.6262797763         1.9324097654         1.3268882424
        1.4450000000        -0.4210926437         2.0338875411         1.3128825236
        1.4500000000        -0.2033648046         2.1479753310         1.3205220066
        1.4550000000         0.0204195125         2.5000000000         1.3358009726
        1.4600000000         0.2435957090         2.8006077773         1.3243417481
        1.4650000000         0.4595172969         2.8983995389         1.3587194216
        1.4700000000         0.6617538405         2.9920707944         1.3943703423
        1.4750000000         0.8442824628         3.0789825428         1.4300212630
        1.4800000000         1.0016672156         3.1561686488         1.4618524422
        1.4850000000         1.1292209688         3.2205102621         1.4949568685
        1.4900000000         1.2231449996         3.2690302591         1.5242415534
        1.4950000000         1.2806421240         3.2992476277         1.6222815852
        1.5000000000         1.3000000000         3.3095129671         1.6324675626
        1.5050000000         1.2806421240         3.2992476277         1.6553860116
        1.5100000000         1.2231449996         3.2690302591         1.6948566738
        1.5150000000         1.1292209688         3.2205102621         1.6757579663
        1.5200000000         1.0016672156         3.1561686488         1.6935834266
        1.5250000000         0.8442824628         3.0789825428         1.6846706964
        1.5300000000         0.6617538405         2.9920707944         1.7101356398
        1.5350000000         0.4595172969         2.8983995389         1.6923101795
        1.5400000000         0.2435957090         2.8006077773         1.6974031681
        1.5450000000         0.0204195125         2.5000000000         1.6910369323
        1.5500000000        -0.2033648046         2.1479753310         1.6872171908
        1.5550000000        -0.4210926437         2.0338875411         1.6719382248
        1.5600000000        -0.6262797763         1.9324097654         1.6324675626
        1.5650000000        -0.8128154532         1.8426301376         1.6006363834
        1.5700000000        -0.9751443905         1.7645787867         1.5662587099
        1.5750000000        -1.1084322137         1.6994311137         1.5331542835
        1.5800000000        -1.2087094317         1.6492444694         1.4771314082
        1.5850000000        -1.2729896538         1.6163587547         1.3892773536
        1.5900000000        -1.2993585285         1.6026801694         1.4096493083
        1.5950000000        -1.2870307550         1.6090895063         1.3510799386
        1.6000000000        -1.2363734712         1.6351676177         1.3638124103
        1.6050000000        -1.1488953191         1.6793261216         1.3307079839
        1.6100000000        -1.0272015161         1.7393015043         1.3396207141
        1.6150000000        -0.8749162676         1.8128529033         1.3052430406
        1.6200000000        -0.6965748335         1.8984320962         1.3307079839
        1.6250000000        -0.4974884621         1.9955900436         1.3090627821
        1.6300000000        -0.2835862138         2.1049506107         1.3256149953
        1.6350000000        -0.0612383859         2.5000000000         1.3294347368
        1.6400000000         0.1629332036         2.7644811033         1.3256149953
        1.6450000000         0.3822524228         2.8631884471         1.3510799386
        1.6500000000         0.5901876497         2.9586438329         1.3829111178
        1.6550000000         0.7805462929         3.0483418659         1.4172887913
        1.6600000000         0.9476592156         3.1294227174         1.4491199705
        1.6650000000         1.0865495698         3.1987943149         1.4860441383
        1.6700000000         1.1930810134         3.2533885579         1.5204218119
        1.6750000000         1.2640808965         3.2905024434         1.6184618437
        1.6800000000         1.2974347470         3.3081499228         1.6120956079
        1.6850000000         1.2921492421         3.3053440930         1.6617522474
        1.6900000000         1.2483817914         3.2822437029         1.6757579663
        1.6950000000         1.1674358485         3.2401293273         1.6744847191
        1.7000000000         1.0517220927         3.1812148573         1.6948566738
        1.7050000000         0.9046866356         3.1083387995         1.6910369323
        1.7100000000         0.7307083912         3.0246072534         1.7075891455
        1.7150000000         0.5349686662         2.9330693383         1.6999496625
        1.7200000000         0.3232968533         2.8364940771         1.6961299210
        1.7250000000         0.1019968244         2.7372885332         1.6808509549
        1.7300000000        -0.1223408073         2.1928310388         1.6846706964
        1.7350000000        -0.3430349650         2.0738494394         1.6795777078
        1.7400000000        -0.5535130790         1.9679246878         1.6490197758
        1.7450000000        -0.7475068277         1.8739466648         1.6222815852
        1.7500000000        -0.9192388155         1.7915534748         1.5879039117
        1.7550000000        -1.0635946327         1.7215115734         1.5306077892
        1.7600000000        -1.1762751682         1.6656133581         1.4083760611
        1.7650000000        -1.2539246440         1.6261780065         1.4580327007
        1.7700000000        -1.2942305540         1.6053493802         1.3739983876
        1.7750000000        -1.2959925339         1.6044327402         1.3981900838
        1.7800000000        -1.2591581095         1.6234882832         1.3447137028
        1.7850000000        -1.1848242596         1.6613123676         1.3536264329
        1.7900000000        -1.0752047466         1.7158124361         1.3103360292
        1.7950000000        -0.9335641871         1.7846550523         1.3358009726
        1.8000000000        -0.7641208280         1.8659746191         1.3141557707
        1.8050000000        -0.5719209208         1.9589002121         1.3217952537
        1.8100000000        -0.3626884379         2.0636995576         1.3268882424
        1.8150000000        -0.1426546044         2.1814427189         1.3116092764
        1.8200000000         0.0816276754         2.5000000000         1.3217952537
        1.8250000000         0.3034789730         2.8275506588         1.3268882424
        1.8300000000         0.5162922578         2.9244591458         1.3574461744
        1.8350000000         0.7137296634         3.0165641207         1.3918238480
        1.8400000000         0.8899112377         3.1011283356         1.4262015215
        1.8450000000         1.0395900560         3.1751208607         1.4529397120
        1.8500000000         1.1583084814         3.2354284600         1.4847708912
        1.8550000000         1.2425309192         3.2791734611         1.5407937665
        1.8600000000         1.2897491117         3.3040711355         1.6375605513
        1.8650000000         1.2985568375         3.3087460420         1.6082758664
        1.8700000000         1.2686917905         3.2929338224         1.6821242021
        1.8750000000         1.2010433923         3.2575208584         1.6566592588
        1.8800000000         1.0976263032         3.2044123892         1.6910369323
        1.8850000000         0.9615204235         3.1362602956         1.6833974493
        1.8900000000         0.7967791697         3.0561143256         1.6999496625
        1.8950000000         0.6083087585         2.9670766866         1.7024961568
        1.9000000000         0.4017220927         2.8720355904         1.6948566738
        1.9050000000         0.1831716015         2.7735297802         1.6910369323
        1.9100000000        -0.0408339868         2.5000000000         1.6744847191
        1.9150000000        -0.2636234840         2.1155381262         1.6732114719
        1.9200000000        -0.4785619185         2.0050116323         1.6502930229
        1.9250000000        -0.6792481341         1.9067836578         1.6197350909
        1.9300000000        -0.8597054249         1.8201510696         1.5942701476
        1.9350000000        -1.0145595295         1.7454569754         1.5726249457
        1.9400000000        -1.1391986841         1.6841608836         1.5420670137
        1.9450000000        -1.2299109665         1.6384660052         1.4185620385
        1.9500000000        -1.2839948428         1.6106639900         1.4262015215
        1.9550000000        -1.2998396222         1.6024295204         1.3650856574
        1.9600000000        -1.2769734259         1.6142995950         1.3714518933
        1.9650000000        -1.2160772401         1.6455060868         1.3421672084
        1.9700000000        -1.1189646351         1.6942151968         1.3561729273
        1.9750000000        -0.9885277553         1.7580970415         1.3281614896
        1.9800000000        -0.8286511867         1.8350403147         1.3154290179
        1.9850000000        -0.6440962690         1.9237722218         1.3217952537
        1.9900000000        -0.4403592963         2.0241594856         1.3154290179
        1.9950000000        -0.2235078304         2.1370495788         1.3230685009
