        0.0000000000         0.0000000000         2.5000000000         1.5153288232
        0.0050000000         0.1912545854         2.7771464525         1.5153288232
        0.0100000000         0.3783470169         2.8614157661         1.5051428458
        0.0150000000         0.5572057189         2.9433467887         1.5140555760
        0.0200000000         0.7239383014         3.0213975937         1.5127823289
        0.0250000000         0.8749162676         3.0938305687         1.5115090817
        0.0300000000         1.0068539783         3.1587522404         1.5140555760
        0.0350000000         1.1168801557         3.2142094567         1.6222815852
        0.0400000000         1.2026003689         3.2583297638         1.6235548324
        0.0450000000         1.2621491426         3.2894845856         1.6413802928
        0.0500000000         1.2942305540         3.3064485451         1.6783044606
        0.0550000000         1.2981464355         3.3085279944         1.6502930229
        0.0600000000         1.2738115681         3.2956366208         1.7012229096
        0.0650000000         1.2217555364         3.2683049886         1.6872171908
        0.0700000000         1.1431112032         3.2276223506         1.7292343473
        0.0750000000         1.0395900560         3.1751208607         1.7126821341
        0.0800000000         0.9134449607         3.1126221895         1.7317808416
        0.0850000000         0.7674211342         3.0420726369         1.7037694040
        0.0900000000         0.6046964015         2.9653939993         1.7215948643
        0.0950000000         0.4288120393         2.8843734964         1.7126821341
        0.1000000000         0.2435957090         2.8006077773         1.7305075945
        0.1050000000         0.0530781576         2.5000000000         1.7075891455
        0.1100000000        -0.1385945006         2.1837110239         1.7037694040
        0.1150000000        -0.3272510133         2.0820470037         1.6757579663
        0.1200000000        -0.5087857669         1.9899853466         1.6439267871
        0.1250000000        -0.6792481341         1.9067836578         1.6159153494
        0.1300000000        -0.8349284491         1.8320314039         1.5917236532
        0.1350000000        -0.9724387386         1.7658878983         1.5509797439
        0.1400000000        -1.0887864521         1.7091296418         1.4834976440
        0.1450000000        -1.1814395871         1.6630163061         1.4071028140
        0.1500000000        -1.2483817914         1.6290221018         1.4185620385
        0.1550000000        -1.2881562437         1.6085054153         1.3625391631
        0.1600000000        -1.2998973575         1.6023994378         1.3778181291
        0.1650000000        -1.2833496182         1.6109984188         1.3383474669
        0.1700000000        -1.2388731440         1.6338901486         1.3370742198
        0.1750000000        -1.1674358485         1.6700505290         1.3167022651
        0.1800000000        -1.0705923769         1.7180780026         1.3014232991
        0.1850000000        -0.9504502731         1.7765122112         1.3014232991
        0.1900000000        -0.8096241146         1.8441596490         1.2899640746
        0.1950000000        -0.6511786130         1.9203439942         1.3103360292
        0.2000000000        -0.4785619185         2.0050116323         1.2899640746
        0.2050000000        -0.2955305803         2.0986513857         1.3103360292
        0.2100000000        -0.1060677950         2.2020261549         1.3014232991
        0.2150000000         0.0857032773         2.5000000000         1.3039697934
        0.2200000000         0.2756092429         2.8149968748         1.3179755122
        0.2250000000         0.4595172969         2.8983995389         1.3307079839
        0.2300000000         0.6334251634         2.9787992910         1.3752716348
        0.2350000000         0.7935481944         3.0545656266         1.4020098253
        0.2400000000         0.9364017324         3.1238828602         1.4287480158
        0.2450000000         1.0588769452         3.1848159313         1.4669454308
        0.2500000000         1.1583084814         3.2354284600         1.5929969004
        0.2550000000         1.2325324748         3.2739363768         1.5802644287
        0.2600000000         1.2799336349         3.2988728115         1.6273745739
        0.2650000000         1.2994803999         3.3092368111         1.6528395173
        0.2700000000         1.2907473859         3.3046005025         1.6502930229
        0.2750000000         1.2539246440         3.2851561555         1.6719382248
        0.2800000000         1.1898135244         3.2516949459         1.6821242021
        0.2850000000         1.0998092374         3.2055211228         1.7126821341
        0.2900000000         0.9858704899         3.1483164826         1.7063158983
        0.2950000000         0.8504768596         3.0819784298         1.7139553813
        0.3000000000         0.6965748335         3.0084588819         1.7012229096
        0.3050000000         0.5275136850         2.9296301169         1.7139553813
        0.3100000000         0.3469725861         2.8471976224         1.6986764153
        0.3150000000         0.1588805399         2.7626702668         1.7024961568
        0.3200000000        -0.0326691241         2.5000000000         1.6974031681
        0.3250000000        -0.2235078304         2.1370495788         1.6897636851
        0.3300000000        -0.4094824756         2.0397742318         1.6655719889
        0.3350000000        -0.5865458098         1.9517508892         1.6362873041
        0.3400000000        -0.7508445144         1.8723446574         1.5993631362
        0.3450000000        -0.8988030596         1.8013812911         1.5662587099
        0.3500000000        -1.0272015161         1.7393015043         1.5280612949
        0.3550000000        -1.1332456285         1.6871237156         1.4847708912
        0.3600000000        -1.2146276252         1.6462422174         1.3943703423
        0.3650000000        -1.2695764407         1.6181209542         1.4198352856
        0.3700000000        -1.2968962583         1.6039623882         1.3472601971
        0.3750000000        -1.2959925339         1.6044327402         1.3714518933
        0.3800000000        -1.2668849346         1.6195092236         1.3256149953
        0.3850000000        -1.2102069111         1.6484852743         1.3370742198
        0.3900000000        -1.1271919115         1.6901325468         1.3001500519
        0.3950000000        -1.0196465395         1.7429814806         1.3205220066
        0.4000000000        -0.8899112377         1.8056533483         1.2988768047
        0.4050000000        -0.7408093543         1.8771620690         1.3077895349
        0.4100000000        -0.5755857004         1.9571070413         1.3077895349
        0.4150000000        -0.3978359348         2.0456985682         1.2937838161
        0.4200000000        -0.2114283148         2.1435913370         1.2976035576
        0.4250000000        -0.0204195125         2.5000000000         1.3103360292
        0.4300000000         0.1710336668         2.7681017119         1.3103360292
        0.4350000000         0.3587647474         2.8525368647         1.3358009726
        0.4400000000         0.5386882553         2.9347864747         1.3676321518
        0.4450000000         0.7068886276         3.0133293552         1.3956435895
        0.4500000000         0.8597054249         3.0864478552         1.4287480158
        0.4550000000         0.9938129909         3.1522614352         1.4643989365
        0.4600000000         1.1062928263         3.2088172432         1.5484332495
        0.4650000000         1.1946971031         3.2542266733         1.5955433947
        0.4700000000         1.2571019341         3.2868273325         1.6057293721
        0.4750000000         1.2921492421         3.3053440930         1.6515662701
        0.4800000000         1.2990763144         3.3090220720         1.6464732814
        0.4850000000         1.2777324016         3.2977086791         1.6706649776
        0.4900000000         1.2285819977         3.2718704761         1.6872171908
        0.4950000000         1.1526947324         3.2325419117         1.6884904379
        0.5000000000         1.0517220927         3.1812148573         1.7203216171
        0.5050000000         0.9278614830         3.1196880509         1.7139553813
        0.5100000000         0.7838084042         3.0499021142         1.7139553813
        0.5150000000         0.6226977934         2.9737875269         1.7088623926
        0.5200000000         0.4480358001         2.8931495094         1.7088623926
        0.5250000000         0.2636234840         2.8096058792         1.7114088870
        0.5300000000         0.0734740948         2.5000000000         1.7037694040
        0.5350000000        -0.1182742651         2.1951227656         1.6948566738
        0.5400000000        -0.3074486961         2.0923918685         1.6706649776
        0.5450000000        -0.4899323135         1.9993465819         1.6528395173
        0.5500000000        -0.6617538405         1.9152302886         1.6286478211
        0.5550000000        -0.8191740325         1.8395826500         1.5955433947
        0.5600000000        -0.9587670526         1.7724966981         1.5560727325
        0.5650000000        -1.0774950250         1.7146867377         1.4643989365
        0.5700000000        -1.1727741472         1.6673719866         1.4300212630
        0.5750000000        -1.2425309192         1.6320191356         1.4134690498
        0.5800000000        -1.2852472682         1.6100146434         1.3765448819
        0.5850000000        -1.2999935848         1.6023492978         1.3701786461
        0.5900000000        -1.2864489542         1.6093913585         1.3498066914
        0.5950000000        -1.2449081397         1.6308020636         1.3230685009
        0.6000000000        -1.1762751682         1.6656133581         1.3268882424
        0.6050000000        -1.0820436560         1.7124495788         1.2988768047
        0.6100000000        -0.9642643046         1.7698405703         1.3077895349
        0.6150000000        -0.8255002723         1.8365505682         1.3103360292
        0.6200000000        -0.6687713939         1.9118402148         1.2963303104
        0.6250000000        -0.4974884621         1.9955900436         1.2899640746
        0.6300000000        -0.3153790000         2.0882408125         1.3090627821
        0.6350000000        -0.1264061421         2.1905440060         1.2963303104
        0.6400000000         0.0653176136         2.5000000000         1.3167022651
        0.6450000000         0.2556199030         2.8060085406         1.3192487594
        0.6500000000         0.4403592963         2.8896429260         1.3332544783
        0.6550000000         0.6155154257         2.9704361214         1.3727251404
        0.6600000000         0.7772764780         3.0467787759         1.4020098253
        0.6650000000         0.9221221484         3.1168727884         1.4402072403
        0.6700000000         1.0469002514         3.1787909975         1.4745849138
        0.6750000000         1.1488953191         3.2305903028         1.5344275307
        0.6800000000         1.2258876967         3.2704625661         1.6095491136
        0.6850000000         1.2762018471         3.2968995937         1.6095491136
        0.6900000000         1.2987428151         3.3088448595         1.6502930229
        0.6950000000         1.2930200556         3.3058061255         1.6541127644
        0.7000000000         1.2591581095         3.2879094897         1.6744847191
        0.7050000000         1.1978938931         3.2558854499         1.6897636851
        0.7100000000         1.1105606612         3.2109894140         1.6935834266
        0.7150000000         0.9990589924         3.1548704689         1.7177751228
        0.7200000000         0.8658154277         3.0894109837         1.7037694040
        0.7250000000         0.7137296634         3.0165641207         1.7279611001
        0.7300000000         0.5461114469         2.9382157209         1.7088623926
        0.7350000000         0.3666085487         2.8560914693         1.7215948643
        0.7400000000         0.1791273779         2.7717208198         1.6935834266
        0.7450000000        -0.0122520300         2.5000000000         1.7177751228
        0.7500000000        -0.2033648046         2.1479753310         1.6744847191
        0.7550000000        -0.3900518781         2.0496691434         1.6744847191
        0.7600000000        -0.5682504966         1.9606972843         1.6299210682
        0.7650000000        -0.7340826351         1.8803926532         1.5955433947
        0.7700000000        -0.8839393923         1.8085212855         1.5726249457
        0.7750000000        -1.0145595295         1.7454569754         1.5458867552
        0.7800000000        -1.1231004424         1.6921637951         1.5102358345
        0.7850000000        -1.2072000228         1.6500093962         1.3956435895
        0.7900000000        -1.2650280643         1.6204663155         1.4236550271
        0.7950000000        -1.2953260913         1.6047795075         1.3472601971
        0.8000000000        -1.2974347470         1.6036820605         1.3714518933
        0.8050000000        -1.2713081418         1.6172271334         1.3447137028
        0.8100000000        -1.2175148528         1.6447757564         1.3307079839
        0.8150000000        -1.1372255496         1.6851433590         1.3205220066
        0.8200000000        -1.0321875182         1.7368705058         1.3052430406
        0.8250000000        -0.9046866356         1.7985532356         1.2963303104
        0.8300000000        -0.7574976236         1.8691520374         1.2950570632
        0.8350000000        -0.5938236646         1.9481995420         1.3116092764
        0.8400000000        -0.4172266927         2.0358456014         1.2899640746
        0.8450000000        -0.2315498773         2.1327111482         1.3001500519
        0.8500000000        -0.0408339868         2.5000000000         1.3077895349
        0.8550000000         0.1507705483         2.7590475906         1.3167022651
        0.8600000000         0.3390939582         2.8436333964         1.3396207141
        0.8650000000         0.5200378784         2.9261844007         1.3727251404
        0.8700000000         0.6896645396         3.0051998863         1.4058295668
        0.8750000000         0.8442824628         3.0789825428         1.4389339931
        0.8800000000         0.9805267950         3.1456658000         1.4745849138
        0.8850000000         1.0954325358         3.2032986714         1.5140555760
        0.8900000000         1.1864990636         3.2499782569         1.6082758664
        0.8950000000         1.2517445545         3.2840101957         1.5980898891
        0.9000000000         1.2897491117         3.3040711355         1.6490197758
        0.9050000000         1.2996856658         3.3093459013         1.6630254946
        0.9100000000         1.2813379737         3.2996158181         1.6744847191
        0.9150000000         1.2351053248         3.2752828569         1.6897636851
        0.9200000000         1.1619938514         3.2373253938         1.7012229096
        0.9250000000         1.0635946327         3.1871932893         1.7050426511
        0.9300000000         0.9420490692         3.1266604552         1.7190483700
        0.9350000000         0.8000022812         3.0576600917         1.7075891455
        0.9400000000         0.6405455440         2.9821300436         1.7266878530
        0.9450000000         0.4671490148         2.9018928236         1.7152286285
        0.9500000000         0.2835862138         2.8185873796         1.7139553813
        0.9550000000         0.0938519034         2.5000000000         1.7037694040
        0.9600000000        -0.0979248472         2.5000000000         1.7075891455
        0.9650000000        -0.2875705206         2.1028464441         1.6770312134
        0.9700000000        -0.4709579767         2.0088085738         1.6719382248
        0.9750000000        -0.6440962690         1.9237722218         1.6197350909
        0.9800000000        -0.8032174970         1.8472301887         1.5879039117
        0.9850000000        -0.9448588051         1.7792099885         1.5624389684
        0.9900000000        -1.0659377421         1.7203623716         1.5306077892
        0.9950000000        -1.1638193428         1.6718631204         1.4962301157
        1.0000000000        -1.2363734712         1.6351676177         1.3918238480
        1.0050000000        -1.2820211771         1.6116867512         1.4007365781
        1.0100000000        -1.2997690581         1.6024662867         1.3421672084
        1.0150000000        -1.2892308781         1.6079475182         1.3587194216
        1.0200000000        -1.2506359731         1.6278660295         1.3345277254
        1.0250000000        -1.1848242596         1.6613123676         1.3332544783
        1.0300000000        -1.0932279570         1.7069403798         1.3179755122
        1.0350000000        -0.9778404182         1.7632739153         1.2950570632
        1.0400000000        -0.8411727500         1.8290379848         1.2912373217
        1.0450000000        -0.6861991655         1.9034316353         1.3001500519
        1.0500000000        -0.5162922578         1.9862688802         1.2950570632
        1.0550000000        -0.3351496047         2.0779395556         1.2976035576
        1.0600000000        -0.1467133003         2.1791790832         1.3077895349
        1.0650000000         0.0449158338         2.5000000000         1.3014232991
        1.0700000000         0.2355674927         2.7970042474         1.3217952537
        1.0750000000         0.4210926437         2.8808543424         1.3358009726
        1.0800000000         0.5974538188         2.9620227670         1.3727251404
        1.0850000000         0.7608129802         3.0389213344         1.4058295668
        1.0900000000         0.9076150447         3.1097702080         1.4325677573
        1.0950000000         1.0346652507         3.1726514206         1.4682186780
        1.1000000000         1.1391986841         3.2256168819         1.5789911816
        1.1050000000         1.2189404491         3.2668362782         1.5828109231
        1.1100000000         1.2721551756         3.2947618340         1.6273745739
        1.1150000000         1.2976847849         3.3082827436         1.6477465286
        1.1200000000         1.2949736919         3.3068430247         1.6528395173
        1.1250000000         1.2640808965         3.2905024434         1.6795777078
        1.1300000000         1.2056786993         3.2599299063         1.6884904379
        1.1350000000         1.1210380708         3.2163304739         1.7114088870
        1.1400000000         1.0120009920         3.1613186823         1.7114088870
        1.1450000000         0.8809403687         3.0967600008         1.7088623926
        1.1500000000         0.7307083912         3.0246072534         1.7126821341
        1.1550000000         0.5645744641         2.9467587825         1.7101356398
        1.1600000000         0.3861540561         2.8649600625         1.7203216171
        1.1650000000         0.1993300189         2.7807613776         1.7050426511
        1.1700000000         0.0081680872         2.5000000000         1.7126821341
        1.1750000000        -0.1831716015         2.1590155801         1.6846706964
        1.1800000000        -0.3705250412         2.0596696009         1.6872171908
        1.1850000000        -0.5498149762         1.9697413431         1.6286478211
        1.1900000000        -0.7171396318         1.8885354998         1.5853574174
        1.1950000000        -0.8688576262         1.8157603803         1.5420670137
        1.2000000000        -1.0016672156         1.7517226391         1.5038695987
        1.2050000000        -1.1126781480         1.6973298339         1.5038695987
        1.2100000000        -1.1994745618         1.6539195200         1.5076893402
        1.2150000000        -1.2601675611         1.6229689852         1.3638124103
        1.2200000000        -1.2934363221         1.6057623936         1.4045563196
        1.2250000000        -1.2985568375         1.6030977611         1.3383474669
        1.2300000000        -1.2754176727         1.6151040509         1.3319812311
        1.2350000000        -1.2245223909         1.6412115792         1.3408939613
        1.2400000000        -1.1469785944         1.6802826766         1.3154290179
        1.2450000000        -1.0444738201         1.7308718489         1.3192487594
        1.2500000000        -0.9192388155         1.7915534748         1.2925105689
        1.2550000000        -0.7739989916         1.8612370226         1.2912373217
        1.2600000000        -0.6119151118         1.9393888933         1.2848710859
        1.2650000000        -0.4365145062         2.0260968224         1.3116092764
        1.2700000000        -0.2516143085         2.1219442551         1.3039697934
        1.2750000000        -0.0612383859         2.5000000000         1.3103360292
        1.2800000000         0.1304702293         2.7499856149         1.3090627821
        1.2850000000         0.3193395026         2.8347070617         1.3383474669
        1.2900000000         0.5012591900         2.9175425046         1.3650856574
        1.2950000000         0.6722702872         2.9970113610         1.3969168366
        1.3000000000         0.8286511867         3.0714369689         1.4287480158
        1.3050000000         0.9669986687         3.1389676973         1.4554862063
        1.3100000000         1.0843019637         3.1976559434         1.5331542835
        1.3150000000         1.1780082733         3.2455863536         1.6031828777
        1.3200000000         1.2460783257         3.2810344643         1.5968166419
        1.3250000000         1.2870307550         3.3026302735         1.6490197758
        1.3300000000         1.2999743391         3.3094993281         1.6439267871
        1.3350000000         1.2846273948         3.3013571461         1.6668452361
        1.3400000000         1.2413239082         3.2785405996         1.6795777078
        1.3450000000         1.1710062658         3.2419707870         1.7050426511
        1.3500000000         1.0752047466         3.1930538655         1.7165018756
        1.3550000000         0.9560042190         3.1335370297         1.7177751228
        1.3600000000         0.8159987697         3.0653442847         1.7088623926
        1.3650000000         0.6582352496         2.9904194662         1.7126821341
        1.3700000000         0.4861469675         2.9106016010         1.7088623926
        1.3750000000         0.3034789730         2.8275506588         1.7241413586
        1.3800000000         0.1142065555         2.7427313967         1.7063158983
        1.3850000000        -0.0775512678         2.5000000000         1.7024961568
        1.3900000000        -0.2676213914         2.1134117066         1.6821242021
        1.3950000000        -0.4518674381         2.0183721785         1.6706649776
        1.4000000000        -0.6262797763         1.9324097654         1.6235548324
        1.4050000000        -0.7870627796         1.8549735668         1.5853574174
        1.4100000000        -0.9307174279         1.7860265798         1.5344275307
        1.4150000000        -1.0541174551         1.7261548508         1.4936836213
        1.4200000000        -1.1545773835         1.6764878832         1.5115090817
        1.4250000000        -1.2299109665         1.6384660052         1.5038695987
        1.4300000000        -1.2784787665         1.6135208303         1.3485334443
        1.4350000000        -1.2992238329         1.6027503385         1.3969168366
        1.4400000000        -1.2916947037         1.6066676901         1.3307079839
        1.4450000000        -1.2560552307         1.6250835143         1.3192487594
        1.4500000000        -1.1930810134         1.6571493656         1.3307079839
        1.4550000000        -1.1041425203         1.7015521439         1.3167022651
        1.4600000000        -0.9911752643         1.7568135298         1.3154290179
        1.4650000000        -0.8566376810         1.8216224687         1.2937838161
        1.4700000000        -0.7034576278         1.8951180534         1.2874175802
        1.4750000000        -0.5349686662         1.9770473447         1.2976035576
        1.4800000000        -0.3548375162         2.0677466230         1.3014232991
        1.4850000000        -0.1669842593         2.1679307574         1.3141557707
        1.4900000000         0.0245029716         2.5000000000         1.3026965462
        1.4950000000         0.2154569597         2.7879855886         1.3167022651
        1.5000000000         0.4017220927         2.8720355904         1.3281614896
        1.5050000000         0.5792447991         2.9535612752         1.3625391631
        1.5100000000         0.7441617633         3.0309955623         1.3892773536
        1.5150000000         0.8928840005         3.1025774881         1.4198352856
        1.5200000000         1.0221749618         3.1663995162         1.4860441383
        1.5250000000         1.1292209688         3.2205102621         1.6031828777
        1.5300000000         1.2116924462         3.2630591273         1.5598924740
        1.5350000000         1.2677946189         3.2924605275         1.6490197758
        1.5400000000         1.2963065703         3.3075507305         1.6235548324
        1.5450000000         1.2966078128         3.3077107094         1.6630254946
        1.5500000000         1.2686917905         3.2929338224         1.6668452361
        1.5550000000         1.2131660224         3.2638265471         1.6884904379
        1.5600000000         1.1312388811         3.2215421417         1.7126821341
        1.5650000000         1.0246932956         3.1676587716         1.7088623926
        1.5700000000         0.8958479509         3.1040231297         1.7152286285
        1.5750000000         0.7475068277         3.0325860753         1.7139553813
        1.5800000000         0.5828981809         2.9552573271         1.7114088870
        1.5850000000         0.4056042857         2.8738016686         1.7165018756
        1.5900000000         0.2194834781         2.7897903937         1.7126821341
        1.5950000000         0.0285861889         2.5000000000         1.7126821341
        1.6000000000        -0.1629332036         2.1701711273         1.6923101795
        1.6050000000        -0.3509067828         2.0697765914         1.6732114719
        1.6100000000        -0.5312437972         1.9788837183         1.6311943154
        1.6150000000        -0.7000196851         1.8967731771         1.5942701476
        1.6200000000        -0.8535614825         1.8230977764         1.5484332495
        1.6250000000        -0.9885277553         1.7580970415         1.5089625874
        1.6300000000        -1.1019813169         1.7026200296         1.5064160930
        1.6350000000        -1.1914531485         1.6579708407         1.4936836213
        1.6400000000        -1.2549961305         1.6256276673         1.3548996801
        1.6450000000        -1.2912274168         1.6069104996         1.4172887913
        1.6500000000        -1.2993585285         1.6026801694         1.3281614896
        1.6550000000        -1.2792125133         1.6131411031         1.3370742198
        1.6600000000        -1.2312277965         1.6377944109         1.3217952537
        1.6650000000        -1.1564486393         1.6755523281         1.3179755122
        1.6700000000        -1.0565024138         1.7249870874         1.3154290179
        1.6750000000        -0.9335641871         1.7846550523         1.2874175802
        1.6800000000        -0.7903093870         1.8534172429         1.3014232991
        1.6850000000        -0.6298555781         1.9306745906         1.2886908274
        1.6900000000        -0.4556946162         2.0164512862         1.3141557707
        1.6950000000        -0.2716166575         2.1112897529         1.2899640746
        1.7000000000        -0.0816276754         2.5000000000         1.3077895349
        1.7050000000         0.1101377188         2.7409172984         1.2950570632
        1.7100000000         0.2995062547         2.8257595391         1.3319812311
        1.7150000000         0.4823568233         2.9088626976         1.3612659159
        1.7200000000         0.6547101621         2.9887659300         1.3956435895
        1.7250000000         0.8128154532         3.0638134591         1.4198352856
        1.7300000000         0.9532319501         3.1321694951         1.4593059478
        1.7350000000         1.0729038563         3.1918912880         1.5407937665
        1.7400000000         1.1692268270         3.2410528506         1.5853574174
        1.7450000000         1.2401046457         3.2779014936         1.6044561249
        1.7500000000         1.2839948428         3.3010221857         1.6401070456
        1.7550000000         1.2999422632         3.3094822796         1.6388337984
        1.7600000000         1.2875998534         3.3029318468         1.6770312134
        1.7650000000         1.2472362134         3.2816422340         1.6681184833
        1.7700000000         1.1797297519         3.2464761233         1.7126821341
        1.7750000000         1.0865495698         3.1987943149         1.6974031681
        1.7800000000         0.9697234891         3.1403154016         1.7177751228
        1.7850000000         0.8317939226         3.0729523928         1.7114088870
        1.7900000000         0.6757625454         2.9986536870         1.7152286285
        1.7950000000         0.5050249706         2.9192739775         1.7139553813
        1.8000000000         0.3232968533         2.8364940771         1.7088623926
        1.8050000000         0.1345330288         2.7517985655         1.7037694040
        1.8100000000        -0.0571585538         2.5000000000         1.7037694040
        1.8150000000        -0.2476062306         2.1240886130         1.6948566738
        1.8200000000        -0.4326654079         2.0280382889         1.6642987418
        1.8250000000        -0.6083087585         1.9411433002         1.6311943154
        1.8300000000        -0.7707138662         1.8628124149         1.5993631362
        1.8350000000        -0.9163464101         1.7929453525         1.5547994854
        1.8400000000        -1.0420370803         1.7320625198         1.5102358345
        1.8450000000        -1.1450505494         1.6812444449         1.5013231043
        1.8500000000        -1.2231449996         1.6419127068         1.4211085328
        1.8550000000        -1.2746209104         1.6155158916         1.3841843649
        1.8600000000        -1.2983580436         1.6032012935         1.3880041065
        1.8650000000        -1.2938398229         1.6055525800         1.3243417481
        1.8700000000        -1.2611645754         1.6224559278         1.3396207141
        1.8750000000        -1.2010433923         1.6531261432         1.3281614896
        1.8800000000        -1.1147846531         1.6962866362         1.3167022651
        1.8850000000        -1.0042655528         1.7504607615         1.2963303104
        1.8900000000        -0.8718912495         1.8143046728         1.3090627821
        1.8950000000        -0.7205425224         1.8868993446         1.2899640746
        1.9000000000        -0.5535130790         1.9679246878         1.3116092764
        1.9050000000        -0.3744378768         2.0576610185         1.2963303104
        1.9100000000        -0.1872140173         2.1567983313         1.3039697934
        1.9150000000         0.0040840637         2.5000000000         1.2988768047
        1.9200000000         0.1952932659         2.7789541397         1.3256149953
        1.9250000000         0.3822524228         2.8631884471         1.3319812311
        1.9300000000         0.5608928594         2.9450536679         1.3689053989
        1.9350000000         0.7273269355         3.0230037008         1.4032830725
        1.9400000000         0.8779326506         3.0952969931         1.4351142516
        1.9450000000         1.0094324665         3.1600376144         1.4707651723
        1.9500000000         1.1189646351         3.2152725446         1.5458867552
        1.9550000000         1.2041454763         3.2591327845         1.5993631362
        1.9600000000         1.2631212528         3.2899967414         1.6070026192
        1.9650000000         1.2946085116         3.3066491675         1.6477465286
        1.9700000000         1.2979220151         3.3084087683         1.6502930229
        1.9750000000         1.2729896538         3.2952025026         1.6808509549
        1.9800000000         1.2203540150         3.2675736573         1.6821242021
        1.9850000000         1.1411605750         3.2266222886         1.6974031681
        1.9900000000         1.0371327714         3.1738883965         1.7177751228
        1.9950000000         0.9105344960         3.1111980110         1.7050426511
