        0.0000000000         0.0000000000         2.5000000000         1.5089625874
        0.0050000000         0.2875705206         2.8203815453         1.5153288232
        0.0100000000         0.5608928594         2.9450536679         1.5178753175
        0.0150000000         0.8064247854         3.0607427515         1.5344275307
        0.0200000000         1.0120009920         3.1613186823         1.5509797439
        0.0250000000         1.1674358485         3.2401293273         1.5815376759
        0.0300000000         1.2650280643         3.2910016821         1.6006363834
        0.0350000000         1.2999422632         3.3094822796         1.6375605513
        0.0400000000         1.2704485606         3.2938608789         1.6426535399
        0.0450000000         1.1780082733         3.2455863536         1.6719382248
        0.0500000000         1.0272015161         3.1689136084         1.6783044606
        0.0550000000         0.8255002723         3.0699184276         1.6872171908
        0.0600000000         0.5828981809         2.9552573271         1.6923101795
        0.0650000000         0.3114153849         2.8311305020         1.6872171908
        0.0700000000         0.0245029716         2.5000000000         1.6795777078
        0.0750000000        -0.2636234840         2.1155381262         1.6783044606
        0.0800000000        -0.5386882553         1.9752149261         1.6566592588
        0.0850000000        -0.7870627796         1.8549735668         1.6057293721
        0.0900000000        -0.9964409089         1.7542594309         1.5611657212
        0.0950000000        -1.1564486393         1.6755523281         1.5115090817
        0.1000000000        -1.2591581095         1.6234882832         1.4962301157
        0.1050000000        -1.2994803999         1.6026166784         1.5064160930
        0.1100000000        -1.2754176727         1.6151040509         1.4580327007
        0.1150000000        -1.1881621574         1.6596305074         1.3307079839
        0.1200000000        -1.0420370803         1.7320625198         1.3930970951
        0.1250000000        -0.8442824628         1.8275470965         1.2937838161
        0.1300000000        -0.6046964015         1.9429015645         1.3459869499
        0.1350000000        -0.3351496047         2.0779395556         1.3485334443
        0.1400000000        -0.0489972375         2.5000000000         1.3536264329
        0.1450000000         0.2395827831         2.7988063060         1.3510799386
        0.1500000000         0.5162922578         2.9244591458         1.3803646234
        0.1550000000         0.7674211342         3.0420726369         1.4121958026
        0.1600000000         0.9805267950         3.1456658000         1.4465734762
        0.1650000000         1.1450505494         3.2286170513         1.4784046553
        0.1700000000         1.2528407818         3.2845863528         1.5140555760
        0.1750000000         1.2985568375         3.3087460420         1.5255148005
        0.1800000000         1.2799336349         3.2988728115         1.6082758664
        0.1850000000         1.1978938931         3.2558854499         1.6630254946
        0.1900000000         1.0565024138         3.1836202266         1.6439267871
        0.1950000000         0.8627646839         3.0879310808         1.7228681115
        0.2000000000         0.6262797763         2.9754601774         1.6681184833
        0.2050000000         0.3587647474         2.8525368647         1.6668452361
        0.2100000000         0.0734740948         2.5000000000         1.6630254946
        0.2150000000        -0.2154569597         2.1414061934         1.6617522474
        0.2200000000        -0.4937128242         1.9974663011         1.6553860116
        0.2250000000        -0.7475068277         1.8739466648         1.6070026192
        0.2300000000        -0.9642643046         1.7698405703         1.5560727325
        0.2350000000        -1.1332456285         1.6871237156         1.5076893402
        0.2400000000        -1.2460783257         1.6302026450         1.4962301157
        0.2450000000        -1.2971719039         1.6038188982         1.5089625874
        0.2500000000        -1.2839948428         1.6106639900         1.4185620385
        0.2550000000        -1.2072000228         1.6500093962         1.3561729273
        0.2600000000        -1.0705923769         1.7180780026         1.3816378706
        0.2650000000        -0.8809403687         1.8099612032         1.2963303104
        0.2700000000        -0.6476406369         1.9220561973         1.3536264329
        0.2750000000        -0.3822524228         2.0536566059         1.3408939613
        0.2800000000        -0.0979248472         2.5000000000         1.3523531858
        0.2850000000         0.1912545854         2.7771464525         1.3638124103
        0.2900000000         0.4709579767         2.9036374013         1.3587194216
        0.2950000000         0.7273269355         3.0230037008         1.4058295668
        0.3000000000         0.9476592156         3.1294227174         1.4351142516
        0.3050000000         1.1210380708         3.2163304739         1.4694919252
        0.3100000000         1.2388731440         3.2772561546         1.4962301157
        0.3150000000         1.2953260913         3.3070301131         1.5407937665
        0.3200000000         1.2875998534         3.3029318468         1.6464732814
        0.3250000000         1.2160772401         3.2653434291         1.6171885966
        0.3300000000         1.0843019637         3.1976559434         1.6872171908
        0.3350000000         0.8988030596         3.1054652414         1.6681184833
        0.3400000000         0.6687713939         2.9953667588         1.6795777078
        0.3450000000         0.4056042857         2.8738016686         1.6706649776
        0.3500000000         0.1223408073         2.7463589648         1.6732114719
        0.3550000000        -0.1669842593         2.1679307574         1.6732114719
        0.3600000000        -0.4480358001         2.0202971710         1.6515662701
        0.3650000000        -0.7068886276         1.8934667244         1.6031828777
        0.3700000000        -0.9307174279         1.7860265798         1.5624389684
        0.3750000000        -1.1084322137         1.6994311137         1.5153288232
        0.3800000000        -1.2312277965         1.6377944109         1.4949568685
        0.3850000000        -1.2930200556         1.6059788163         1.5140555760
        0.3900000000        -1.2907473859         1.6071598928         1.4949568685
        0.3950000000        -1.2245223909         1.6412115792         1.3052430406
        0.4000000000        -1.0976263032         1.7047704716         1.3930970951
        0.4050000000        -0.9163464101         1.7929453525         1.3307079839
        0.4100000000        -0.6896645396         1.9017613242         1.3179755122
        0.4150000000        -0.4288120393         2.0299838925         1.3701786461
        0.4200000000        -0.1467133003         2.1791790832         1.3408939613
        0.4250000000         0.1426546044         2.7554236578         1.3701786461
        0.4300000000         0.4249544386         2.8826145299         1.3510799386
        0.4350000000         0.6861991655         3.0035668366         1.3956435895
        0.4400000000         0.9134449607         3.1126221895         1.4287480158
        0.4450000000         1.0954325358         3.2032986714         1.4643989365
        0.4500000000         1.2231449996         3.2690302591         1.5000498572
        0.4550000000         1.2902546160         3.3043391797         1.5407937665
        0.4600000000         1.2934363221         3.3060270201         1.6439267871
        0.4650000000         1.2325324748         3.2739363768         1.6159153494
        0.4700000000         1.1105606612         3.2109894140         1.6872171908
        0.4750000000         0.9335641871         3.1224883603         1.6668452361
        0.4800000000         0.7103126508         3.0149479713         1.6859439436
        0.4850000000         0.4518674381         2.8949008466         1.6642987418
        0.4900000000         0.1710336668         2.7681017119         1.6719382248
        0.4950000000        -0.1182742651         2.1951227656         1.6795777078
        0.5000000000        -0.4017220927         2.0437195937         1.6401070456
        0.5050000000        -0.6652659001         1.9135333468         1.5904504061
        0.5100000000        -0.8958479509         1.8028013210         1.5458867552
        0.5150000000        -1.0820436560         1.7124495788         1.4987766100
        0.5200000000        -1.2146276252         1.6462422174         1.5089625874
        0.5250000000        -1.2870307550         1.6090895063         1.5089625874
        0.5300000000        -1.2956657064         1.6046028064         1.5153288232
        0.5350000000        -1.2401046457         1.6332604399         1.3217952537
        0.5400000000        -1.1231004424         1.6921637951         1.3638124103
        0.5450000000        -0.9504502731         1.7765122112         1.3689053989
        0.5500000000        -0.7307083912         1.8820136363         1.2886908274
        0.5550000000        -0.4747622905         2.0069080743         1.3612659159
        0.5600000000        -0.1952932659         2.1523776450         1.3727251404
        0.5650000000         0.0938519034         2.5000000000         1.3370742198
        0.5700000000         0.3783470169         2.8614157661         1.3574461744
        0.5750000000         0.6440962690         2.9837922427         1.3485334443
        0.5800000000         0.8779326506         3.0952969931         1.3981900838
        0.5850000000         1.0682703312         3.1895517901         1.4338410045
        0.5900000000         1.2056786993         3.2599299063         1.4656721837
        0.5950000000         1.2833496182         3.3006805662         1.5191485647
        0.6000000000         1.2974347470         3.3081499228         1.6324675626
        0.6050000000         1.2472362134         3.2816422340         1.6006363834
        0.6100000000         1.1352411913         3.2235901010         1.6706649776
        0.6150000000         0.9669986687         3.1389676973         1.6592057531
        0.6200000000         0.7508445144         3.0341739270         1.6693917304
        0.6250000000         0.4974884621         2.9158095154         1.6541127644
        0.6300000000         0.2194834781         2.7897903937         1.6770312134
        0.6350000000        -0.0693961967         2.5000000000         1.6642987418
        0.6400000000        -0.3548375162         2.0677466230         1.6668452361
        0.6450000000        -0.6226977934         1.9341487797         1.6452000343
        0.6500000000        -0.8597054249         1.8201510696         1.6019096306
        0.6550000000        -1.0541174551         1.7261548508         1.5624389684
        0.6600000000        -1.1963014016         1.6555232035         1.5127823289
        0.6650000000        -1.2792125133         1.6131411031         1.5076893402
        0.6700000000        -1.2987428151         1.6030008972         1.4962301157
        0.6750000000        -1.2539246440         1.6261780065         1.3294347368
        0.6800000000        -1.1469785944         1.6802826766         1.3981900838
        0.6850000000        -0.9832034943         1.7606769346         1.3268882424
        0.6900000000        -0.7707138662         1.8628124149         1.3396207141
        0.6950000000        -0.5200378784         1.9844166275         1.3548996801
        0.7000000000        -0.2435957090         2.1262374740         1.3421672084
        0.7050000000         0.0449158338         2.5000000000         1.3548996801
        0.7100000000         0.3312019434         2.8400655120         1.3447137028
        0.7150000000         0.6010780764         2.9637093540         1.3803646234
        0.7200000000         0.8411727500         3.0774797743         1.4096493083
        0.7250000000         1.0395900560         3.1751208607         1.4478467233
        0.7300000000         1.1864990636         3.2499782569         1.4834976440
        0.7350000000         1.2746209104         3.2960641807         1.5191485647
        0.7400000000         1.2995894461         3.3092947639         1.5586192269
        0.7450000000         1.2601675611         3.2884409501         1.6706649776
        0.7500000000         1.1583084814         3.2354284600         1.6286478211
        0.7550000000         0.9990589924         3.1548704689         1.6948566738
        0.7600000000         0.7903093870         3.0530140128         1.6719382248
        0.7650000000         0.5424025278         2.9365019407         1.6719382248
        0.7700000000         0.2676213914         2.8114035589         1.6655719889
        0.7750000000        -0.0204195125         2.5000000000         1.6744847191
        0.7800000000        -0.3074486961         2.0923918685         1.6744847191
        0.7850000000        -0.5792447991         1.9553177670         1.6401070456
        0.7900000000        -0.8223412105         1.8380646814         1.6070026192
        0.7950000000        -1.0246932956         1.7405237115         1.5738981929
        0.8000000000        -1.1762751682         1.6656133581         1.5306077892
        0.8050000000        -1.2695764407         1.6181209542         1.4936836213
        0.8100000000        -1.2999743391         1.6023593260         1.4784046553
        0.8150000000        -1.2659627467         1.6199846182         1.3307079839
        0.8200000000        -1.1692268270         1.6691522877         1.4032830725
        0.8250000000        -1.0145595295         1.7454569754         1.3128825236
        0.8300000000        -0.8096241146         1.8441596490         1.3548996801
        0.8350000000        -0.5645744641         1.9624982629         1.3485334443
        0.8400000000        -0.2915519892         2.1007467050         1.3383474669
        0.8450000000        -0.0040840637         2.5000000000         1.3485334443
        0.8500000000         0.2835862138         2.8185873796         1.3370742198
        0.8550000000         0.5572057189         2.9433467887         1.3803646234
        0.8600000000         0.8032174970         3.0592029065         1.4160155441
        0.8650000000         1.0094324665         3.1600376144         1.4503932177
        0.8700000000         1.1656333478         3.2392002329         1.4822243968
        0.8750000000         1.2640808965         3.2905024434         1.5191485647
        0.8800000000         1.2998973575         3.3094584122         1.5191485647
        0.8850000000         1.2713081418         3.2943146233         1.6490197758
        0.8900000000         1.1797297519         3.2464761233         1.6426535399
        0.8950000000         1.0296995985         3.1701640080         1.6668452361
        0.9000000000         0.8286511867         3.0714369689         1.6948566738
        0.9050000000         0.5865458098         2.9569515184         1.6642987418
        0.9100000000         0.3153790000         2.8329191989         1.6706649776
        0.9150000000         0.0285861889         2.5000000000         1.6693917304
        0.9200000000        -0.2596229747         2.1176690192         1.6744847191
        0.9250000000        -0.5349686662         1.9770473447         1.6439267871
        0.9300000000        -0.7838084042         1.8565337091         1.6133688551
        0.9350000000        -0.9938129908         1.7555343226         1.5738981929
        0.9400000000        -1.1545773835         1.6764878832         1.5382472722
        0.9450000000        -1.2581362304         1.6240138113         1.5000498572
        0.9500000000        -1.2993585285         1.6026801694         1.4975033628
        0.9550000000        -1.2762018471         1.6146986158         1.3319812311
        0.9600000000        -1.1898135244         1.6587978927         1.4109225555
        0.9650000000        -1.0444738201         1.7308718489         1.3128825236
        0.9700000000        -0.8473838429         1.8260600956         1.3548996801
        0.9750000000        -0.6083087585         1.9411433002         1.3663589046
        0.9800000000        -0.3390939582         2.0758923350         1.3332544783
        0.9850000000        -0.0530781576         2.5000000000         1.3689053989
        0.9900000000         0.2355674927         2.7970042474         1.3447137028
        0.9950000000         0.5125415416         2.9227323133         1.3739983876
        1.0000000000         0.7641208280         3.0404983612         1.4147422970
        1.0050000000         0.9778404182         3.1443343011         1.4491199705
        1.0100000000         1.1431112032         3.2276223506         1.4834976440
        1.0150000000         1.2517445545         3.2840101957         1.5166020704
        1.0200000000         1.2983580436         3.3086404197         1.5395205194
        1.0250000000         1.2806421240         3.2992476277         1.6719382248
        1.0300000000         1.1994745618         3.2567060823         1.6184618437
        1.0350000000         1.0588769452         3.1848159313         1.7012229096
        1.0400000000         0.8658154277         3.0894109837         1.6668452361
        1.0450000000         0.6298555781         2.9771307710         1.6770312134
        1.0500000000         0.3626884379         2.8543146652         1.6668452361
        1.0550000000         0.0775512678         2.5000000000         1.6693917304
        1.0600000000        -0.2114283148         2.1435913370         1.6846706964
        1.0650000000        -0.4899323135         1.9993465819         1.6477465286
        1.0700000000        -0.7441617633         1.8755524690         1.6171885966
        1.0750000000        -0.9615204235         1.7711665396         1.5815376759
        1.0800000000        -1.1312388811         1.6881215677         1.5471600024
        1.0850000000        -1.2449081397         1.6308020636         1.5051428458
        1.0900000000        -1.2968962583         1.6039623882         1.5038695987
        1.0950000000        -1.2846273948         1.6103360625         1.3421672084
        1.1000000000        -1.2087094317         1.6492444694         1.4058295668
        1.1050000000        -1.0729038563         1.7169428623         1.3370742198
        1.1100000000        -0.8839393923         1.8085212855         1.3307079839
        1.1150000000        -0.6511786130         1.9203439942         1.3778181291
        1.1200000000        -0.3861540561         2.0516607598         1.3281614896
        1.1250000000        -0.1019968244         2.2043367020         1.3650856574
        1.1300000000         0.1872140173         2.7753383286         1.3447137028
        1.1350000000         0.4671490148         2.9018928236         1.3638124103
        1.1400000000         0.7239383014         3.0213975937         1.4058295668
        1.1450000000         0.9448588051         3.1280435124         1.4376607460
        1.1500000000         1.1189646351         3.2152725446         1.4733116667
        1.1550000000         1.2376294150         3.2766045943         1.5076893402
        1.1600000000         1.2949736919         3.3068430247         1.5306077892
        1.1650000000         1.2881562437         3.3032267251         1.6566592588
        1.1700000000         1.2175148528         3.2660928644         1.6235548324
        1.1750000000         1.0865495698         3.1987943149         1.6770312134
        1.1800000000         0.9017492976         3.1069038043         1.6846706964
        1.1850000000         0.6722702872         2.9970113610         1.6630254946
        1.1900000000         0.4094824756         2.8755665971         1.6795777078
        1.1950000000         0.1264061421         2.7481724106         1.6528395173
        1.2000000000        -0.1629332036         2.1701711273         1.6935834266
        1.2050000000        -0.4441997403         2.0222262709         1.6515662701
        1.2100000000        -0.7034576278         1.8951180534         1.6184618437
        1.2150000000        -0.9278614830         1.7874021944         1.5840841702
        1.2200000000        -1.1062928263         1.7004891672         1.5433402609
        1.2250000000        -1.2299109665         1.6384660052         1.5089625874
        1.2300000000        -1.2925910275         1.6062018433         1.4898638798
        1.2350000000        -1.2912274168         1.6069104996         1.3459869499
        1.2400000000        -1.2258876967         1.6405163322         1.4109225555
        1.2450000000        -1.0998092374         1.7036928102         1.3154290179
        1.2500000000        -0.9192388155         1.7915534748         1.3574461744
        1.2550000000        -0.6931231070         1.9000948116         1.3638124103
        1.2600000000        -0.4326654079         2.0280382889         1.3358009726
        1.2650000000        -0.1507705483         2.1769201117         1.3650856574
        1.2700000000         0.1385945006         2.7536112505         1.3383474669
        1.2750000000         0.4210926437         2.8808543424         1.3676321518
        1.2800000000         0.6827270189         3.0019314420         1.4071028140
        1.2850000000         0.9105344960         3.1111980110         1.4453002290
        1.2900000000         1.0932279570         3.2021799874         1.4733116667
        1.2950000000         1.2217555364         3.2683049886         1.5102358345
        1.3000000000         1.2897491117         3.3040711355         1.5204218119
        1.3050000000         1.2938398229         3.3062411613         1.6235548324
        1.3100000000         1.2338249885         3.2746127037         1.6452000343
        1.3150000000         1.1126781480         3.2120678740         1.6502930229
        1.3200000000         0.9364017324         3.1238828602         1.7126821341
        1.3250000000         0.7137296634         3.0165641207         1.6502930229
        1.3300000000         0.4556946162         2.8966508613         1.6872171908
        1.3350000000         0.1750813863         2.7699114596         1.6528395173
        1.3400000000        -0.1142065555         2.1974191909         1.6808509549
        1.3450000000        -0.3978359348         2.0456985682         1.6642987418
        1.3500000000        -0.6617538405         1.9152302886         1.6286478211
        1.3550000000        -0.8928840005         1.8042253424         1.5955433947
        1.3600000000        -1.0797746690         1.7135657807         1.5598924740
        1.3650000000        -1.2131660224         1.6469841346         1.5166020704
        1.3700000000        -1.2864489542         1.6093913585         1.4924103742
        1.3750000000        -1.2959925339         1.6044327402         1.3574461744
        1.3800000000        -1.2413239082         1.6326367648         1.4223817800
        1.3850000000        -1.1251517293         1.6911456445         1.3154290179
        1.3900000000        -0.9532319501         1.7751695436         1.3650856574
        1.3950000000        -0.7340826351         1.8803926532         1.3370742198
        1.4000000000        -0.4785619185         2.0050116323         1.3510799386
        1.4050000000        -0.1993300189         2.1501741947         1.3510799386
        1.4100000000         0.0897780334         2.5000000000         1.3485334443
        1.4150000000         0.3744378768         2.8596420336         1.3561729273
        1.4200000000         0.6405455440         2.9821300436         1.3918238480
        1.4250000000         0.8749162676         3.0938305687         1.4287480158
        1.4300000000         1.0659377421         3.1883749060         1.4643989365
        1.4350000000         1.2041454763         3.2591327845         1.4911371270
        1.4400000000         1.2826917275         3.3003322940         1.5242415534
        1.4450000000         1.2976847849         3.3082827436         1.5115090817
        1.4500000000         1.2483817914         3.2822437029         1.6770312134
        1.4550000000         1.1372255496         3.2246061472         1.6477465286
        1.4600000000         0.9697234891         3.1403154016         1.6604790003
        1.4650000000         0.7541747907         3.0357590993         1.7114088870
        1.4700000000         0.5012591900         2.9175425046         1.6528395173
        1.4750000000         0.2235078304         2.7915946748         1.6732114719
        1.4800000000        -0.0653176136         2.5000000000         1.6579325059
        1.4850000000        -0.3509067828         2.0697765914         1.6604790003
        1.4900000000        -0.6191096648         1.9358916367         1.6566592588
        1.4950000000        -0.8566376810         1.8216224687         1.6159153494
        1.5000000000        -1.0517220927         1.7273272217         1.5853574174
        1.5050000000        -1.1946971031         1.6563334818         1.5420670137
        1.5100000000        -1.2784787665         1.6135208303         1.4949568685
        1.5150000000        -1.2989159746         1.6029107042         1.3790913763
        1.5200000000        -1.2549961305         1.6256276673         1.4147422970
        1.5250000000        -1.1488953191         1.6793261216         1.3383474669
        1.5300000000        -0.9858704899         1.7593848468         1.3752716348
        1.5350000000        -0.7739989916         1.8612370226         1.3268882424
        1.5400000000        -0.5237783664         1.9825683537         1.3650856574
        1.5450000000        -0.2476062306         2.1240886130         1.3332544783
        1.5500000000         0.0408339868         2.5000000000         1.3523531858
        1.5550000000         0.3272510133         2.8382802316         1.3548996801
        1.5600000000         0.5974538188         2.9620227670         1.3880041065
        1.5650000000         0.8380547352         3.0759738141         1.4198352856
        1.5700000000         1.0371327714         3.1738883965         1.4580327007
        1.5750000000         1.1848242596         3.2491112954         1.4962301157
        1.5800000000         1.2738115681         3.2956366208         1.5293345420
        1.5850000000         1.2996856658         3.3093459013         1.5127823289
        1.5900000000         1.2611645754         3.2889659853         1.6146421022
        1.5950000000         1.1601568916         3.2363796808         1.6706649776
        1.6000000000         1.0016672156         3.1561686488         1.6413802928
        1.6050000000         0.7935481944         3.0545656266         1.7152286285
        1.6100000000         0.5461114469         2.9382157209         1.6668452361
        1.6150000000         0.2716166575         2.8132005618         1.6630254946
        1.6200000000        -0.0163358518         2.5000000000         1.6681184833
        1.6250000000        -0.3034789730         2.0944739753         1.6553860116
        1.6300000000        -0.5755857004         1.9571070413         1.6579325059
        1.6350000000        -0.8191740325         1.8395826500         1.6184618437
        1.6400000000        -1.0221749618         1.7417503743         1.5815376759
        1.6450000000        -1.1745304538         1.6664899560         1.5484332495
        1.6500000000        -1.2686917905         1.6185773818         1.5127823289
        1.6550000000        -1.2999935848         1.6023492978         1.4083760611
        1.6600000000        -1.2668849346         1.6195092236         1.3918238480
        1.6650000000        -1.1710062658         1.6682594353         1.3689053989
        1.6700000000        -1.0171080537         1.7442170183         1.3472601971
        1.6750000000        -0.8128154532         1.8426301376         1.3498066914
        1.6800000000        -0.5682504966         1.9606972843         1.3434404556
        1.6850000000        -0.2955305803         2.0986513857         1.3638124103
        1.6900000000        -0.0081680872         2.5000000000         1.3281614896
        1.6950000000         0.2795991081         2.8167924851         1.3739983876
        1.7000000000         0.5535130790         2.9416381606         1.3803646234
        1.7050000000         0.8000022812         3.0576600917         1.4211085328
        1.7100000000         1.0068539783         3.1587522404         1.4593059478
        1.7150000000         1.1638193428         3.2382655832         1.4987766100
        1.7200000000         1.2631212528         3.2899967414         1.5255148005
        1.7250000000         1.2998396222         3.3094277262         1.5115090817
        1.7300000000         1.2721551756         3.2947618340         1.6502930229
        1.7350000000         1.1814395871         3.2473602136         1.6566592588
        1.7400000000         1.0321875182         3.1714099516         1.6604790003
        1.7450000000         0.8317939226         3.0729523928         1.7101356398
        1.7500000000         0.5901876497         2.9586438329         1.6681184833
        1.7550000000         0.3193395026         2.8347070617         1.6655719889
        1.7600000000         0.0326691241         2.5000000000         1.6706649776
        1.7650000000        -0.2556199030         2.1198043930         1.6566592588
        1.7700000000        -0.5312437972         1.9788837183         1.6515662701
        1.7750000000        -0.7805462929         1.8580976675         1.6070026192
        1.7800000000        -0.9911752643         1.7568135298         1.5789911816
        1.7850000000        -1.1526947324         1.6774287102         1.5382472722
        1.7900000000        -1.2571019341         1.6245455586         1.5064160930
        1.7950000000        -1.2992238329         1.6027503385         1.4784046553
        1.8000000000        -1.2769734259         1.6142995950         1.3421672084
        1.8050000000        -1.1914531485         1.6579708407         1.4172887913
        1.8100000000        -1.0469002514         1.7296857337         1.3154290179
        1.8150000000        -0.8504768596         1.8245769871         1.3676321518
        1.8200000000        -0.6119151118         1.9393888933         1.3370742198
        1.8250000000        -0.3430349650         2.0738494394         1.3587194216
        1.8300000000        -0.0571585538         2.5000000000         1.3396207141
        1.8350000000         0.2315498773         2.7952016142         1.3574461744
        1.8400000000         0.5087857669         2.9210039188         1.3689053989
        1.8450000000         0.7608129802         3.0389213344         1.4134690498
        1.8500000000         0.9751443905         3.1429987225         1.4554862063
        1.8550000000         1.1411605750         3.2266222886         1.4936836213
        1.8600000000         1.2506359731         3.2834276945         1.5242415534
        1.8650000000         1.2981464355         3.3085279944         1.5089625874
        1.8700000000         1.2813379737         3.2996158181         1.5777179344
        1.8750000000         1.2010433923         3.2575208584         1.6846706964
        1.8800000000         1.0612410259         3.1860069583         1.6273745739
        1.8850000000         0.8688576262         3.0908875452         1.7215948643
        1.8900000000         0.6334251634         2.9787992910         1.6744847191
        1.8950000000         0.3666085487         2.8560914693         1.6617522474
        1.9000000000         0.0816276754         2.5000000000         1.6630254946
        1.9050000000        -0.2073975831         2.1457810473         1.6642987418
        1.9100000000        -0.4861469675         2.0012308929         1.6401070456
        1.9150000000        -0.7408093543         1.8771620690         1.6095491136
        1.9200000000        -0.9587670526         1.7724966981         1.5789911816
        1.9250000000        -1.1292209688         1.6891245163         1.5446135080
        1.9300000000        -1.2437256670         1.6314075645         1.5089625874
        1.9350000000        -1.2966078128         1.6041125275         1.5013231043
        1.9400000000        -1.2852472682         1.6100146434         1.3574461744
        1.9450000000        -1.2102069111         1.6484852743         1.4007365781
        1.9500000000        -1.0752047466         1.7158124361         1.3268882424
        1.9550000000        -0.8869296918         1.8070853317         1.3459869499
        1.9600000000        -0.6547101621         1.9186356100         1.3472601971
        1.9650000000        -0.3900518781         2.0496691434         1.3536264329
        1.9700000000        -0.1060677950         2.2020261549         1.3548996801
        1.9750000000         0.1831716015         2.7735297802         1.3498066914
        1.9800000000         0.4633354423         2.9001468645         1.3625391631
        1.9850000000         0.7205425224         3.0197889495         1.4121958026
        1.9900000000         0.9420490692         3.1266604552         1.4529397120
        1.9950000000         1.1168801557         3.2142094567         1.4911371270
