        0.0000000000         0.0000000000         2.5000000000         1.5127823289
        0.0050000000         0.2716166575         2.8132005618         1.5153288232
        0.0100000000         0.5312437972         2.9313505472         1.5153288232
        0.0150000000         0.7674211342         3.0420726369         1.5344275307
        0.0200000000         0.9697234891         3.1403154016         1.5509797439
        0.0250000000         1.1292209688         3.2205102621         1.5751714401
        0.0300000000         1.2388731440         3.2772561546         1.5917236532
        0.0350000000         1.2938398229         3.3062411613         1.6197350909
        0.0400000000         1.2916947037         3.3051029638         1.6362873041
        0.0450000000         1.2325324748         3.2739363768         1.6719382248
        0.0500000000         1.1189646351         3.2152725446         1.6783044606
        0.0550000000         0.9560042190         3.1335370297         1.6923101795
        0.0600000000         0.7508445144         3.0341739270         1.6923101795
        0.0650000000         0.5125415416         2.9227323133         1.7012229096
        0.0700000000         0.2516143085         2.8042089074         1.6935834266
        0.0750000000        -0.0204195125         2.5000000000         1.6872171908
        0.0800000000        -0.2915519892         2.1007467050         1.6833974493
        0.0850000000        -0.5498149762         1.9697413431         1.6604790003
        0.0900000000        -0.7838084042         1.8565337091         1.6171885966
        0.0950000000        -0.9832034943         1.7606769346         1.5929969004
        0.1000000000        -1.1391986841         1.6841608836         1.5598924740
        0.1050000000        -1.2449081397         1.6308020636         1.5255148005
        0.1100000000        -1.2956657064         1.6046028064         1.4236550271
        0.1150000000        -1.2892308781         1.6079475182         1.3956435895
        0.1200000000        -1.2258876967         1.6405163322         1.3650856574
        0.1250000000        -1.1084322137         1.6994311137         1.3548996801
        0.1300000000        -0.9420490692         1.7805650796         1.3421672084
        0.1350000000        -0.7340826351         1.8803926532         1.3510799386
        0.1400000000        -0.4937128242         1.9974663011         1.3383474669
        0.1450000000        -0.2315498773         2.1327111482         1.3434404556
        0.1500000000         0.0408339868         2.5000000000         1.3256149953
        0.1550000000         0.3114153849         2.8311305020         1.3625391631
        0.1600000000         0.5682504966         2.9484621164         1.3714518933
        0.1650000000         0.8000022812         3.0576600917         1.4071028140
        0.1700000000         0.9964409089         3.1535680581         1.4389339931
        0.1750000000         1.1488953191         3.2305903028         1.4694919252
        0.1800000000         1.2506359731         3.2834276945         1.5025963515
        0.1850000000         1.2971719039         3.3080103084         1.5726249457
        0.1900000000         1.2864489542         3.3023220109         1.6515662701
        0.1950000000         1.2189404491         3.2668362782         1.6324675626
        0.2000000000         1.0976263032         3.2044123892         1.6897636851
        0.2050000000         0.9278614830         3.1196880509         1.6732114719
        0.2100000000         0.7171396318         3.0181777860         1.6846706964
        0.2150000000         0.4747622905         2.9053805828         1.6757579663
        0.2200000000         0.2114283148         2.7861802719         1.6961299210
        0.2250000000        -0.0612383859         2.5000000000         1.6757579663
        0.2300000000        -0.3312019434         2.0799911092         1.6719382248
        0.2350000000        -0.5865458098         1.9517508892         1.6477465286
        0.2400000000        -0.8159987697         1.8411044700         1.6120956079
        0.2450000000        -1.0094324665         1.7479501004         1.5802644287
        0.2500000000        -1.1583084814         1.6746220596         1.5522529910
        0.2550000000        -1.2560552307         1.6250835143         1.5191485647
        0.2600000000        -1.2983580436         1.6032012935         1.4402072403
        0.2650000000        -1.2833496182         1.6109984188         1.3778181291
        0.2700000000        -1.2116924462         1.6477318248         1.3765448819
        0.2750000000        -1.0865495698         1.7102314955         1.3358009726
        0.2800000000        -0.9134449607         1.7943412754         1.3523531858
        0.2850000000        -0.7000196851         1.8967731771         1.3421672084
        0.2900000000        -0.4556946162         2.0164512862         1.3459869499
        0.2950000000        -0.1912545854         2.1545856884         1.3421672084
        0.3000000000         0.0816276754         2.5000000000         1.3358009726
        0.3050000000         0.3509067828         2.8489783297         1.3599926688
        0.3100000000         0.6046964015         2.9653939993         1.3625391631
        0.3150000000         0.8317939226         3.0729523928         1.4007365781
        0.3200000000         1.0221749618         3.1663995162         1.4262015215
        0.3250000000         1.1674358485         3.2401293273         1.4618524422
        0.3300000000         1.2611645754         3.2889659853         1.5051428458
        0.3350000000         1.2992238329         3.3091004639         1.6324675626
        0.3400000000         1.2799336349         3.2988728115         1.6082758664
        0.3450000000         1.2041454763         3.2591327845         1.6630254946
        0.3500000000         1.0752047466         3.1930538655         1.6706649776
        0.3550000000         0.8988030596         3.1054652414         1.6744847191
        0.3600000000         0.6827270189         3.0019314420         1.6732114719
        0.3650000000         0.4365145062         2.8878877089         1.6795777078
        0.3700000000         0.1710336668         2.7681017119         1.6833974493
        0.3750000000        -0.1019968244         2.2043367020         1.6732114719
        0.3800000000        -0.3705250412         2.0596696009         1.6477465286
        0.3850000000        -0.6226977934         1.9341487797         1.6108223607
        0.3900000000        -0.8473838429         1.8260600956         1.5738981929
        0.3950000000        -1.0346652507         1.7356617392         1.5382472722
        0.4000000000        -1.1762751682         1.6656133581         1.5051428458
        0.4050000000        -1.2659627467         1.6199846182         1.5102358345
        0.4100000000        -1.2997690581         1.6024662867         1.4822243968
        0.4150000000        -1.2762018471         1.6146986158         1.3128825236
        0.4200000000        -1.1963014016         1.6555232035         1.3918238480
        0.4250000000        -1.0635946327         1.7215115734         1.3103360292
        0.4300000000        -0.8839393923         1.8085212855         1.3307079839
        0.4350000000        -0.6652659001         1.9135333468         1.3485334443
        0.4400000000        -0.4172266927         2.0358456014         1.3154290179
        0.4450000000        -0.1507705483         2.1769201117         1.3510799386
        0.4500000000         0.1223408073         2.7463589648         1.3103360292
        0.4550000000         0.3900518781         2.8667305986         1.3485334443
        0.4600000000         0.6405455440         2.9821300436         1.3816378706
        0.4650000000         0.8627646839         3.0879310808         1.4071028140
        0.4700000000         1.0469002514         3.1787909975         1.4376607460
        0.4750000000         1.1848242596         3.2491112954         1.4720384195
        0.4800000000         1.2704485606         3.2938608789         1.5700784514
        0.4850000000         1.2999935848         3.3095095574         1.6108223607
        0.4900000000         1.2721551756         3.2947618340         1.6350140569
        0.4950000000         1.1881621574         3.2508394786         1.6681184833
        0.5000000000         1.0517220927         3.1812148573         1.6630254946
        0.5050000000         0.8688576262         3.0908875452         1.6808509549
        0.5100000000         0.6476406369         2.9854523014         1.6604790003
        0.5150000000         0.3978359348         2.8702683766         1.6961299210
        0.5200000000         0.1304702293         2.7499856149         1.6795777078
        0.5250000000        -0.1426546044         2.1814427189         1.6770312134
        0.5300000000        -0.4094824756         2.0397742318         1.6592057531
        0.5350000000        -0.6582352496         1.9169310423         1.6197350909
        0.5400000000        -0.8779326506         1.8114050779         1.5738981929
        0.5450000000        -1.0588769452         1.7238239446         1.5344275307
        0.5500000000        -1.1930810134         1.6571493656         1.4962301157
        0.5550000000        -1.2746209104         1.6155158916         1.5076893402
        0.5600000000        -1.2998973575         1.6023994378         1.4427537346
        0.5650000000        -1.2677946189         1.6190401415         1.3434404556
        0.5700000000        -1.1797297519         1.6638765187         1.3956435895
        0.5750000000        -1.0395900560         1.7332577336         1.3001500519
        0.5800000000        -0.8535614825         1.8230977764         1.3625391631
        0.5850000000        -0.6298555781         1.9306745906         1.3217952537
        0.5900000000        -0.3783470169         2.0556566895         1.3523531858
        0.5950000000        -0.1101377188         2.1997203193         1.3141557707
        0.6000000000         0.1629332036         2.7644811033         1.3370742198
        0.6050000000         0.4288120393         2.8843734964         1.3663589046
        0.6100000000         0.6757625454         2.9986536870         1.3969168366
        0.6150000000         0.8928840005         3.1025774881         1.4236550271
        0.6200000000         1.0705923769         3.1907239235         1.4529397120
        0.6250000000         1.2010433923         3.2575208584         1.4898638798
        0.6300000000         1.2784787665         3.2981033300         1.5407937665
        0.6350000000         1.2994803999         3.3092368111         1.6388337984
        0.6400000000         1.2631212528         3.2899967414         1.6159153494
        0.6450000000         1.1710062658         3.2419707870         1.6795777078
        0.6500000000         1.0272015161         3.1689136084         1.6693917304
        0.6550000000         0.8380547352         3.0759738141         1.6732114719
        0.6600000000         0.6119151118         2.9687573994         1.6719382248
        0.6650000000         0.3587647474         2.8525368647         1.6821242021
        0.6700000000         0.0897780334         2.5000000000         1.6859439436
        0.6750000000        -0.1831716015         2.1590155801         1.6770312134
        0.6800000000        -0.4480358001         2.0202971710         1.6566592588
        0.6850000000        -0.6931231070         1.9000948116         1.6184618437
        0.6900000000        -0.9076150447         1.7971452248         1.5815376759
        0.6950000000        -1.0820436560         1.7124495788         1.5420670137
        0.7000000000        -1.2087094317         1.6492444694         1.5038695987
        0.7050000000        -1.2820211771         1.6116867512         1.5051428458
        0.7100000000        -1.2987428151         1.6030008972         1.3612659159
        0.7150000000        -1.2581362304         1.6240138113         1.3956435895
        0.7200000000        -1.1619938514         1.6727774411         1.3676321518
        0.7250000000        -1.0145595295         1.7454569754         1.3256149953
        0.7300000000        -0.8223412105         1.8380646814         1.3510799386
        0.7350000000        -0.5938236646         1.9481995420         1.3268882424
        0.7400000000        -0.3390939582         2.0758923350         1.3358009726
        0.7450000000        -0.0693961967         2.5000000000         1.3268882424
        0.7500000000         0.2033648046         2.7825681539         1.3498066914
        0.7550000000         0.4671490148         2.9018928236         1.3498066914
        0.7600000000         0.7103126508         3.0149479713         1.3930970951
        0.7650000000         0.9221221484         3.1168727884         1.4249282743
        0.7700000000         1.0932279570         3.2021799874         1.4593059478
        0.7750000000         1.2160772401         3.2653434291         1.4975033628
        0.7800000000         1.2852472682         3.3016854413         1.5598924740
        0.7850000000         1.2976847849         3.3082827436         1.6375605513
        0.7900000000         1.2528407818         3.2845863528         1.6248280796
        0.7950000000         1.1526947324         3.2325419117         1.6821242021
        0.8000000000         1.0016672156         3.1561686488         1.6706649776
        0.8050000000         0.8064247854         3.0607427515         1.6770312134
        0.8100000000         0.5755857004         2.9518633788         1.6783044606
        0.8150000000         0.3193395026         2.8347070617         1.6872171908
        0.8200000000         0.0489972375         2.5000000000         1.6732114719
        0.8250000000        -0.2235078304         2.1370495788         1.6744847191
        0.8300000000        -0.4861469675         2.0012308929         1.6515662701
        0.8350000000        -0.7273269355         1.8836384127         1.6159153494
        0.8400000000        -0.9364017324         1.7832876205         1.5815376759
        0.8450000000        -1.1041425203         1.7015521439         1.5420670137
        0.8500000000        -1.2231449996         1.6419127068         1.5089625874
        0.8550000000        -1.2881562437         1.6085054153         1.4860441383
        0.8600000000        -1.2963065703         1.6042693127         1.3447137028
        0.8650000000        -1.2472362134         1.6296093204         1.4096493083
        0.8700000000        -1.1431112032         1.6822114120         1.3307079839
        0.8750000000        -0.9885277553         1.7580970415         1.3447137028
        0.8800000000        -0.7903093870         1.8534172429         1.3421672084
        0.8850000000        -0.5572057189         1.9661119595         1.3217952537
        0.8900000000        -0.2995062547         2.0965604784         1.3396207141
        0.8950000000        -0.0285861889         2.5000000000         1.3383474669
        0.9000000000         0.2435957090         2.8006077773         1.3459869499
        0.9050000000         0.5050249706         2.9192739775         1.3714518933
        0.9100000000         0.7441617633         3.0309955623         1.4096493083
        0.9150000000         0.9504502731         3.1307980513         1.4402072403
        0.9200000000         1.1147846531         3.2131412274         1.4771314082
        0.9250000000         1.2299109665         3.2725652507         1.5115090817
        0.9300000000         1.2907473859         3.3046005025         1.5267880477
        0.9350000000         1.2946085116         3.3066491675         1.6541127644
        0.9400000000         1.2413239082         3.2785405996         1.6362873041
        0.9450000000         1.1332456285         3.2225687602         1.6732114719
        0.9500000000         0.9751443905         3.1429987225         1.6923101795
        0.9550000000         0.7739989916         3.0452128623         1.6821242021
        0.9600000000         0.5386882553         2.9347864747         1.6795777078
        0.9650000000         0.2795991081         2.8167924851         1.6859439436
        0.9700000000         0.0081680872         2.5000000000         1.6770312134
        0.9750000000        -0.2636234840         2.1155381262         1.6833974493
        0.9800000000        -0.5237783664         1.9825683537         1.6579325059
        0.9850000000        -0.7608129802         1.8675614273         1.6299210682
        0.9900000000        -0.9642643046         1.7698405703         1.5942701476
        0.9950000000        -1.1251517293         1.6911456445         1.5560727325
        1.0000000000        -1.2363734712         1.6351676177         1.5140555760
        1.0050000000        -1.2930200556         1.6059788163         1.4593059478
        1.0100000000        -1.2925910275         1.6062018433         1.3599926688
        1.0150000000        -1.2351053248         1.6358153530         1.4058295668
        1.0200000000        -1.1231004424         1.6921637951         1.3256149953
        1.0250000000        -0.9615204235         1.7711665396         1.3650856574
        1.0300000000        -0.7574976236         1.8691520374         1.3345277254
        1.0350000000        -0.5200378784         1.9844166275         1.3370742198
        1.0400000000        -0.2596229747         2.1176690192         1.3256149953
        1.0450000000         0.0122520300         2.5000000000         1.3447137028
        1.0500000000         0.2835862138         2.8185873796         1.3396207141
        1.0550000000         0.5424025278         2.9365019407         1.3752716348
        1.0600000000         0.7772764780         3.0467787759         1.4045563196
        1.0650000000         0.9778404182         3.1443343011         1.4414804875
        1.0700000000         1.1352411913         3.2235901010         1.4707651723
        1.0750000000         1.2425309192         3.2791734611         1.5115090817
        1.0800000000         1.2949736919         3.3068430247         1.5331542835
        1.0850000000         1.2902546160         3.3043391797         1.6592057531
        1.0900000000         1.2285819977         3.2718704761         1.6350140569
        1.0950000000         1.1126781480         3.2120678740         1.6795777078
        1.1000000000         0.9476592156         3.1294227174         1.6884904379
        1.1050000000         0.7408093543         3.0294024058         1.6770312134
        1.1100000000         0.5012591900         2.9175425046         1.6783044606
        1.1150000000         0.2395827831         2.7988063060         1.6833974493
        1.1200000000        -0.0326691241         2.5000000000         1.6744847191
        1.1250000000        -0.3034789730         2.0944739753         1.6808509549
        1.1300000000        -0.5608928594         1.9643031530         1.6502930229
        1.1350000000        -0.7935481944         1.8518647403         1.6184618437
        1.1400000000        -0.9911752643         1.7568135298         1.5853574174
        1.1450000000        -1.1450505494         1.6812444449         1.5598924740
        1.1500000000        -1.2483817914         1.6290221018         1.5140555760
        1.1550000000        -1.2966078128         1.6041125275         1.4134690498
        1.1600000000        -1.2875998534         1.6087941897         1.3880041065
        1.1650000000        -1.2217555364         1.6426197016         1.3714518933
        1.1700000000        -1.1019813169         1.7026200296         1.3358009726
        1.1750000000        -0.9335641871         1.7846550523         1.3612659159
        1.1800000000        -0.7239383014         1.8852669822         1.3256149953
        1.1850000000        -0.4823568233         2.0031192408         1.3498066914
        1.1900000000        -0.2194834781         2.1392256096         1.3268882424
        1.1950000000         0.0530781576         2.5000000000         1.3421672084
        1.2000000000         0.3232968533         2.8364940771         1.3510799386
        1.2050000000         0.5792447991         2.9535612752         1.3663589046
        1.2100000000         0.8096241146         3.0622796086         1.4032830725
        1.2150000000         1.0042655528         3.1574625789         1.4427537346
        1.2200000000         1.1545773835         3.2335095593         1.4707651723
        1.2250000000         1.2539246440         3.2851561555         1.5025963515
        1.2300000000         1.2979220151         3.3084087683         1.5331542835
        1.2350000000         1.2846273948         3.3013571461         1.6642987418
        1.2400000000         1.2146276252         3.2645879856         1.6299210682
        1.2450000000         1.0910125884         3.2010563547         1.6821242021
        1.2500000000         0.9192388155         3.1154595971         1.6910369323
        1.2550000000         0.7068886276         3.0133293552         1.6770312134
        1.2600000000         0.4633354423         2.9001468645         1.6923101795
        1.2650000000         0.1993300189         2.7807613776         1.6732114719
        1.2700000000        -0.0734740948         2.5000000000         1.6897636851
        1.2750000000        -0.3430349650         2.0738494394         1.6630254946
        1.2800000000        -0.5974538188         1.9464296813         1.6515662701
        1.2850000000        -0.8255002723         1.8365505682         1.6146421022
        1.2900000000        -1.0171080537         1.7442170183         1.5853574174
        1.2950000000        -1.1638193428         1.6718631204         1.5573459797
        1.3000000000        -1.2591581095         1.6234882832         1.5216950590
        1.3050000000        -1.2989159746         1.6029107042         1.4020098253
        1.3100000000        -1.2813379737         1.6120406399         1.4083760611
        1.3150000000        -1.2072000228         1.6500093962         1.3459869499
        1.3200000000        -1.0797746690         1.7135657807         1.3587194216
        1.3250000000        -0.9046866356         1.7985532356         1.3294347368
        1.3300000000        -0.6896645396         1.9017613242         1.3459869499
        1.3350000000        -0.4441997403         2.0222262709         1.3370742198
        1.3400000000        -0.1791273779         2.1612374410         1.3358009726
        1.3450000000         0.0938519034         2.5000000000         1.3332544783
        1.3500000000         0.3626884379         2.8543146652         1.3587194216
        1.3550000000         0.6155154257         2.9704361214         1.3650856574
        1.3600000000         0.8411727500         3.0774797743         1.4071028140
        1.3650000000         1.0296995985         3.1701640080         1.4363874988
        1.3700000000         1.1727741472         3.2428831211         1.4745849138
        1.3750000000         1.2640808965         3.2905024434         1.5089625874
        1.3800000000         1.2995894461         3.3092947639         1.5929969004
        1.3850000000         1.2777324016         3.2977086791         1.6426535399
        1.3900000000         1.1994745618         3.2567060823         1.6439267871
        1.3950000000         1.0682703312         3.1895517901         1.6935834266
        1.4000000000         0.8899112377         3.1011283356         1.6693917304
        1.4050000000         0.6722702872         2.9970113610         1.6821242021
        1.4100000000         0.4249544386         2.8826145299         1.6744847191
        1.4150000000         0.1588805399         2.7626702668         1.6770312134
        1.4200000000        -0.1142065555         2.1974191909         1.6859439436
        1.4250000000        -0.3822524228         2.0536566059         1.6566592588
        1.4300000000        -0.6334251634         1.9289432520         1.6171885966
        1.4350000000        -0.8566376810         1.8216224687         1.5840841702
        1.4400000000        -1.0420370803         1.7320625198         1.5522529910
        1.4450000000        -1.1814395871         1.6630163061         1.5140555760
        1.4500000000        -1.2686917905         1.6185773818         1.5051428458
        1.4550000000        -1.2999422632         1.6023760395         1.4503932177
        1.4600000000        -1.2738115681         1.6159341292         1.3370742198
        1.4650000000        -1.1914531485         1.6579708407         1.4058295668
        1.4700000000        -1.0565024138         1.7249870874         1.2912373217
        1.4750000000        -0.8749162676         1.8128529033         1.3574461744
        1.4800000000        -0.6547101621         1.9186356100         1.3383474669
        1.4850000000        -0.4056042857         2.0417448175         1.3332544783
        1.4900000000        -0.1385945006         2.1837110239         1.3370742198
        1.4950000000         0.1345330288         2.7517985655         1.3217952537
        1.5000000000         0.4017220927         2.8720355904         1.3587194216
        1.5050000000         0.6511786130         2.9871102028         1.3956435895
        1.5100000000         0.8718912495         3.0923607465         1.4236550271
        1.5150000000         1.0541174551         3.1824198625         1.4593059478
        1.5200000000         1.1898135244         3.2516949459         1.4962301157
        1.5250000000         1.2729896538         3.2952025026         1.5204218119
        1.5300000000         1.2999743391         3.3094993281         1.6197350909
        1.5350000000         1.2695764407         3.2934006090         1.6350140569
        1.5400000000         1.1831377619         3.2482386094         1.6528395173
        1.5450000000         1.0444738201         3.1775721797         1.6986764153
        1.5500000000         0.8597054249         3.0864478552         1.6642987418
        1.5550000000         0.6369884971         2.9804657208         1.6859439436
        1.5600000000         0.3861540561         2.8649600625         1.6719382248
        1.5650000000         0.1182742651         2.7445452895         1.6821242021
        1.5700000000        -0.1548263081         2.1746657988         1.6833974493
        1.5750000000        -0.4210926437         2.0338875411         1.6668452361
        1.5800000000        -0.6687713939         1.9118402148         1.6222815852
        1.5850000000        -0.8869296918         1.8070853317         1.5828109231
        1.5900000000        -1.0659377421         1.7203623716         1.5509797439
        1.5950000000        -1.1978938931         1.6547185448         1.5140555760
        1.6000000000        -1.2769734259         1.6142995950         1.5013231043
        1.6050000000        -1.2996856658         1.6025097358         1.3612659159
        1.6100000000        -1.2650280643         1.6204663155         1.4032830725
        1.6150000000        -1.1745304538         1.6664899560         1.3370742198
        1.6200000000        -1.0321875182         1.7368705058         1.3408939613
        1.6250000000        -0.8442824628         1.8275470965         1.3523531858
        1.6300000000        -0.6191096648         1.9358916367         1.3294347368
        1.6350000000        -0.3666085487         2.0616824446         1.3459869499
        1.6400000000        -0.0979248472         2.5000000000         1.3179755122
        1.6450000000         0.1750813863         2.7699114596         1.3459869499
        1.6500000000         0.4403592963         2.8896429260         1.3638124103
        1.6550000000         0.6861991655         3.0035668366         1.4071028140
        1.6600000000         0.9017492976         3.1069038043         1.4363874988
        1.6650000000         1.0774950250         3.1942116378         1.4733116667
        1.6700000000         1.2056786993         3.2599299063         1.5013231043
        1.6750000000         1.2806421240         3.2992476277         1.5255148005
        1.6800000000         1.2990763144         3.3090220720         1.6311943154
        1.6850000000         1.2601675611         3.2884409501         1.6362873041
        1.6900000000         1.1656333478         3.2392002329         1.6515662701
        1.6950000000         1.0196465395         3.1651358608         1.7088623926
        1.7000000000         0.8286511867         3.0714369689         1.6604790003
        1.7050000000         0.6010780764         2.9637093540         1.6910369323
        1.7100000000         0.3469725861         2.8471976224         1.6744847191
        1.7150000000         0.0775512678         2.5000000000         1.6948566738
        1.7200000000        -0.1952932659         2.1523776450         1.6706649776
        1.7250000000        -0.4595172969         2.0145344867         1.6668452361
        1.7300000000        -0.7034576278         1.8951180534         1.6222815852
        1.7350000000        -0.9163464101         1.7929453525         1.5853574174
        1.7400000000        -1.0887864521         1.7091296418         1.5497064967
        1.7450000000        -1.2131660224         1.6469841346         1.5115090817
        1.7500000000        -1.2839948428         1.6106639900         1.5000498572
        1.7550000000        -1.2981464355         1.6033114922         1.3587194216
        1.7600000000        -1.2549961305         1.6256276673         1.4007365781
        1.7650000000        -1.1564486393         1.6755523281         1.3307079839
        1.7700000000        -1.0068539783         1.7492032448         1.3421672084
        1.7750000000        -0.8128154532         1.8426301376         1.3510799386
        1.7800000000        -0.5828981809         1.9535323845         1.3281614896
        1.7850000000        -0.3272510133         2.0820470037         1.3510799386
        1.7900000000        -0.0571585538         2.5000000000         1.3116092764
        1.7950000000         0.2154569597         2.7879855886         1.3548996801
        1.8000000000         0.4785619185         2.9071223532         1.3587194216
        1.8050000000         0.7205425224         3.0197889495         1.4032830725
        1.8100000000         0.9307174279         3.1210900843         1.4325677573
        1.8150000000         1.0998092374         3.2055211228         1.4694919252
        1.8200000000         1.2203540150         3.2675736573         1.5000498572
        1.8250000000         1.2870307550         3.3026302735         1.5344275307
        1.8300000000         1.2968962583         3.3078639030         1.6579325059
        1.8350000000         1.2495150483         3.2828388600         1.6210083381
        1.8400000000         1.1469785944         3.2296063742         1.6757579663
        1.8450000000         0.9938129909         3.1522614352         1.6846706964
        1.8500000000         0.7967791697         3.0561143256         1.6706649776
        1.8550000000         0.5645744641         2.9467587825         1.6884904379
        1.8600000000         0.3074486961         2.8293409842         1.6744847191
        1.8650000000         0.0367517368         2.5000000000         1.6935834266
        1.8700000000        -0.2355674927         2.1305487344         1.6655719889
        1.8750000000        -0.4974884621         1.9955900436         1.6579325059
        1.8800000000        -0.7374496339         1.8787754640         1.6184618437
        1.8850000000        -0.9448588051         1.7792099885         1.5815376759
        1.8900000000        -1.1105606612         1.6983779979         1.5382472722
        1.8950000000        -1.2272409034         1.6398269788         1.5025963515
        1.9000000000        -1.2897491117         1.6076784078         1.4949568685
        1.9050000000        -1.2953260913         1.6047795075         1.3332544783
        1.9100000000        -1.2437256670         1.6314075645         1.4071028140
        1.9150000000        -1.1372255496         1.6851433590         1.3319812311
        1.9200000000        -0.9805267950         1.7619732944         1.3408939613
        1.9250000000        -0.7805462929         1.8580976675         1.3408939613
        1.9300000000        -0.5461114469         1.9715619310         1.3256149953
        1.9350000000        -0.2875705206         2.1028464441         1.3358009726
        1.9400000000        -0.0163358518         2.5000000000         1.3167022651
        1.9450000000         0.2556199030         2.8060085406         1.3485334443
        1.9500000000         0.5162922578         2.9244591458         1.3587194216
        1.9550000000         0.7541747907         3.0357590993         1.3969168366
        1.9600000000         0.9587670526         3.1349006362         1.4262015215
        1.9650000000         1.1210380708         3.2163304739         1.4567594535
        1.9700000000         1.2338249885         3.2746127037         1.4911371270
        1.9750000000         1.2921492421         3.3053440930         1.5649854627
        1.9800000000         1.2934363221         3.3060270201         1.6350140569
        1.9850000000         1.2376294150         3.2766045943         1.6210083381
        1.9900000000         1.1271919115         3.2194731386         1.6910369323
        1.9950000000         0.9669986687         3.1389676973         1.6617522474
