        0.0000000000         0.0000000000         2.5000000000         1.5115090817
        0.0050000000         0.2395827831         2.7988063060         1.5102358345
        0.0100000000         0.4709579767         2.9036374013         1.5115090817
        0.0150000000         0.6861991655         3.0035668366         1.5140555760
        0.0200000000         0.8779326506         3.0952969931         1.5229683062
        0.0250000000         1.0395900560         3.1751208607         1.5127823289
        0.0300000000         1.1656333478         3.2392002329         1.5140555760
        0.0350000000         1.2517445545         3.2840101957         1.5955433947
        0.0400000000         1.2949736919         3.3068430247         1.6783044606
        0.0450000000         1.2938398229         3.3062411613         1.6375605513
        0.0500000000         1.2483817914         3.2822437029         1.7203216171
        0.0550000000         1.1601568916         3.2363796808         1.6872171908
        0.0600000000         1.0321875182         3.1714099516         1.6910369323
        0.0650000000         0.8688576262         3.0908875452         1.7063158983
        0.0700000000         0.6757625454         2.9986536870         1.7177751228
        0.0750000000         0.4595172969         2.8983995389         1.7203216171
        0.0800000000         0.2275299767         2.7933984191         1.7165018756
        0.0850000000        -0.0122520300         2.5000000000         1.7037694040
        0.0900000000        -0.2516143085         2.1219442551         1.6923101795
        0.0950000000        -0.4823568233         2.0031192408         1.6783044606
        0.1000000000        -0.6965748335         1.8984320962         1.6426535399
        0.1050000000        -0.8869296918         1.8070853317         1.6057293721
        0.1100000000        -1.0469002514         1.7296857337         1.5802644287
        0.1150000000        -1.1710062658         1.6682594353         1.5369740250
        0.1200000000        -1.2549961305         1.6256276673         1.4453002290
        0.1250000000        -1.2959925339         1.6044327402         1.4007365781
        0.1300000000        -1.2925910275         1.6062018433         1.3739983876
        0.1350000000        -1.2449081397         1.6308020636         1.3625391631
        0.1400000000        -1.1545773835         1.6764878832         1.3548996801
        0.1450000000        -1.0246932956         1.7405237115         1.3307079839
        0.1500000000        -0.8597054249         1.8201510696         1.3358009726
        0.1550000000        -0.6652659001         1.9135333468         1.3205220066
        0.1600000000        -0.4480358001         2.0202971710         1.3217952537
        0.1650000000        -0.2154569597         2.1414061934         1.3396207141
        0.1700000000         0.0245029716         2.5000000000         1.3243417481
        0.1750000000         0.2636234840         2.8096058792         1.3523531858
        0.1800000000         0.4937128242         2.9140750250         1.3510799386
        0.1850000000         0.7068886276         3.0133293552         1.3956435895
        0.1900000000         0.8958479509         3.1040231297         1.4223817800
        0.1950000000         1.0541174551         3.1824198625         1.4516664648
        0.2000000000         1.1762751682         3.2446909198         1.4924103742
        0.2050000000         1.2581362304         3.2873716139         1.6057293721
        0.2100000000         1.2968962583         3.3078639030         1.6057293721
        0.2150000000         1.2912274168         3.3048550988         1.6515662701
        0.2200000000         1.2413239082         3.2785405996         1.6668452361
        0.2250000000         1.1488953191         3.2305903028         1.6668452361
        0.2300000000         1.0171080537         3.1638678242         1.6935834266
        0.2350000000         0.8504768596         3.0819784298         1.6884904379
        0.2400000000         0.6547101621         2.9887659300         1.7012229096
        0.2450000000         0.4365145062         2.8878877089         1.7037694040
        0.2500000000         0.2033648046         2.7825681539         1.6884904379
        0.2550000000        -0.0367517368         2.5000000000         1.6935834266
        0.2600000000        -0.2756092429         2.1091722574         1.6668452361
        0.2650000000        -0.5050249706         1.9918495729         1.6681184833
        0.2700000000        -0.7171396318         1.8885354998         1.6350140569
        0.2750000000        -0.9046866356         1.7985532356         1.5980898891
        0.2800000000        -1.0612410259         1.7226654355         1.5675319570
        0.2850000000        -1.1814395871         1.6630163061         1.5318810364
        0.2900000000        -1.2611645754         1.6224559278         1.4274747686
        0.2950000000        -1.2976847849         1.6035518784         1.4071028140
        0.3000000000        -1.2897491117         1.6076784078         1.3650856574
        0.3050000000        -1.2376294150         1.6345258787         1.3676321518
        0.3100000000        -1.1431112032         1.6822114120         1.3345277254
        0.3150000000        -1.0094324665         1.7479501004         1.3370742198
        0.3200000000        -0.8411727500         1.8290379848         1.3268882424
        0.3250000000        -0.6440962690         1.9237722218         1.3268882424
        0.3300000000        -0.4249544386         2.0319336407         1.3167022651
        0.3350000000        -0.1912545854         2.1545856884         1.3319812311
        0.3400000000         0.0489972375         2.5000000000         1.3268882424
        0.3450000000         0.2875705206         2.8203815453         1.3459869499
        0.3500000000         0.5162922578         2.9244591458         1.3536264329
        0.3550000000         0.7273269355         3.0230037008         1.3841843649
        0.3600000000         0.9134449607         3.1126221895         1.4172887913
        0.3650000000         1.0682703312         3.1895517901         1.4491199705
        0.3700000000         1.1864990636         3.2499782569         1.4911371270
        0.3750000000         1.2640808965         3.2905024434         1.6070026192
        0.3800000000         1.2983580436         3.3086404197         1.5955433947
        0.3850000000         1.2881562437         3.3032267251         1.6541127644
        0.3900000000         1.2338249885         3.2746127037         1.6655719889
        0.3950000000         1.1372255496         3.2246061472         1.6681184833
        0.4000000000         1.0016672156         3.1561686488         1.6783044606
        0.4050000000         0.8317939226         3.0729523928         1.6833974493
        0.4100000000         0.6334251634         2.9787992910         1.7037694040
        0.4150000000         0.4133566240         2.8773303617         1.6910369323
        0.4200000000         0.1791273779         2.7717208198         1.6859439436
        0.4250000000        -0.0612383859         2.5000000000         1.6833974493
        0.4300000000        -0.2995062547         2.0965604784         1.6706649776
        0.4350000000        -0.5275136850         1.9807240526         1.6477465286
        0.4400000000        -0.7374496339         1.8787754640         1.6133688551
        0.4450000000        -0.9221221484         1.7901656503         1.5891771589
        0.4500000000        -1.0752047466         1.7158124361         1.5522529910
        0.4550000000        -1.1914531485         1.6579708407         1.5166020704
        0.4600000000        -1.2668849346         1.6195092236         1.4834976440
        0.4650000000        -1.2989159746         1.6029107042         1.3447137028
        0.4700000000        -1.2864489542         1.6093913585         1.4211085328
        0.4750000000        -1.2299109665         1.6384660052         1.3217952537
        0.4800000000        -1.1312388811         1.6881215677         1.3561729273
        0.4850000000        -0.9938129909         1.7555343226         1.3230685009
        0.4900000000        -0.8223412105         1.8380646814         1.3383474669
        0.4950000000        -0.6226977934         1.9341487797         1.3167022651
        0.5000000000        -0.4017220927         2.0437195936         1.3230685009
        0.5050000000        -0.1669842593         2.1679307574         1.3167022651
        0.5100000000         0.0734740948         2.5000000000         1.3370742198
        0.5150000000         0.3114153849         2.8311305020         1.3307079839
        0.5200000000         0.5386882553         2.9347864747         1.3574461744
        0.5250000000         0.7475068277         3.0325860753         1.3880041065
        0.5300000000         0.9307174279         3.1210900843         1.4160155441
        0.5350000000         1.0820436560         3.1965126948         1.4516664648
        0.5400000000         1.1963014016         3.2550589754         1.4860441383
        0.5450000000         1.2695764407         3.2934006090         1.6019096306
        0.5500000000         1.2993585285         3.3091720440         1.6070026192
        0.5550000000         1.2846273948         3.3013571461         1.6464732814
        0.5600000000         1.2258876967         3.2704625661         1.6630254946
        0.5650000000         1.1251517293         3.2184307880         1.6732114719
        0.5700000000         0.9858704899         3.1483164826         1.6872171908
        0.5750000000         0.8128154532         3.0638134591         1.6795777078
        0.5800000000         0.6119151118         2.9687573994         1.7024961568
        0.5850000000         0.3900518781         2.8667305986         1.6935834266
        0.5900000000         0.1548263081         2.7608590918         1.6948566738
        0.5950000000        -0.0857032773         2.5000000000         1.6783044606
        0.6000000000        -0.3232968533         2.0841072472         1.6744847191
        0.6050000000        -0.5498149762         1.9697413431         1.6541127644
        0.6100000000        -0.7574976236         1.8691520374         1.6120956079
        0.6150000000        -0.9392300357         1.7819242933         1.5789911816
        0.6200000000        -1.0887864521         1.7091296418         1.5535262382
        0.6250000000        -1.2010433923         1.6531261432         1.5178753175
        0.6300000000        -1.2721551756         1.6167897592         1.4733116667
        0.6350000000        -1.2996856658         1.6025097358         1.3612659159
        0.6400000000        -1.2826917275         1.6113393417         1.4020098253
        0.6450000000        -1.2217555364         1.6426197016         1.3230685009
        0.6500000000        -1.1189646351         1.6942151968         1.3561729273
        0.6550000000        -0.9778404182         1.7632739153         1.3268882424
        0.6600000000        -0.8032174970         1.8472301887         1.3307079839
        0.6650000000        -0.6010780764         1.9446636902         1.3268882424
        0.6700000000        -0.3783470169         2.0556566895         1.3065162877
        0.6750000000        -0.1426546044         2.1814427189         1.3358009726
        0.6800000000         0.0979248472         2.5000000000         1.3154290179
        0.6850000000         0.3351496047         2.8418499047         1.3472601971
        0.6900000000         0.5608928594         2.9450536679         1.3638124103
        0.6950000000         0.7674211342         3.0420726369         1.3930970951
        0.7000000000         0.9476592156         3.1294227174         1.4274747686
        0.7050000000         1.0954325358         3.2032986714         1.4580327007
        0.7100000000         1.2056786993         3.2599299063         1.4962301157
        0.7150000000         1.2746209104         3.2960641807         1.5866306646
        0.7200000000         1.2998973575         3.3094584122         1.6273745739
        0.7250000000         1.2806421240         3.2992476277         1.6388337984
        0.7300000000         1.2175148528         3.2660928644         1.6833974493
        0.7350000000         1.1126781480         3.2120678740         1.6642987418
        0.7400000000         0.9697234891         3.1403154016         1.7012229096
        0.7450000000         0.7935481944         3.0545656266         1.6783044606
        0.7500000000         0.5901876497         2.9586438329         1.7075891455
        0.7550000000         0.3666085487         2.8560914693         1.6923101795
        0.7600000000         0.1304702293         2.7499856149         1.6923101795
        0.7650000000        -0.1101377188         2.1997203193         1.6884904379
        0.7700000000        -0.3469725861         2.0718108609         1.6541127644
        0.7750000000        -0.5719209208         1.9589002121         1.6120956079
        0.7800000000        -0.7772764780         1.8596654394         1.5815376759
        0.7850000000        -0.9560042190         1.7738310360         1.5407937665
        0.7900000000        -1.1019813169         1.7026200296         1.5064160930
        0.7950000000        -1.2102069111         1.6484852743         1.5076893402
        0.8000000000        -1.2769734259         1.6142995950         1.5089625874
        0.8050000000        -1.2999935848         1.6023492978         1.3689053989
        0.8100000000        -1.2784787665         1.6135208303         1.3510799386
        0.8150000000        -1.2131660224         1.6469841346         1.3739983876
        0.8200000000        -1.1062928263         1.7004891672         1.2746851086
        0.8250000000        -0.9615204235         1.7711665396         1.3434404556
        0.8300000000        -0.7838084042         1.8565337091         1.3408939613
        0.8350000000        -0.5792447991         1.9553177670         1.3217952537
        0.8400000000        -0.3548375162         2.0677466230         1.3154290179
        0.8450000000        -0.1182742651         2.1951227656         1.3039697934
        0.8500000000         0.1223408073         2.7463589648         1.3319812311
        0.8550000000         0.3587647474         2.8525368647         1.3434404556
        0.8600000000         0.5828981809         2.9552573271         1.3778181291
        0.8650000000         0.7870627796         3.0514595026         1.4134690498
        0.8700000000         0.9642643046         3.1376159889         1.4453002290
        0.8750000000         1.1084322137         3.2099058646         1.4834976440
        0.8800000000         1.2146276252         3.2645879856         1.5331542835
        0.8850000000         1.2792125133         3.2984913766         1.6235548324
        0.8900000000         1.2999743391         3.3094993281         1.6184618437
        0.8950000000         1.2762018471         3.2968995937         1.6515662701
        0.9000000000         1.2087094317         3.2615063978         1.6642987418
        0.9050000000         1.0998092374         3.2055211228         1.6833974493
        0.9100000000         0.9532319501         3.1321694951         1.6833974493
        0.9150000000         0.7739989916         3.0452128623         1.7024961568
        0.9200000000         0.5682504966         2.9484621164         1.6910369323
        0.9250000000         0.3430349650         2.8454159734         1.6974031681
        0.9300000000         0.1060677950         2.7391030066         1.6910369323
        0.9350000000        -0.1345330288         2.1859840034         1.6846706964
        0.9400000000        -0.3705250412         2.0596696009         1.6732114719
        0.9450000000        -0.5938236646         1.9481995420         1.6235548324
        0.9500000000        -0.7967791697         1.8503160617         1.5802644287
        0.9550000000        -0.9724387386         1.7658878983         1.5420670137
        0.9600000000        -1.1147846531         1.6962866362         1.5076893402
        0.9650000000        -1.2189404491         1.6440512398         1.5013231043
        0.9700000000        -1.2813379737         1.6120406399         1.4682186780
        0.9750000000        -1.2998396222         1.6024295204         1.3370742198
        0.9800000000        -1.2738115681         1.6159341292         1.4032830725
        0.9850000000        -1.2041454763         1.6515563896         1.2963303104
        0.9900000000        -1.0932279570         1.7069403798         1.3561729273
        0.9950000000        -0.9448588051         1.7792099885         1.3268882424
        1.0000000000        -0.7641208280         1.8659746191         1.3256149953
        1.0050000000        -0.5572057189         1.9661119595         1.3167022651
        1.0100000000        -0.3312019434         2.0799911092         1.2963303104
        1.0150000000        -0.0938519034         2.5000000000         1.3370742198
        1.0200000000         0.1467133003         2.7572357752         1.3217952537
        1.0250000000         0.3822524228         2.8631884471         1.3561729273
        1.0300000000         0.6046964015         2.9653939993         1.3867308593
        1.0350000000         0.8064247854         3.0607427515         1.4236550271
        1.0400000000         0.9805267950         3.1456658000         1.4554862063
        1.0450000000         1.1210380708         3.2163304739         1.4885906327
        1.0500000000         1.2231449996         3.2690302591         1.5242415534
        1.0550000000         1.2833496182         3.3006805662         1.5611657212
        1.0600000000         1.2995894461         3.3092947639         1.6668452361
        1.0650000000         1.2713081418         3.2943146233         1.6248280796
        1.0700000000         1.1994745618         3.2567060823         1.7024961568
        1.0750000000         1.0865495698         3.1987943149         1.6770312134
        1.0800000000         0.9364017324         3.1238828602         1.6948566738
        1.0850000000         0.7541747907         3.0357590993         1.6859439436
        1.0900000000         0.5461114469         2.9382157209         1.7037694040
        1.0950000000         0.3193395026         2.8347070617         1.6948566738
        1.1000000000         0.0816276754         2.5000000000         1.6974031681
        1.1050000000        -0.1588805399         2.1724161393         1.6884904379
        1.1100000000        -0.3939458505         2.0476817488         1.6604790003
        1.1150000000        -0.6155154257         1.9376383400         1.6273745739
        1.1200000000        -0.8159987697         1.8411044700         1.5917236532
        1.1250000000        -0.9885277553         1.7580970415         1.5547994854
        1.1300000000        -1.1271919115         1.6901325468         1.5127823289
        1.1350000000        -1.2272409034         1.6398269788         1.4987766100
        1.1400000000        -1.2852472682         1.6100146434         1.4274747686
        1.1450000000        -1.2992238329         1.6027503385         1.3689053989
        1.1500000000        -1.2686917905         1.6185773818         1.3867308593
        1.1550000000        -1.1946971031         1.6563334818         1.3205220066
        1.1600000000        -1.0797746690         1.7135657807         1.3434404556
        1.1650000000        -0.9278614830         1.7874021944         1.3192487594
        1.1700000000        -0.7441617633         1.8755524690         1.3281614896
        1.1750000000        -0.5349686662         1.9770473447         1.3116092764
        1.1800000000        -0.3074486961         2.0923918685         1.3256149953
        1.1850000000        -0.0693961967         2.5000000000         1.3179755122
        1.1900000000         0.1710336668         2.7681017119         1.3396207141
        1.1950000000         0.4056042857         2.8738016686         1.3561729273
        1.2000000000         0.6262797763         2.9754601774         1.3969168366
        1.2050000000         0.8255002723         3.0699184276         1.4236550271
        1.2100000000         0.9964409089         3.1535680581         1.4593059478
        1.2150000000         1.1332456285         3.2225687602         1.4949568685
        1.2200000000         1.2312277965         3.2732538883         1.5293345420
        1.2250000000         1.2870307550         3.3026302735         1.6031828777
        1.2300000000         1.2987428151         3.3088448595         1.6375605513
        1.2350000000         1.2659627467         3.2914944484         1.6452000343
        1.2400000000         1.1898135244         3.2516949459         1.6935834266
        1.2450000000         1.0729038563         3.1918912880         1.6821242021
        1.2500000000         0.9192388155         3.1154595971         1.6910369323
        1.2550000000         0.7340826351         3.0262082335         1.6948566738
        1.2600000000         0.5237783664         2.9279080629         1.6935834266
        1.2650000000         0.2955305803         2.8239676382         1.7088623926
        1.2700000000         0.0571585538         2.5000000000         1.6859439436
        1.2750000000        -0.1831716015         2.1590155801         1.6897636851
        1.2800000000        -0.4172266927         2.0358456014         1.6604790003
        1.2850000000        -0.6369884971         1.9272157463         1.6311943154
        1.2900000000        -0.8349284491         1.8320314039         1.5993631362
        1.2950000000        -1.0042655528         1.7504607615         1.5611657212
        1.3000000000        -1.1391986841         1.6841608836         1.5191485647
        1.3050000000        -1.2351053248         1.6358153530         1.4975033628
        1.3100000000        -1.2886999204         1.6082231894         1.4007365781
        1.3150000000        -1.2981464355         1.6033114922         1.3854576121
        1.3200000000        -1.2631212528         1.6214485774         1.3829111178
        1.3250000000        -1.1848242596         1.6613123676         1.3256149953
        1.3300000000        -1.0659377421         1.7203623716         1.3447137028
        1.3350000000        -0.9105344960         1.7957412355         1.3217952537
        1.3400000000        -0.7239383014         1.8852669822         1.3217952537
        1.3450000000        -0.5125415416         1.9881251178         1.3116092764
        1.3500000000        -0.2835862138         2.1049506107         1.3256149953
        1.3550000000        -0.0449158338         2.5000000000         1.3154290179
        1.3600000000         0.1952932659         2.7789541397         1.3370742198
        1.3650000000         0.4288120393         2.8843734964         1.3459869499
        1.3700000000         0.6476406369         2.9854523014         1.3854576121
        1.3750000000         0.8442824628         3.0789825428         1.4121958026
        1.3800000000         1.0120009920         3.1613186823         1.4529397120
        1.3850000000         1.1450505494         3.2286170513         1.4936836213
        1.3900000000         1.2388731440         3.2772561546         1.5344275307
        1.3950000000         1.2902546160         3.3043391797         1.6324675626
        1.4000000000         1.2974347470         3.3081499228         1.6159153494
        1.4050000000         1.2601675611         3.2884409501         1.6732114719
        1.4100000000         1.1797297519         3.2464761233         1.6783044606
        1.4150000000         1.0588769452         3.1848159313         1.6846706964
        1.4200000000         0.9017492976         3.1069038043         1.6859439436
        1.4250000000         0.7137296634         3.0165641207         1.6935834266
        1.4300000000         0.5012591900         2.9175425046         1.6923101795
        1.4350000000         0.2716166575         2.8132005618         1.7037694040
        1.4400000000         0.0326691241         2.5000000000         1.6846706964
        1.4450000000        -0.2073975831         2.1457810473         1.6821242021
        1.4500000000        -0.4403592963         2.0241594856         1.6566592588
        1.4550000000        -0.6582352496         1.9169310423         1.6261013267
        1.4600000000        -0.8535614825         1.8230977764         1.5929969004
        1.4650000000        -1.0196465395         1.7429814806         1.5662587099
        1.4700000000        -1.1508007047         1.6783747946         1.5280612949
        1.4750000000        -1.2425309192         1.6320191356         1.4720384195
        1.4800000000        -1.2916947037         1.6066676901         1.3714518933
        1.4850000000        -1.2966078128         1.6041125275         1.4134690498
        1.4900000000        -1.2571019341         1.6245455586         1.3345277254
        1.4950000000        -1.1745304538         1.6664899560         1.3574461744
        1.5000000000        -1.0517220927         1.7273272217         1.3307079839
        1.5050000000        -0.8928840005         1.8042253424         1.3256149953
        1.5100000000        -0.7034576278         1.8951180534         1.3116092764
        1.5150000000        -0.4899323135         1.9993465819         1.3243417481
        1.5200000000        -0.2596229747         2.1176690192         1.3128825236
        1.5250000000        -0.0204195125         2.5000000000         1.3319812311
        1.5300000000         0.2194834781         2.7897903937         1.3243417481
        1.5350000000         0.4518674381         2.8949008466         1.3510799386
        1.5400000000         0.6687713939         2.9953667588         1.3790913763
        1.5450000000         0.8627646839         3.0879310808         1.4274747686
        1.5500000000         1.0272015161         3.1689136084         1.4605791950
        1.5550000000         1.1564486393         3.2344717475         1.4936836213
        1.5600000000         1.2460783257         3.2810344643         1.5216950590
        1.5650000000         1.2930200556         3.3058061255         1.6286478211
        1.5700000000         1.2956657064         3.3072104292         1.6248280796
        1.5750000000         1.2539246440         3.2851561555         1.6579325059
        1.5800000000         1.1692268270         3.2410528506         1.6935834266
        1.5850000000         1.0444738201         3.1775721797         1.6795777078
        1.5900000000         0.8839393923         3.0982195731         1.6910369323
        1.5950000000         0.6931231070         3.0068305739         1.6897636851
        1.6000000000         0.4785619185         2.9071223532         1.7075891455
        1.6050000000         0.2476062306         2.8024086487         1.6923101795
        1.6100000000         0.0081680872         2.5000000000         1.6974031681
        1.6150000000        -0.2315498773         2.1327111482         1.6744847191
        1.6200000000        -0.4633354423         2.0126217729         1.6566592588
        1.6250000000        -0.6792481341         1.9067836578         1.6222815852
        1.6300000000        -0.8718912495         1.8143046728         1.5904504061
        1.6350000000        -1.0346652507         1.7356617392         1.5611657212
        1.6400000000        -1.1619938514         1.6727774411         1.5318810364
        1.6450000000        -1.2495150483         1.6284410010         1.4809511497
        1.6500000000        -1.2942305540         1.6053493802         1.3752716348
        1.6550000000        -1.2946085116         1.6051527986         1.3969168366
        1.6600000000        -1.2506359731         1.6278660295         1.3319812311
        1.6650000000        -1.1638193428         1.6718631204         1.3561729273
        1.6700000000        -1.0371327714         1.7344574776         1.3141557707
        1.6750000000        -0.8749162676         1.8128529033         1.3383474669
        1.6800000000        -0.6827270189         1.9051057460         1.3167022651
        1.6850000000        -0.4671490148         2.0107131376         1.3167022651
        1.6900000000        -0.2355674927         2.1305487344         1.3243417481
        1.6950000000         0.0040840637         2.5000000000         1.3179755122
        1.7000000000         0.2435957090         2.8006077773         1.3396207141
        1.7050000000         0.4747622905         2.9053805828         1.3612659159
        1.7100000000         0.6896645396         3.0051998863         1.3918238480
        1.7150000000         0.8809403687         3.0967600008         1.4249282743
        1.7200000000         1.0420370803         3.1763487946         1.4567594535
        1.7250000000         1.1674358485         3.2401293273         1.4885906327
        1.7300000000         1.2528407818         3.2845863528         1.5471600024
        1.7350000000         1.2953260913         3.3070301131         1.6362873041
        1.7400000000         1.2934363221         3.3060270201         1.6095491136
        1.7450000000         1.2472362134         3.2816422340         1.6846706964
        1.7500000000         1.1583084814         3.2354284600         1.6668452361
        1.7550000000         1.0296995985         3.1701640080         1.6884904379
        1.7600000000         0.8658154277         3.0894109837         1.6859439436
        1.7650000000         0.6722702872         2.9970113610         1.6923101795
        1.7700000000         0.4556946162         2.8966508613         1.7037694040
        1.7750000000         0.2235078304         2.7915946748         1.7012229096
        1.7800000000        -0.0163358518         2.5000000000         1.6846706964
        1.7850000000        -0.2556199030         2.1198043930         1.6859439436
        1.7900000000        -0.4861469675         2.0012308929         1.6528395173
        1.7950000000        -0.7000196851         1.8967731771         1.6184618437
        1.8000000000        -0.8899112377         1.8056533483         1.5904504061
        1.8050000000        -1.0493163502         1.7285041870         1.5535262382
        1.8100000000        -1.1727741472         1.6673719866         1.5242415534
        1.8150000000        -1.2560552307         1.6250835143         1.5000498572
        1.8200000000        -1.2963065703         1.6042693127         1.3892773536
        1.8250000000        -1.2921492421         1.6064314696         1.3765448819
        1.8300000000        -1.2437256670         1.6314075645         1.3701786461
        1.8350000000        -1.1526947324         1.6774287102         1.3052430406
        1.8400000000        -1.0221749618         1.7417503743         1.3510799386
        1.8450000000        -0.8566376810         1.8216224687         1.3205220066
        1.8500000000        -0.6617538405         1.9152302886         1.3319812311
        1.8550000000        -0.4441997403         2.0222262709         1.3116092764
        1.8600000000        -0.2114283148         2.1435913370         1.3179755122
        1.8650000000         0.0285861889         2.5000000000         1.3217952537
        1.8700000000         0.2676213914         2.8114035589         1.3358009726
        1.8750000000         0.4974884621         2.9158095154         1.3548996801
        1.8800000000         0.7103126508         3.0149479713         1.3930970951
        1.8850000000         0.8988030596         3.1054652414         1.4198352856
        1.8900000000         1.0565024138         3.1836202266         1.4554862063
        1.8950000000         1.1780082733         3.2455863536         1.4847708912
        1.9000000000         1.2591581095         3.2879094897         1.5598924740
        1.9050000000         1.2971719039         3.3080103084         1.6299210682
        1.9100000000         1.2907473859         3.3046005025         1.6210083381
        1.9150000000         1.2401046457         3.2779014936         1.6821242021
        1.9200000000         1.1469785944         3.2296063742         1.6668452361
        1.9250000000         1.0145595295         3.1625954251         1.6821242021
        1.9300000000         0.8473838429         3.0804821008         1.6935834266
        1.9350000000         0.6511786130         2.9871102028         1.6935834266
        1.9400000000         0.4326654079         2.8861312276         1.6999496625
        1.9450000000         0.1993300189         2.7807613776         1.6986764153
        1.9500000000        -0.0408339868         2.5000000000         1.6833974493
        1.9550000000        -0.2795991081         2.1070592126         1.6808509549
        1.9600000000        -0.5087857669         1.9899853466         1.6579325059
        1.9650000000        -0.7205425224         1.8868993446         1.6197350909
        1.9700000000        -0.9076150447         1.7971452248         1.5777179344
        1.9750000000        -1.0635946327         1.7215115734         1.5420670137
        1.9800000000        -1.1831377619         1.6621615842         1.5102358345
        1.9850000000        -1.2621491426         1.6219491217         1.5025963515
        1.9900000000        -1.2979220151         1.6034283547         1.3587194216
        1.9950000000        -1.2892308781         1.6079475182         1.4020098253
