      -60.0000000000         1.6689802874 
      -54.0000000000         1.7428254361 
      -48.0000000000         1.8434076214 
      -42.0000000000         1.9274383078 
      -36.0000000000         2.0114689942 
      -30.0000000000         2.0967728729 
      -24.0000000000         2.1769839826 
      -18.0000000000         2.2508291313 
      -12.0000000000         2.3399525866 
       -6.0000000000         2.4252564652 
        0.0000000000         2.5000000000
        6.0000000000         2.5844054925 
       12.0000000000         2.6849876778 
       18.0000000000         2.7690183642 
       24.0000000000         2.8555954351 
       30.0000000000         2.9307137760 
       36.0000000000         3.0262031923 
       42.0000000000         3.1102338788 
       48.0000000000         3.1929913730 
       54.0000000000         3.3024859038 
       60.0000000000         3.3763310524 