      -60.0000000000         1.6473360197 
      -54.0000000000         0.0000000000 
      -48.0000000000         0.0000000000 
      -42.0000000000         0.0000000000 
      -36.0000000000         0.0000000000 
      -30.0000000000         0.0000000000 
      -24.0000000000         0.0000000000 
      -18.0000000000         0.0000000000 
      -12.0000000000         0.0000000000 
       -6.0000000000         0.0000000000 
        0.0000000000         0.0000000000 
        6.0000000000         0.0000000000 
       12.0000000000         0.0000000000 
       18.0000000000         0.0000000000 
       24.0000000000         0.0000000000 
       30.0000000000         0.0000000000 
       36.0000000000         0.0000000000 
       42.0000000000         0.0000000000 
       48.0000000000         0.0000000000 
       54.0000000000         0.0000000000 
       60.0000000000         0.0000000000 
